[ 50%] [32mBuilding CXX object CMakeFiles/ransac_speedbump_node.dir/src/ransac_speedbump_node.cpp.o[0m
[01m[K/home/rasd/ros2_ws/src/rasd_ransac_speedbump/src/ransac_speedbump_node.cpp:[m[K In member function ‘[01m[Kbool GroundPlaneSpeedbumpNode::robustFitGroundPlane(const pcl::PointCloud<pcl::PointXYZI>&, double&, double&, double&)[m[K’:
[01m[K/home/rasd/ros2_ws/src/rasd_ransac_speedbump/src/ransac_speedbump_node.cpp:246:28:[m[K [01;35m[Kwarning: [m[Kcomparison of integer expressions of different signedness: ‘[01m[Kstd::vector<Eigen::Matrix<double, 3, 1> >::size_type[m[K’ {aka ‘[01m[Klong unsigned int[m[K’} and ‘[01m[Kint[m[K’ [[01;35m[K]8;;https://gcc.gnu.org/onlinedocs/gcc/Warning-Options.html#index-Wsign-compare-Wsign-compare]8;;[m[K]
  246 |         if ([01;35m[Kinliers.size() < plane_fit_min_points_/2[m[K)
      |             [01;35m[K~~~~~~~~~~~~~~~^~~~~~~~~~~~~~~~~~~~~~~~~[m[K
[01m[K/home/rasd/ros2_ws/src/rasd_ransac_speedbump/src/ransac_speedbump_node.cpp:[m[K In member function ‘[01m[Kstd::vector<GroundPlaneSpeedbumpNode::Bump> GroundPlaneSpeedbumpNode::applyTemporalFilter(const std::vector<GroundPlaneSpeedbumpNode::Bump>&)[m[K’:
[01m[K/home/rasd/ros2_ws/src/rasd_ransac_speedbump/src/ransac_speedbump_node.cpp:615:22:[m[K [01;35m[Kwarning: [m[Kvariable ‘[01m[Kfound[m[K’ set but not used [[01;35m[K]8;;https://gcc.gnu.org/onlinedocs/gcc/Warning-Options.html#index-Wunused-but-set-variable-Wunused-but-set-variable]8;;[m[K]
  615 |                 bool [01;35m[Kfound[m[K = false;
      |                      [01;35m[K^~~~~[m[K
[100%] [32m[1mLinking CXX executable ransac_speedbump_node[0m
[100%] Built target ransac_speedbump_node
-- Install configuration: ""
-- Execute custom install script
-- Symlinking: /home/rasd/ros2_ws/install/rasd_ransac_speedbump/lib/rasd_ransac_speedbump/ransac_speedbump_node
-- Symlinking: /home/rasd/ros2_ws/install/rasd_ransac_speedbump/share/ament_index/resource_index/package_run_dependencies/rasd_ransac_speedbump
-- Symlinking: /home/rasd/ros2_ws/install/rasd_ransac_speedbump/share/ament_index/resource_index/parent_prefix_path/rasd_ransac_speedbump
-- Symlinking: /home/rasd/ros2_ws/install/rasd_ransac_speedbump/share/rasd_ransac_speedbump/environment/ament_prefix_path.sh
-- Symlinking: /home/rasd/ros2_ws/install/rasd_ransac_speedbump/share/rasd_ransac_speedbump/environment/ament_prefix_path.dsv
-- Symlinking: /home/rasd/ros2_ws/install/rasd_ransac_speedbump/share/rasd_ransac_speedbump/environment/path.sh
-- Symlinking: /home/rasd/ros2_ws/install/rasd_ransac_speedbump/share/rasd_ransac_speedbump/environment/path.dsv
-- Symlinking: /home/rasd/ros2_ws/install/rasd_ransac_speedbump/share/rasd_ransac_speedbump/local_setup.bash
-- Symlinking: /home/rasd/ros2_ws/install/rasd_ransac_speedbump/share/rasd_ransac_speedbump/local_setup.sh
-- Symlinking: /home/rasd/ros2_ws/install/rasd_ransac_speedbump/share/rasd_ransac_speedbump/local_setup.zsh
-- Symlinking: /home/rasd/ros2_ws/install/rasd_ransac_speedbump/share/rasd_ransac_speedbump/local_setup.dsv
-- Symlinking: /home/rasd/ros2_ws/install/rasd_ransac_speedbump/share/rasd_ransac_speedbump/package.dsv
-- Symlinking: /home/rasd/ros2_ws/install/rasd_ransac_speedbump/share/ament_index/resource_index/packages/rasd_ransac_speedbump
-- Symlinking: /home/rasd/ros2_ws/install/rasd_ransac_speedbump/share/rasd_ransac_speedbump/cmake/ament_cmake_export_include_directories-extras.cmake
-- Symlinking: /home/rasd/ros2_ws/install/rasd_ransac_speedbump/share/rasd_ransac_speedbump/cmake/rasd_ransac_speedbumpConfig.cmake
-- Symlinking: /home/rasd/ros2_ws/install/rasd_ransac_speedbump/share/rasd_ransac_speedbump/cmake/rasd_ransac_speedbumpConfig-version.cmake
-- Symlinking: /home/rasd/ros2_ws/install/rasd_ransac_speedbump/share/rasd_ransac_speedbump/package.xml
