[0.284s] DEBUG:colcon:Command line arguments: ['/usr/bin/colcon', 'build', '--packages-select', 'rasd_elev_profile', '--symlink-install']
[0.285s] DEBUG:colcon:Parsed command line arguments: Namespace(log_base=None, log_level=None, verb_name='build', build_base='build', install_base='install', merge_install=False, symlink_install=True, test_result_base=None, continue_on_error=False, executor='parallel', parallel_workers=6, event_handlers=None, ignore_user_meta=False, metas=['./colcon.meta'], base_paths=['.'], packages_ignore=None, packages_ignore_regex=None, paths=None, packages_up_to=None, packages_up_to_regex=None, packages_above=None, packages_above_and_dependencies=None, packages_above_depth=None, packages_select_by_dep=None, packages_skip_by_dep=None, packages_skip_up_to=None, packages_select_build_failed=False, packages_skip_build_finished=False, packages_select_test_failures=False, packages_skip_test_passed=False, packages_select=['rasd_elev_profile'], packages_skip=None, packages_select_regex=None, packages_skip_regex=None, packages_start=None, packages_end=None, allow_overriding=[], cmake_args=None, cmake_target=None, cmake_target_skip_unavailable=False, cmake_clean_cache=False, cmake_clean_first=False, cmake_force_configure=False, ament_cmake_args=None, catkin_cmake_args=None, catkin_skip_building_tests=False, verb_parser=<colcon_defaults.argument_parser.defaults.DefaultArgumentsDecorator object at 0xffffad022350>, verb_extension=<colcon_core.verb.build.BuildVerb object at 0xffffad021db0>, main=<bound method BuildVerb.main of <colcon_core.verb.build.BuildVerb object at 0xffffad021db0>>)
[0.730s] Level 1:colcon.colcon_core.package_discovery:discover_packages(colcon_meta) check parameters
[0.731s] Level 1:colcon.colcon_core.package_discovery:discover_packages(recursive) check parameters
[0.731s] Level 1:colcon.colcon_core.package_discovery:discover_packages(ignore) check parameters
[0.731s] Level 1:colcon.colcon_core.package_discovery:discover_packages(path) check parameters
[0.731s] Level 1:colcon.colcon_core.package_discovery:discover_packages(colcon_meta) discover
[0.731s] Level 1:colcon.colcon_core.package_discovery:discover_packages(recursive) discover
[0.731s] INFO:colcon.colcon_core.package_discovery:Crawling recursively for packages in '/home/rasd/ros2_ws/src'
[0.732s] Level 1:colcon.colcon_core.package_identification:_identify(.) by extensions ['ignore', 'ignore_ament_install']
[0.732s] Level 1:colcon.colcon_core.package_identification:_identify(.) by extension 'ignore'
[0.732s] Level 1:colcon.colcon_core.package_identification:_identify(.) by extension 'ignore_ament_install'
[0.732s] Level 1:colcon.colcon_core.package_identification:_identify(.) by extensions ['colcon_pkg']
[0.732s] Level 1:colcon.colcon_core.package_identification:_identify(.) by extension 'colcon_pkg'
[0.733s] Level 1:colcon.colcon_core.package_identification:_identify(.) by extensions ['colcon_meta']
[0.733s] Level 1:colcon.colcon_core.package_identification:_identify(.) by extension 'colcon_meta'
[0.733s] Level 1:colcon.colcon_core.package_identification:_identify(.) by extensions ['ros']
[0.733s] Level 1:colcon.colcon_core.package_identification:_identify(.) by extension 'ros'
[0.762s] Level 1:colcon.colcon_core.package_identification:_identify(.) by extensions ['cmake', 'python']
[0.763s] Level 1:colcon.colcon_core.package_identification:_identify(.) by extension 'cmake'
[0.763s] Level 1:colcon.colcon_core.package_identification:_identify(.) by extension 'python'
[0.763s] Level 1:colcon.colcon_core.package_identification:_identify(.) by extensions ['python_setup_py']
[0.763s] Level 1:colcon.colcon_core.package_identification:_identify(.) by extension 'python_setup_py'
[0.764s] Level 1:colcon.colcon_core.package_identification:_identify(Livox-SDK) by extensions ['ignore', 'ignore_ament_install']
[0.764s] Level 1:colcon.colcon_core.package_identification:_identify(Livox-SDK) by extension 'ignore'
[0.764s] Level 1:colcon.colcon_core.package_identification:_identify(Livox-SDK) by extension 'ignore_ament_install'
[0.764s] Level 1:colcon.colcon_core.package_identification:_identify(Livox-SDK) by extensions ['colcon_pkg']
[0.764s] Level 1:colcon.colcon_core.package_identification:_identify(Livox-SDK) by extension 'colcon_pkg'
[0.765s] Level 1:colcon.colcon_core.package_identification:_identify(Livox-SDK) by extensions ['colcon_meta']
[0.765s] Level 1:colcon.colcon_core.package_identification:_identify(Livox-SDK) by extension 'colcon_meta'
[0.765s] Level 1:colcon.colcon_core.package_identification:_identify(Livox-SDK) by extensions ['ros']
[0.765s] Level 1:colcon.colcon_core.package_identification:_identify(Livox-SDK) by extension 'ros'
[0.765s] Level 1:colcon.colcon_core.package_identification:_identify(Livox-SDK) by extensions ['cmake', 'python']
[0.765s] Level 1:colcon.colcon_core.package_identification:_identify(Livox-SDK) by extension 'cmake'
[0.789s] Level 1:colcon.colcon_core.package_identification:_identify(Livox-SDK) by extension 'python'
[0.789s] DEBUG:colcon.colcon_core.package_identification:Package 'Livox-SDK' with type 'cmake' and name 'livox_sdk'
[0.790s] Level 1:colcon.colcon_core.package_identification:_identify(build) by extensions ['ignore', 'ignore_ament_install']
[0.790s] Level 1:colcon.colcon_core.package_identification:_identify(build) by extension 'ignore'
[0.790s] Level 1:colcon.colcon_core.package_identification:_identify(build) ignored
[0.790s] Level 1:colcon.colcon_core.package_identification:_identify(grid_map) by extensions ['ignore', 'ignore_ament_install']
[0.791s] Level 1:colcon.colcon_core.package_identification:_identify(grid_map) by extension 'ignore'
[0.791s] Level 1:colcon.colcon_core.package_identification:_identify(grid_map) by extension 'ignore_ament_install'
[0.791s] Level 1:colcon.colcon_core.package_identification:_identify(grid_map) by extensions ['colcon_pkg']
[0.791s] Level 1:colcon.colcon_core.package_identification:_identify(grid_map) by extension 'colcon_pkg'
[0.791s] Level 1:colcon.colcon_core.package_identification:_identify(grid_map) by extensions ['colcon_meta']
[0.791s] Level 1:colcon.colcon_core.package_identification:_identify(grid_map) by extension 'colcon_meta'
[0.791s] Level 1:colcon.colcon_core.package_identification:_identify(grid_map) by extensions ['ros']
[0.791s] Level 1:colcon.colcon_core.package_identification:_identify(grid_map) by extension 'ros'
[0.792s] Level 1:colcon.colcon_core.package_identification:_identify(grid_map) by extensions ['cmake', 'python']
[0.792s] Level 1:colcon.colcon_core.package_identification:_identify(grid_map) by extension 'cmake'
[0.792s] Level 1:colcon.colcon_core.package_identification:_identify(grid_map) by extension 'python'
[0.792s] Level 1:colcon.colcon_core.package_identification:_identify(grid_map) by extensions ['python_setup_py']
[0.792s] Level 1:colcon.colcon_core.package_identification:_identify(grid_map) by extension 'python_setup_py'
[0.792s] Level 1:colcon.colcon_core.package_identification:_identify(grid_map/grid_map) by extensions ['ignore', 'ignore_ament_install']
[0.792s] Level 1:colcon.colcon_core.package_identification:_identify(grid_map/grid_map) by extension 'ignore'
[0.793s] Level 1:colcon.colcon_core.package_identification:_identify(grid_map/grid_map) by extension 'ignore_ament_install'
[0.793s] Level 1:colcon.colcon_core.package_identification:_identify(grid_map/grid_map) by extensions ['colcon_pkg']
[0.793s] Level 1:colcon.colcon_core.package_identification:_identify(grid_map/grid_map) by extension 'colcon_pkg'
[0.793s] Level 1:colcon.colcon_core.package_identification:_identify(grid_map/grid_map) by extensions ['colcon_meta']
[0.793s] Level 1:colcon.colcon_core.package_identification:_identify(grid_map/grid_map) by extension 'colcon_meta'
[0.793s] Level 1:colcon.colcon_core.package_identification:_identify(grid_map/grid_map) by extensions ['ros']
[0.793s] Level 1:colcon.colcon_core.package_identification:_identify(grid_map/grid_map) by extension 'ros'
[0.800s] DEBUG:colcon.colcon_core.package_identification:Package 'grid_map/grid_map' with type 'ros.ament_cmake' and name 'grid_map'
[0.800s] Level 1:colcon.colcon_core.package_identification:_identify(grid_map/grid_map_cmake_helpers) by extensions ['ignore', 'ignore_ament_install']
[0.801s] Level 1:colcon.colcon_core.package_identification:_identify(grid_map/grid_map_cmake_helpers) by extension 'ignore'
[0.801s] Level 1:colcon.colcon_core.package_identification:_identify(grid_map/grid_map_cmake_helpers) by extension 'ignore_ament_install'
[0.801s] Level 1:colcon.colcon_core.package_identification:_identify(grid_map/grid_map_cmake_helpers) by extensions ['colcon_pkg']
[0.801s] Level 1:colcon.colcon_core.package_identification:_identify(grid_map/grid_map_cmake_helpers) by extension 'colcon_pkg'
[0.801s] Level 1:colcon.colcon_core.package_identification:_identify(grid_map/grid_map_cmake_helpers) by extensions ['colcon_meta']
[0.801s] Level 1:colcon.colcon_core.package_identification:_identify(grid_map/grid_map_cmake_helpers) by extension 'colcon_meta'
[0.801s] Level 1:colcon.colcon_core.package_identification:_identify(grid_map/grid_map_cmake_helpers) by extensions ['ros']
[0.801s] Level 1:colcon.colcon_core.package_identification:_identify(grid_map/grid_map_cmake_helpers) by extension 'ros'
[0.803s] DEBUG:colcon.colcon_core.package_identification:Package 'grid_map/grid_map_cmake_helpers' with type 'ros.ament_cmake' and name 'grid_map_cmake_helpers'
[0.803s] Level 1:colcon.colcon_core.package_identification:_identify(grid_map/grid_map_core) by extensions ['ignore', 'ignore_ament_install']
[0.803s] Level 1:colcon.colcon_core.package_identification:_identify(grid_map/grid_map_core) by extension 'ignore'
[0.803s] Level 1:colcon.colcon_core.package_identification:_identify(grid_map/grid_map_core) by extension 'ignore_ament_install'
[0.803s] Level 1:colcon.colcon_core.package_identification:_identify(grid_map/grid_map_core) by extensions ['colcon_pkg']
[0.804s] Level 1:colcon.colcon_core.package_identification:_identify(grid_map/grid_map_core) by extension 'colcon_pkg'
[0.804s] Level 1:colcon.colcon_core.package_identification:_identify(grid_map/grid_map_core) by extensions ['colcon_meta']
[0.804s] Level 1:colcon.colcon_core.package_identification:_identify(grid_map/grid_map_core) by extension 'colcon_meta'
[0.804s] Level 1:colcon.colcon_core.package_identification:_identify(grid_map/grid_map_core) by extensions ['ros']
[0.804s] Level 1:colcon.colcon_core.package_identification:_identify(grid_map/grid_map_core) by extension 'ros'
[0.806s] DEBUG:colcon.colcon_core.package_identification:Package 'grid_map/grid_map_core' with type 'ros.ament_cmake' and name 'grid_map_core'
[0.806s] Level 1:colcon.colcon_core.package_identification:_identify(grid_map/grid_map_costmap_2d) by extensions ['ignore', 'ignore_ament_install']
[0.806s] Level 1:colcon.colcon_core.package_identification:_identify(grid_map/grid_map_costmap_2d) by extension 'ignore'
[0.806s] Level 1:colcon.colcon_core.package_identification:_identify(grid_map/grid_map_costmap_2d) by extension 'ignore_ament_install'
[0.806s] Level 1:colcon.colcon_core.package_identification:_identify(grid_map/grid_map_costmap_2d) by extensions ['colcon_pkg']
[0.807s] Level 1:colcon.colcon_core.package_identification:_identify(grid_map/grid_map_costmap_2d) by extension 'colcon_pkg'
[0.807s] Level 1:colcon.colcon_core.package_identification:_identify(grid_map/grid_map_costmap_2d) by extensions ['colcon_meta']
[0.807s] Level 1:colcon.colcon_core.package_identification:_identify(grid_map/grid_map_costmap_2d) by extension 'colcon_meta'
[0.807s] Level 1:colcon.colcon_core.package_identification:_identify(grid_map/grid_map_costmap_2d) by extensions ['ros']
[0.807s] Level 1:colcon.colcon_core.package_identification:_identify(grid_map/grid_map_costmap_2d) by extension 'ros'
[0.809s] DEBUG:colcon.colcon_core.package_identification:Package 'grid_map/grid_map_costmap_2d' with type 'ros.ament_cmake' and name 'grid_map_costmap_2d'
[0.809s] Level 1:colcon.colcon_core.package_identification:_identify(grid_map/grid_map_cv) by extensions ['ignore', 'ignore_ament_install']
[0.809s] Level 1:colcon.colcon_core.package_identification:_identify(grid_map/grid_map_cv) by extension 'ignore'
[0.810s] Level 1:colcon.colcon_core.package_identification:_identify(grid_map/grid_map_cv) by extension 'ignore_ament_install'
[0.810s] Level 1:colcon.colcon_core.package_identification:_identify(grid_map/grid_map_cv) by extensions ['colcon_pkg']
[0.810s] Level 1:colcon.colcon_core.package_identification:_identify(grid_map/grid_map_cv) by extension 'colcon_pkg'
[0.810s] Level 1:colcon.colcon_core.package_identification:_identify(grid_map/grid_map_cv) by extensions ['colcon_meta']
[0.810s] Level 1:colcon.colcon_core.package_identification:_identify(grid_map/grid_map_cv) by extension 'colcon_meta'
[0.810s] Level 1:colcon.colcon_core.package_identification:_identify(grid_map/grid_map_cv) by extensions ['ros']
[0.810s] Level 1:colcon.colcon_core.package_identification:_identify(grid_map/grid_map_cv) by extension 'ros'
[0.812s] DEBUG:colcon.colcon_core.package_identification:Package 'grid_map/grid_map_cv' with type 'ros.ament_cmake' and name 'grid_map_cv'
[0.813s] Level 1:colcon.colcon_core.package_identification:_identify(grid_map/grid_map_demos) by extensions ['ignore', 'ignore_ament_install']
[0.813s] Level 1:colcon.colcon_core.package_identification:_identify(grid_map/grid_map_demos) by extension 'ignore'
[0.813s] Level 1:colcon.colcon_core.package_identification:_identify(grid_map/grid_map_demos) by extension 'ignore_ament_install'
[0.813s] Level 1:colcon.colcon_core.package_identification:_identify(grid_map/grid_map_demos) by extensions ['colcon_pkg']
[0.813s] Level 1:colcon.colcon_core.package_identification:_identify(grid_map/grid_map_demos) by extension 'colcon_pkg'
[0.813s] Level 1:colcon.colcon_core.package_identification:_identify(grid_map/grid_map_demos) by extensions ['colcon_meta']
[0.813s] Level 1:colcon.colcon_core.package_identification:_identify(grid_map/grid_map_demos) by extension 'colcon_meta'
[0.814s] Level 1:colcon.colcon_core.package_identification:_identify(grid_map/grid_map_demos) by extensions ['ros']
[0.814s] Level 1:colcon.colcon_core.package_identification:_identify(grid_map/grid_map_demos) by extension 'ros'
[0.817s] DEBUG:colcon.colcon_core.package_identification:Package 'grid_map/grid_map_demos' with type 'ros.ament_cmake' and name 'grid_map_demos'
[0.818s] Level 1:colcon.colcon_core.package_identification:_identify(grid_map/grid_map_filters) by extensions ['ignore', 'ignore_ament_install']
[0.818s] Level 1:colcon.colcon_core.package_identification:_identify(grid_map/grid_map_filters) by extension 'ignore'
[0.818s] Level 1:colcon.colcon_core.package_identification:_identify(grid_map/grid_map_filters) by extension 'ignore_ament_install'
[0.818s] Level 1:colcon.colcon_core.package_identification:_identify(grid_map/grid_map_filters) by extensions ['colcon_pkg']
[0.818s] Level 1:colcon.colcon_core.package_identification:_identify(grid_map/grid_map_filters) by extension 'colcon_pkg'
[0.818s] Level 1:colcon.colcon_core.package_identification:_identify(grid_map/grid_map_filters) by extensions ['colcon_meta']
[0.818s] Level 1:colcon.colcon_core.package_identification:_identify(grid_map/grid_map_filters) by extension 'colcon_meta'
[0.819s] Level 1:colcon.colcon_core.package_identification:_identify(grid_map/grid_map_filters) by extensions ['ros']
[0.819s] Level 1:colcon.colcon_core.package_identification:_identify(grid_map/grid_map_filters) by extension 'ros'
[0.821s] DEBUG:colcon.colcon_core.package_identification:Package 'grid_map/grid_map_filters' with type 'ros.ament_cmake' and name 'grid_map_filters'
[0.821s] Level 1:colcon.colcon_core.package_identification:_identify(grid_map/grid_map_loader) by extensions ['ignore', 'ignore_ament_install']
[0.822s] Level 1:colcon.colcon_core.package_identification:_identify(grid_map/grid_map_loader) by extension 'ignore'
[0.822s] Level 1:colcon.colcon_core.package_identification:_identify(grid_map/grid_map_loader) by extension 'ignore_ament_install'
[0.822s] Level 1:colcon.colcon_core.package_identification:_identify(grid_map/grid_map_loader) by extensions ['colcon_pkg']
[0.822s] Level 1:colcon.colcon_core.package_identification:_identify(grid_map/grid_map_loader) by extension 'colcon_pkg'
[0.822s] Level 1:colcon.colcon_core.package_identification:_identify(grid_map/grid_map_loader) by extensions ['colcon_meta']
[0.822s] Level 1:colcon.colcon_core.package_identification:_identify(grid_map/grid_map_loader) by extension 'colcon_meta'
[0.822s] Level 1:colcon.colcon_core.package_identification:_identify(grid_map/grid_map_loader) by extensions ['ros']
[0.822s] Level 1:colcon.colcon_core.package_identification:_identify(grid_map/grid_map_loader) by extension 'ros'
[0.824s] DEBUG:colcon.colcon_core.package_identification:Package 'grid_map/grid_map_loader' with type 'ros.ament_cmake' and name 'grid_map_loader'
[0.824s] Level 1:colcon.colcon_core.package_identification:_identify(grid_map/grid_map_msgs) by extensions ['ignore', 'ignore_ament_install']
[0.824s] Level 1:colcon.colcon_core.package_identification:_identify(grid_map/grid_map_msgs) by extension 'ignore'
[0.825s] Level 1:colcon.colcon_core.package_identification:_identify(grid_map/grid_map_msgs) by extension 'ignore_ament_install'
[0.825s] Level 1:colcon.colcon_core.package_identification:_identify(grid_map/grid_map_msgs) by extensions ['colcon_pkg']
[0.825s] Level 1:colcon.colcon_core.package_identification:_identify(grid_map/grid_map_msgs) by extension 'colcon_pkg'
[0.825s] Level 1:colcon.colcon_core.package_identification:_identify(grid_map/grid_map_msgs) by extensions ['colcon_meta']
[0.825s] Level 1:colcon.colcon_core.package_identification:_identify(grid_map/grid_map_msgs) by extension 'colcon_meta'
[0.825s] Level 1:colcon.colcon_core.package_identification:_identify(grid_map/grid_map_msgs) by extensions ['ros']
[0.825s] Level 1:colcon.colcon_core.package_identification:_identify(grid_map/grid_map_msgs) by extension 'ros'
[0.827s] DEBUG:colcon.colcon_core.package_identification:Package 'grid_map/grid_map_msgs' with type 'ros.ament_cmake' and name 'grid_map_msgs'
[0.828s] Level 1:colcon.colcon_core.package_identification:_identify(grid_map/grid_map_octomap) by extensions ['ignore', 'ignore_ament_install']
[0.828s] Level 1:colcon.colcon_core.package_identification:_identify(grid_map/grid_map_octomap) by extension 'ignore'
[0.828s] Level 1:colcon.colcon_core.package_identification:_identify(grid_map/grid_map_octomap) by extension 'ignore_ament_install'
[0.828s] Level 1:colcon.colcon_core.package_identification:_identify(grid_map/grid_map_octomap) by extensions ['colcon_pkg']
[0.828s] Level 1:colcon.colcon_core.package_identification:_identify(grid_map/grid_map_octomap) by extension 'colcon_pkg'
[0.828s] Level 1:colcon.colcon_core.package_identification:_identify(grid_map/grid_map_octomap) by extensions ['colcon_meta']
[0.828s] Level 1:colcon.colcon_core.package_identification:_identify(grid_map/grid_map_octomap) by extension 'colcon_meta'
[0.828s] Level 1:colcon.colcon_core.package_identification:_identify(grid_map/grid_map_octomap) by extensions ['ros']
[0.828s] Level 1:colcon.colcon_core.package_identification:_identify(grid_map/grid_map_octomap) by extension 'ros'
[0.830s] DEBUG:colcon.colcon_core.package_identification:Package 'grid_map/grid_map_octomap' with type 'ros.ament_cmake' and name 'grid_map_octomap'
[0.830s] Level 1:colcon.colcon_core.package_identification:_identify(grid_map/grid_map_pcl) by extensions ['ignore', 'ignore_ament_install']
[0.831s] Level 1:colcon.colcon_core.package_identification:_identify(grid_map/grid_map_pcl) by extension 'ignore'
[0.831s] Level 1:colcon.colcon_core.package_identification:_identify(grid_map/grid_map_pcl) by extension 'ignore_ament_install'
[0.831s] Level 1:colcon.colcon_core.package_identification:_identify(grid_map/grid_map_pcl) by extensions ['colcon_pkg']
[0.831s] Level 1:colcon.colcon_core.package_identification:_identify(grid_map/grid_map_pcl) by extension 'colcon_pkg'
[0.831s] Level 1:colcon.colcon_core.package_identification:_identify(grid_map/grid_map_pcl) by extensions ['colcon_meta']
[0.831s] Level 1:colcon.colcon_core.package_identification:_identify(grid_map/grid_map_pcl) by extension 'colcon_meta'
[0.831s] Level 1:colcon.colcon_core.package_identification:_identify(grid_map/grid_map_pcl) by extensions ['ros']
[0.831s] Level 1:colcon.colcon_core.package_identification:_identify(grid_map/grid_map_pcl) by extension 'ros'
[0.834s] DEBUG:colcon.colcon_core.package_identification:Package 'grid_map/grid_map_pcl' with type 'ros.ament_cmake' and name 'grid_map_pcl'
[0.834s] Level 1:colcon.colcon_core.package_identification:_identify(grid_map/grid_map_ros) by extensions ['ignore', 'ignore_ament_install']
[0.834s] Level 1:colcon.colcon_core.package_identification:_identify(grid_map/grid_map_ros) by extension 'ignore'
[0.834s] Level 1:colcon.colcon_core.package_identification:_identify(grid_map/grid_map_ros) by extension 'ignore_ament_install'
[0.834s] Level 1:colcon.colcon_core.package_identification:_identify(grid_map/grid_map_ros) by extensions ['colcon_pkg']
[0.834s] Level 1:colcon.colcon_core.package_identification:_identify(grid_map/grid_map_ros) by extension 'colcon_pkg'
[0.834s] Level 1:colcon.colcon_core.package_identification:_identify(grid_map/grid_map_ros) by extensions ['colcon_meta']
[0.835s] Level 1:colcon.colcon_core.package_identification:_identify(grid_map/grid_map_ros) by extension 'colcon_meta'
[0.835s] Level 1:colcon.colcon_core.package_identification:_identify(grid_map/grid_map_ros) by extensions ['ros']
[0.835s] Level 1:colcon.colcon_core.package_identification:_identify(grid_map/grid_map_ros) by extension 'ros'
[0.838s] DEBUG:colcon.colcon_core.package_identification:Package 'grid_map/grid_map_ros' with type 'ros.ament_cmake' and name 'grid_map_ros'
[0.838s] Level 1:colcon.colcon_core.package_identification:_identify(grid_map/grid_map_rviz_plugin) by extensions ['ignore', 'ignore_ament_install']
[0.839s] Level 1:colcon.colcon_core.package_identification:_identify(grid_map/grid_map_rviz_plugin) by extension 'ignore'
[0.839s] Level 1:colcon.colcon_core.package_identification:_identify(grid_map/grid_map_rviz_plugin) by extension 'ignore_ament_install'
[0.839s] Level 1:colcon.colcon_core.package_identification:_identify(grid_map/grid_map_rviz_plugin) by extensions ['colcon_pkg']
[0.839s] Level 1:colcon.colcon_core.package_identification:_identify(grid_map/grid_map_rviz_plugin) by extension 'colcon_pkg'
[0.839s] Level 1:colcon.colcon_core.package_identification:_identify(grid_map/grid_map_rviz_plugin) by extensions ['colcon_meta']
[0.839s] Level 1:colcon.colcon_core.package_identification:_identify(grid_map/grid_map_rviz_plugin) by extension 'colcon_meta'
[0.839s] Level 1:colcon.colcon_core.package_identification:_identify(grid_map/grid_map_rviz_plugin) by extensions ['ros']
[0.839s] Level 1:colcon.colcon_core.package_identification:_identify(grid_map/grid_map_rviz_plugin) by extension 'ros'
[0.842s] DEBUG:colcon.colcon_core.package_identification:Package 'grid_map/grid_map_rviz_plugin' with type 'ros.ament_cmake' and name 'grid_map_rviz_plugin'
[0.842s] Level 1:colcon.colcon_core.package_identification:_identify(grid_map/grid_map_sdf) by extensions ['ignore', 'ignore_ament_install']
[0.842s] Level 1:colcon.colcon_core.package_identification:_identify(grid_map/grid_map_sdf) by extension 'ignore'
[0.842s] Level 1:colcon.colcon_core.package_identification:_identify(grid_map/grid_map_sdf) by extension 'ignore_ament_install'
[0.842s] Level 1:colcon.colcon_core.package_identification:_identify(grid_map/grid_map_sdf) by extensions ['colcon_pkg']
[0.842s] Level 1:colcon.colcon_core.package_identification:_identify(grid_map/grid_map_sdf) by extension 'colcon_pkg'
[0.843s] Level 1:colcon.colcon_core.package_identification:_identify(grid_map/grid_map_sdf) by extensions ['colcon_meta']
[0.843s] Level 1:colcon.colcon_core.package_identification:_identify(grid_map/grid_map_sdf) by extension 'colcon_meta'
[0.843s] Level 1:colcon.colcon_core.package_identification:_identify(grid_map/grid_map_sdf) by extensions ['ros']
[0.843s] Level 1:colcon.colcon_core.package_identification:_identify(grid_map/grid_map_sdf) by extension 'ros'
[0.845s] DEBUG:colcon.colcon_core.package_identification:Package 'grid_map/grid_map_sdf' with type 'ros.ament_cmake' and name 'grid_map_sdf'
[0.845s] Level 1:colcon.colcon_core.package_identification:_identify(grid_map/grid_map_visualization) by extensions ['ignore', 'ignore_ament_install']
[0.845s] Level 1:colcon.colcon_core.package_identification:_identify(grid_map/grid_map_visualization) by extension 'ignore'
[0.845s] Level 1:colcon.colcon_core.package_identification:_identify(grid_map/grid_map_visualization) by extension 'ignore_ament_install'
[0.846s] Level 1:colcon.colcon_core.package_identification:_identify(grid_map/grid_map_visualization) by extensions ['colcon_pkg']
[0.846s] Level 1:colcon.colcon_core.package_identification:_identify(grid_map/grid_map_visualization) by extension 'colcon_pkg'
[0.846s] Level 1:colcon.colcon_core.package_identification:_identify(grid_map/grid_map_visualization) by extensions ['colcon_meta']
[0.846s] Level 1:colcon.colcon_core.package_identification:_identify(grid_map/grid_map_visualization) by extension 'colcon_meta'
[0.846s] Level 1:colcon.colcon_core.package_identification:_identify(grid_map/grid_map_visualization) by extensions ['ros']
[0.846s] Level 1:colcon.colcon_core.package_identification:_identify(grid_map/grid_map_visualization) by extension 'ros'
[0.848s] DEBUG:colcon.colcon_core.package_identification:Package 'grid_map/grid_map_visualization' with type 'ros.ament_cmake' and name 'grid_map_visualization'
[0.849s] Level 1:colcon.colcon_core.package_identification:_identify(install) by extensions ['ignore', 'ignore_ament_install']
[0.849s] Level 1:colcon.colcon_core.package_identification:_identify(install) by extension 'ignore'
[0.849s] Level 1:colcon.colcon_core.package_identification:_identify(install) ignored
[0.849s] Level 1:colcon.colcon_core.package_identification:_identify(livox_ros2_driver) by extensions ['ignore', 'ignore_ament_install']
[0.849s] Level 1:colcon.colcon_core.package_identification:_identify(livox_ros2_driver) by extension 'ignore'
[0.849s] Level 1:colcon.colcon_core.package_identification:_identify(livox_ros2_driver) by extension 'ignore_ament_install'
[0.850s] Level 1:colcon.colcon_core.package_identification:_identify(livox_ros2_driver) by extensions ['colcon_pkg']
[0.850s] Level 1:colcon.colcon_core.package_identification:_identify(livox_ros2_driver) by extension 'colcon_pkg'
[0.850s] Level 1:colcon.colcon_core.package_identification:_identify(livox_ros2_driver) by extensions ['colcon_meta']
[0.850s] Level 1:colcon.colcon_core.package_identification:_identify(livox_ros2_driver) by extension 'colcon_meta'
[0.850s] Level 1:colcon.colcon_core.package_identification:_identify(livox_ros2_driver) by extensions ['ros']
[0.850s] Level 1:colcon.colcon_core.package_identification:_identify(livox_ros2_driver) by extension 'ros'
[0.850s] Level 1:colcon.colcon_core.package_identification:_identify(livox_ros2_driver) by extensions ['cmake', 'python']
[0.850s] Level 1:colcon.colcon_core.package_identification:_identify(livox_ros2_driver) by extension 'cmake'
[0.850s] Level 1:colcon.colcon_core.package_identification:_identify(livox_ros2_driver) by extension 'python'
[0.851s] Level 1:colcon.colcon_core.package_identification:_identify(livox_ros2_driver) by extensions ['python_setup_py']
[0.851s] Level 1:colcon.colcon_core.package_identification:_identify(livox_ros2_driver) by extension 'python_setup_py'
[0.851s] Level 1:colcon.colcon_core.package_identification:_identify(livox_ros2_driver/images) by extensions ['ignore', 'ignore_ament_install']
[0.851s] Level 1:colcon.colcon_core.package_identification:_identify(livox_ros2_driver/images) by extension 'ignore'
[0.851s] Level 1:colcon.colcon_core.package_identification:_identify(livox_ros2_driver/images) by extension 'ignore_ament_install'
[0.851s] Level 1:colcon.colcon_core.package_identification:_identify(livox_ros2_driver/images) by extensions ['colcon_pkg']
[0.851s] Level 1:colcon.colcon_core.package_identification:_identify(livox_ros2_driver/images) by extension 'colcon_pkg'
[0.851s] Level 1:colcon.colcon_core.package_identification:_identify(livox_ros2_driver/images) by extensions ['colcon_meta']
[0.852s] Level 1:colcon.colcon_core.package_identification:_identify(livox_ros2_driver/images) by extension 'colcon_meta'
[0.852s] Level 1:colcon.colcon_core.package_identification:_identify(livox_ros2_driver/images) by extensions ['ros']
[0.852s] Level 1:colcon.colcon_core.package_identification:_identify(livox_ros2_driver/images) by extension 'ros'
[0.852s] Level 1:colcon.colcon_core.package_identification:_identify(livox_ros2_driver/images) by extensions ['cmake', 'python']
[0.852s] Level 1:colcon.colcon_core.package_identification:_identify(livox_ros2_driver/images) by extension 'cmake'
[0.852s] Level 1:colcon.colcon_core.package_identification:_identify(livox_ros2_driver/images) by extension 'python'
[0.852s] Level 1:colcon.colcon_core.package_identification:_identify(livox_ros2_driver/images) by extensions ['python_setup_py']
[0.852s] Level 1:colcon.colcon_core.package_identification:_identify(livox_ros2_driver/images) by extension 'python_setup_py'
[0.853s] Level 1:colcon.colcon_core.package_identification:_identify(livox_ros2_driver/livox_interfaces) by extensions ['ignore', 'ignore_ament_install']
[0.853s] Level 1:colcon.colcon_core.package_identification:_identify(livox_ros2_driver/livox_interfaces) by extension 'ignore'
[0.853s] Level 1:colcon.colcon_core.package_identification:_identify(livox_ros2_driver/livox_interfaces) by extension 'ignore_ament_install'
[0.853s] Level 1:colcon.colcon_core.package_identification:_identify(livox_ros2_driver/livox_interfaces) by extensions ['colcon_pkg']
[0.853s] Level 1:colcon.colcon_core.package_identification:_identify(livox_ros2_driver/livox_interfaces) by extension 'colcon_pkg'
[0.853s] Level 1:colcon.colcon_core.package_identification:_identify(livox_ros2_driver/livox_interfaces) by extensions ['colcon_meta']
[0.853s] Level 1:colcon.colcon_core.package_identification:_identify(livox_ros2_driver/livox_interfaces) by extension 'colcon_meta'
[0.853s] Level 1:colcon.colcon_core.package_identification:_identify(livox_ros2_driver/livox_interfaces) by extensions ['ros']
[0.853s] Level 1:colcon.colcon_core.package_identification:_identify(livox_ros2_driver/livox_interfaces) by extension 'ros'
[0.858s] DEBUG:colcon.colcon_core.package_identification:Package 'livox_ros2_driver/livox_interfaces' with type 'ros.ament_cmake' and name 'livox_interfaces'
[0.859s] Level 1:colcon.colcon_core.package_identification:_identify(livox_ros2_driver/livox_ros2_driver) by extensions ['ignore', 'ignore_ament_install']
[0.859s] Level 1:colcon.colcon_core.package_identification:_identify(livox_ros2_driver/livox_ros2_driver) by extension 'ignore'
[0.859s] Level 1:colcon.colcon_core.package_identification:_identify(livox_ros2_driver/livox_ros2_driver) by extension 'ignore_ament_install'
[0.859s] Level 1:colcon.colcon_core.package_identification:_identify(livox_ros2_driver/livox_ros2_driver) by extensions ['colcon_pkg']
[0.859s] Level 1:colcon.colcon_core.package_identification:_identify(livox_ros2_driver/livox_ros2_driver) by extension 'colcon_pkg'
[0.859s] Level 1:colcon.colcon_core.package_identification:_identify(livox_ros2_driver/livox_ros2_driver) by extensions ['colcon_meta']
[0.860s] Level 1:colcon.colcon_core.package_identification:_identify(livox_ros2_driver/livox_ros2_driver) by extension 'colcon_meta'
[0.860s] Level 1:colcon.colcon_core.package_identification:_identify(livox_ros2_driver/livox_ros2_driver) by extensions ['ros']
[0.860s] Level 1:colcon.colcon_core.package_identification:_identify(livox_ros2_driver/livox_ros2_driver) by extension 'ros'
[0.863s] DEBUG:colcon.colcon_core.package_identification:Package 'livox_ros2_driver/livox_ros2_driver' with type 'ros.ament_cmake' and name 'livox_ros2_driver'
[0.863s] Level 1:colcon.colcon_core.package_identification:_identify(livox_ros2_driver/livox_sdk_vendor) by extensions ['ignore', 'ignore_ament_install']
[0.863s] Level 1:colcon.colcon_core.package_identification:_identify(livox_ros2_driver/livox_sdk_vendor) by extension 'ignore'
[0.863s] Level 1:colcon.colcon_core.package_identification:_identify(livox_ros2_driver/livox_sdk_vendor) by extension 'ignore_ament_install'
[0.863s] Level 1:colcon.colcon_core.package_identification:_identify(livox_ros2_driver/livox_sdk_vendor) by extensions ['colcon_pkg']
[0.864s] Level 1:colcon.colcon_core.package_identification:_identify(livox_ros2_driver/livox_sdk_vendor) by extension 'colcon_pkg'
[0.864s] Level 1:colcon.colcon_core.package_identification:_identify(livox_ros2_driver/livox_sdk_vendor) by extensions ['colcon_meta']
[0.864s] Level 1:colcon.colcon_core.package_identification:_identify(livox_ros2_driver/livox_sdk_vendor) by extension 'colcon_meta'
[0.864s] Level 1:colcon.colcon_core.package_identification:_identify(livox_ros2_driver/livox_sdk_vendor) by extensions ['ros']
[0.864s] Level 1:colcon.colcon_core.package_identification:_identify(livox_ros2_driver/livox_sdk_vendor) by extension 'ros'
[0.865s] DEBUG:colcon.colcon_core.package_identification:Package 'livox_ros2_driver/livox_sdk_vendor' with type 'ros.ament_cmake' and name 'livox_sdk_vendor'
[0.865s] Level 1:colcon.colcon_core.package_identification:_identify(log) by extensions ['ignore', 'ignore_ament_install']
[0.865s] Level 1:colcon.colcon_core.package_identification:_identify(log) by extension 'ignore'
[0.866s] Level 1:colcon.colcon_core.package_identification:_identify(log) ignored
[0.866s] Level 1:colcon.colcon_core.package_identification:_identify(rasd_1d_profile) by extensions ['ignore', 'ignore_ament_install']
[0.866s] Level 1:colcon.colcon_core.package_identification:_identify(rasd_1d_profile) by extension 'ignore'
[0.866s] Level 1:colcon.colcon_core.package_identification:_identify(rasd_1d_profile) by extension 'ignore_ament_install'
[0.866s] Level 1:colcon.colcon_core.package_identification:_identify(rasd_1d_profile) by extensions ['colcon_pkg']
[0.866s] Level 1:colcon.colcon_core.package_identification:_identify(rasd_1d_profile) by extension 'colcon_pkg'
[0.866s] Level 1:colcon.colcon_core.package_identification:_identify(rasd_1d_profile) by extensions ['colcon_meta']
[0.867s] Level 1:colcon.colcon_core.package_identification:_identify(rasd_1d_profile) by extension 'colcon_meta'
[0.867s] Level 1:colcon.colcon_core.package_identification:_identify(rasd_1d_profile) by extensions ['ros']
[0.867s] Level 1:colcon.colcon_core.package_identification:_identify(rasd_1d_profile) by extension 'ros'
[0.868s] DEBUG:colcon.colcon_core.package_identification:Package 'rasd_1d_profile' with type 'ros.ament_cmake' and name 'rasd_1d_profile'
[0.868s] Level 1:colcon.colcon_core.package_identification:_identify(rasd_camera) by extensions ['ignore', 'ignore_ament_install']
[0.869s] Level 1:colcon.colcon_core.package_identification:_identify(rasd_camera) by extension 'ignore'
[0.869s] Level 1:colcon.colcon_core.package_identification:_identify(rasd_camera) by extension 'ignore_ament_install'
[0.869s] Level 1:colcon.colcon_core.package_identification:_identify(rasd_camera) by extensions ['colcon_pkg']
[0.869s] Level 1:colcon.colcon_core.package_identification:_identify(rasd_camera) by extension 'colcon_pkg'
[0.869s] Level 1:colcon.colcon_core.package_identification:_identify(rasd_camera) by extensions ['colcon_meta']
[0.869s] Level 1:colcon.colcon_core.package_identification:_identify(rasd_camera) by extension 'colcon_meta'
[0.869s] Level 1:colcon.colcon_core.package_identification:_identify(rasd_camera) by extensions ['ros']
[0.869s] Level 1:colcon.colcon_core.package_identification:_identify(rasd_camera) by extension 'ros'
[0.870s] DEBUG:colcon.colcon_core.package_identification:Package 'rasd_camera' with type 'ros.ament_python' and name 'rasd_camera'
[0.871s] Level 1:colcon.colcon_core.package_identification:_identify(rasd_elev_profile) by extensions ['ignore', 'ignore_ament_install']
[0.871s] Level 1:colcon.colcon_core.package_identification:_identify(rasd_elev_profile) by extension 'ignore'
[0.871s] Level 1:colcon.colcon_core.package_identification:_identify(rasd_elev_profile) by extension 'ignore_ament_install'
[0.871s] Level 1:colcon.colcon_core.package_identification:_identify(rasd_elev_profile) by extensions ['colcon_pkg']
[0.871s] Level 1:colcon.colcon_core.package_identification:_identify(rasd_elev_profile) by extension 'colcon_pkg'
[0.871s] Level 1:colcon.colcon_core.package_identification:_identify(rasd_elev_profile) by extensions ['colcon_meta']
[0.871s] Level 1:colcon.colcon_core.package_identification:_identify(rasd_elev_profile) by extension 'colcon_meta'
[0.871s] Level 1:colcon.colcon_core.package_identification:_identify(rasd_elev_profile) by extensions ['ros']
[0.872s] Level 1:colcon.colcon_core.package_identification:_identify(rasd_elev_profile) by extension 'ros'
[0.922s] DEBUG:colcon.colcon_core.package_identification:Package 'rasd_elev_profile' with type 'ros.ament_cmake' and name 'rasd_elev_profile'
[0.923s] Level 1:colcon.colcon_core.package_identification:_identify(rasd_gridmap) by extensions ['ignore', 'ignore_ament_install']
[0.924s] Level 1:colcon.colcon_core.package_identification:_identify(rasd_gridmap) by extension 'ignore'
[0.924s] Level 1:colcon.colcon_core.package_identification:_identify(rasd_gridmap) by extension 'ignore_ament_install'
[0.924s] Level 1:colcon.colcon_core.package_identification:_identify(rasd_gridmap) by extensions ['colcon_pkg']
[0.924s] Level 1:colcon.colcon_core.package_identification:_identify(rasd_gridmap) by extension 'colcon_pkg'
[0.924s] Level 1:colcon.colcon_core.package_identification:_identify(rasd_gridmap) by extensions ['colcon_meta']
[0.924s] Level 1:colcon.colcon_core.package_identification:_identify(rasd_gridmap) by extension 'colcon_meta'
[0.925s] Level 1:colcon.colcon_core.package_identification:_identify(rasd_gridmap) by extensions ['ros']
[0.925s] Level 1:colcon.colcon_core.package_identification:_identify(rasd_gridmap) by extension 'ros'
[0.927s] DEBUG:colcon.colcon_core.package_identification:Package 'rasd_gridmap' with type 'ros.ament_cmake' and name 'rasd_gridmap'
[0.928s] Level 1:colcon.colcon_core.package_identification:_identify(rasd_roi_filter) by extensions ['ignore', 'ignore_ament_install']
[0.928s] Level 1:colcon.colcon_core.package_identification:_identify(rasd_roi_filter) by extension 'ignore'
[0.928s] Level 1:colcon.colcon_core.package_identification:_identify(rasd_roi_filter) by extension 'ignore_ament_install'
[0.928s] Level 1:colcon.colcon_core.package_identification:_identify(rasd_roi_filter) by extensions ['colcon_pkg']
[0.928s] Level 1:colcon.colcon_core.package_identification:_identify(rasd_roi_filter) by extension 'colcon_pkg'
[0.928s] Level 1:colcon.colcon_core.package_identification:_identify(rasd_roi_filter) by extensions ['colcon_meta']
[0.929s] Level 1:colcon.colcon_core.package_identification:_identify(rasd_roi_filter) by extension 'colcon_meta'
[0.929s] Level 1:colcon.colcon_core.package_identification:_identify(rasd_roi_filter) by extensions ['ros']
[0.929s] Level 1:colcon.colcon_core.package_identification:_identify(rasd_roi_filter) by extension 'ros'
[0.931s] DEBUG:colcon.colcon_core.package_identification:Package 'rasd_roi_filter' with type 'ros.ament_python' and name 'rasd_roi_filter'
[0.931s] Level 1:colcon.colcon_core.package_identification:_identify(rasd_tf) by extensions ['ignore', 'ignore_ament_install']
[0.931s] Level 1:colcon.colcon_core.package_identification:_identify(rasd_tf) by extension 'ignore'
[0.931s] Level 1:colcon.colcon_core.package_identification:_identify(rasd_tf) by extension 'ignore_ament_install'
[0.932s] Level 1:colcon.colcon_core.package_identification:_identify(rasd_tf) by extensions ['colcon_pkg']
[0.932s] Level 1:colcon.colcon_core.package_identification:_identify(rasd_tf) by extension 'colcon_pkg'
[0.932s] Level 1:colcon.colcon_core.package_identification:_identify(rasd_tf) by extensions ['colcon_meta']
[0.932s] Level 1:colcon.colcon_core.package_identification:_identify(rasd_tf) by extension 'colcon_meta'
[0.932s] Level 1:colcon.colcon_core.package_identification:_identify(rasd_tf) by extensions ['ros']
[0.932s] Level 1:colcon.colcon_core.package_identification:_identify(rasd_tf) by extension 'ros'
[0.934s] DEBUG:colcon.colcon_core.package_identification:Package 'rasd_tf' with type 'ros.ament_python' and name 'rasd_tf'
[0.934s] Level 1:colcon.colcon_core.package_discovery:discover_packages(recursive) using defaults
[0.934s] Level 1:colcon.colcon_core.package_discovery:discover_packages(ignore) discover
[0.934s] Level 1:colcon.colcon_core.package_discovery:discover_packages(ignore) using defaults
[0.934s] Level 1:colcon.colcon_core.package_discovery:discover_packages(path) discover
[0.934s] Level 1:colcon.colcon_core.package_discovery:discover_packages(path) using defaults
[1.007s] INFO:colcon.colcon_core.package_selection:Skipping not selected package 'grid_map_cmake_helpers' in 'grid_map/grid_map_cmake_helpers'
[1.008s] INFO:colcon.colcon_core.package_selection:Skipping not selected package 'livox_interfaces' in 'livox_ros2_driver/livox_interfaces'
[1.008s] INFO:colcon.colcon_core.package_selection:Skipping not selected package 'livox_sdk' in 'Livox-SDK'
[1.008s] INFO:colcon.colcon_core.package_selection:Skipping not selected package 'livox_sdk_vendor' in 'livox_ros2_driver/livox_sdk_vendor'
[1.008s] INFO:colcon.colcon_core.package_selection:Skipping not selected package 'rasd_1d_profile' in 'rasd_1d_profile'
[1.008s] INFO:colcon.colcon_core.package_selection:Skipping not selected package 'rasd_camera' in 'rasd_camera'
[1.008s] INFO:colcon.colcon_core.package_selection:Skipping not selected package 'rasd_roi_filter' in 'rasd_roi_filter'
[1.008s] INFO:colcon.colcon_core.package_selection:Skipping not selected package 'rasd_tf' in 'rasd_tf'
[1.008s] INFO:colcon.colcon_core.package_selection:Skipping not selected package 'grid_map_core' in 'grid_map/grid_map_core'
[1.008s] INFO:colcon.colcon_core.package_selection:Skipping not selected package 'grid_map_msgs' in 'grid_map/grid_map_msgs'
[1.008s] INFO:colcon.colcon_core.package_selection:Skipping not selected package 'livox_ros2_driver' in 'livox_ros2_driver/livox_ros2_driver'
[1.008s] INFO:colcon.colcon_core.package_selection:Skipping not selected package 'grid_map_costmap_2d' in 'grid_map/grid_map_costmap_2d'
[1.008s] INFO:colcon.colcon_core.package_selection:Skipping not selected package 'grid_map_cv' in 'grid_map/grid_map_cv'
[1.008s] INFO:colcon.colcon_core.package_selection:Skipping not selected package 'grid_map_octomap' in 'grid_map/grid_map_octomap'
[1.009s] INFO:colcon.colcon_core.package_selection:Skipping not selected package 'grid_map_sdf' in 'grid_map/grid_map_sdf'
[1.009s] INFO:colcon.colcon_core.package_selection:Skipping not selected package 'grid_map_ros' in 'grid_map/grid_map_ros'
[1.009s] INFO:colcon.colcon_core.package_selection:Skipping not selected package 'grid_map_filters' in 'grid_map/grid_map_filters'
[1.009s] INFO:colcon.colcon_core.package_selection:Skipping not selected package 'grid_map_loader' in 'grid_map/grid_map_loader'
[1.009s] INFO:colcon.colcon_core.package_selection:Skipping not selected package 'grid_map_pcl' in 'grid_map/grid_map_pcl'
[1.009s] INFO:colcon.colcon_core.package_selection:Skipping not selected package 'grid_map_rviz_plugin' in 'grid_map/grid_map_rviz_plugin'
[1.009s] INFO:colcon.colcon_core.package_selection:Skipping not selected package 'grid_map_visualization' in 'grid_map/grid_map_visualization'
[1.009s] INFO:colcon.colcon_core.package_selection:Skipping not selected package 'rasd_gridmap' in 'rasd_gridmap'
[1.009s] INFO:colcon.colcon_core.package_selection:Skipping not selected package 'grid_map_demos' in 'grid_map/grid_map_demos'
[1.009s] INFO:colcon.colcon_core.package_selection:Skipping not selected package 'grid_map' in 'grid_map/grid_map'
[1.011s] Level 1:colcon.colcon_core.package_discovery:discover_packages(prefix_path) check parameters
[1.011s] Level 1:colcon.colcon_core.package_discovery:discover_packages(prefix_path) discover
[1.019s] DEBUG:colcon.colcon_installed_package_information.package_discovery:Found 17 installed packages in /home/rasd/ros2_ws/install
[1.022s] DEBUG:colcon.colcon_installed_package_information.package_discovery:Found 294 installed packages in /opt/ros/humble
[1.029s] Level 1:colcon.colcon_core.package_discovery:discover_packages(prefix_path) using defaults
[1.130s] Level 5:colcon.colcon_core.verb:set package 'rasd_elev_profile' build argument 'cmake_args' from command line to 'None'
[1.130s] Level 5:colcon.colcon_core.verb:set package 'rasd_elev_profile' build argument 'cmake_target' from command line to 'None'
[1.131s] Level 5:colcon.colcon_core.verb:set package 'rasd_elev_profile' build argument 'cmake_target_skip_unavailable' from command line to 'False'
[1.131s] Level 5:colcon.colcon_core.verb:set package 'rasd_elev_profile' build argument 'cmake_clean_cache' from command line to 'False'
[1.131s] Level 5:colcon.colcon_core.verb:set package 'rasd_elev_profile' build argument 'cmake_clean_first' from command line to 'False'
[1.131s] Level 5:colcon.colcon_core.verb:set package 'rasd_elev_profile' build argument 'cmake_force_configure' from command line to 'False'
[1.131s] Level 5:colcon.colcon_core.verb:set package 'rasd_elev_profile' build argument 'ament_cmake_args' from command line to 'None'
[1.131s] Level 5:colcon.colcon_core.verb:set package 'rasd_elev_profile' build argument 'catkin_cmake_args' from command line to 'None'
[1.131s] Level 5:colcon.colcon_core.verb:set package 'rasd_elev_profile' build argument 'catkin_skip_building_tests' from command line to 'False'
[1.131s] DEBUG:colcon.colcon_core.verb:Building package 'rasd_elev_profile' with the following arguments: {'ament_cmake_args': None, 'build_base': '/home/rasd/ros2_ws/src/build/rasd_elev_profile', 'catkin_cmake_args': None, 'catkin_skip_building_tests': False, 'cmake_args': None, 'cmake_clean_cache': False, 'cmake_clean_first': False, 'cmake_force_configure': False, 'cmake_target': None, 'cmake_target_skip_unavailable': False, 'install_base': '/home/rasd/ros2_ws/src/install/rasd_elev_profile', 'merge_install': False, 'path': '/home/rasd/ros2_ws/src/rasd_elev_profile', 'symlink_install': True, 'test_result_base': None}
[1.132s] INFO:colcon.colcon_core.executor:Executing jobs using 'parallel' executor
[1.135s] DEBUG:colcon.colcon_parallel_executor.executor.parallel:run_until_complete
[1.136s] INFO:colcon.colcon_ros.task.ament_cmake.build:Building ROS package in '/home/rasd/ros2_ws/src/rasd_elev_profile' with build type 'ament_cmake'
[1.137s] INFO:colcon.colcon_cmake.task.cmake.build:Building CMake package in '/home/rasd/ros2_ws/src/rasd_elev_profile'
[1.144s] INFO:colcon.colcon_core.plugin_system:Skipping extension 'colcon_core.shell.bat': Not used on non-Windows systems
[1.145s] INFO:colcon.colcon_core.shell:Skip shell extension 'powershell' for command environment: Not usable outside of PowerShell
[1.145s] DEBUG:colcon.colcon_core.shell:Skip shell extension 'dsv' for command environment
[1.169s] DEBUG:colcon.colcon_core.event_handler.log_command:Invoking command in '/home/rasd/ros2_ws/src/build/rasd_elev_profile': CMAKE_PREFIX_PATH=${CMAKE_PREFIX_PATH}:/home/rasd/ros2_ws/install/rasd_tf:/home/rasd/ros2_ws/install/rasd_roi_filter:/home/rasd/ros2_ws/install/rasd_camera:/opt/ros/humble /usr/bin/cmake /home/rasd/ros2_ws/src/rasd_elev_profile -DAMENT_CMAKE_SYMLINK_INSTALL=1 -DCMAKE_INSTALL_PREFIX=/home/rasd/ros2_ws/src/install/rasd_elev_profile
[12.024s] DEBUG:colcon.colcon_core.event_handler.log_command:Invoked command in '/home/rasd/ros2_ws/src/build/rasd_elev_profile' returned '0': CMAKE_PREFIX_PATH=${CMAKE_PREFIX_PATH}:/home/rasd/ros2_ws/install/rasd_tf:/home/rasd/ros2_ws/install/rasd_roi_filter:/home/rasd/ros2_ws/install/rasd_camera:/opt/ros/humble /usr/bin/cmake /home/rasd/ros2_ws/src/rasd_elev_profile -DAMENT_CMAKE_SYMLINK_INSTALL=1 -DCMAKE_INSTALL_PREFIX=/home/rasd/ros2_ws/src/install/rasd_elev_profile
[12.027s] DEBUG:colcon.colcon_core.event_handler.log_command:Invoking command in '/home/rasd/ros2_ws/src/build/rasd_elev_profile': CMAKE_PREFIX_PATH=${CMAKE_PREFIX_PATH}:/home/rasd/ros2_ws/install/rasd_tf:/home/rasd/ros2_ws/install/rasd_roi_filter:/home/rasd/ros2_ws/install/rasd_camera:/opt/ros/humble /usr/bin/cmake --build /home/rasd/ros2_ws/src/build/rasd_elev_profile -- -j6 -l6
[41.085s] DEBUG:colcon.colcon_core.event_handler.log_command:Invoked command in '/home/rasd/ros2_ws/src/build/rasd_elev_profile' returned '2': CMAKE_PREFIX_PATH=${CMAKE_PREFIX_PATH}:/home/rasd/ros2_ws/install/rasd_tf:/home/rasd/ros2_ws/install/rasd_roi_filter:/home/rasd/ros2_ws/install/rasd_camera:/opt/ros/humble /usr/bin/cmake --build /home/rasd/ros2_ws/src/build/rasd_elev_profile -- -j6 -l6
[41.087s] Level 1:colcon.colcon_core.environment:create_environment_scripts_only(rasd_elev_profile)
[41.094s] Level 1:colcon.colcon_core.environment:checking '/home/rasd/ros2_ws/src/install/rasd_elev_profile' for CMake module files
[41.095s] Level 1:colcon.colcon_core.environment:checking '/home/rasd/ros2_ws/src/install/rasd_elev_profile' for CMake config files
[41.096s] Level 1:colcon.colcon_core.environment:checking '/home/rasd/ros2_ws/src/install/rasd_elev_profile/bin'
[41.097s] Level 1:colcon.colcon_core.environment:checking '/home/rasd/ros2_ws/src/install/rasd_elev_profile/lib/pkgconfig/rasd_elev_profile.pc'
[41.097s] Level 1:colcon.colcon_core.environment:checking '/home/rasd/ros2_ws/src/install/rasd_elev_profile/lib/python3.10/site-packages'
[41.098s] Level 1:colcon.colcon_core.environment:checking '/home/rasd/ros2_ws/src/install/rasd_elev_profile/bin'
[41.099s] INFO:colcon.colcon_core.shell:Creating package script '/home/rasd/ros2_ws/src/install/rasd_elev_profile/share/rasd_elev_profile/package.ps1'
[41.103s] INFO:colcon.colcon_core.shell:Creating package descriptor '/home/rasd/ros2_ws/src/install/rasd_elev_profile/share/rasd_elev_profile/package.dsv'
[41.104s] INFO:colcon.colcon_core.shell:Creating package script '/home/rasd/ros2_ws/src/install/rasd_elev_profile/share/rasd_elev_profile/package.sh'
[41.106s] INFO:colcon.colcon_core.shell:Creating package script '/home/rasd/ros2_ws/src/install/rasd_elev_profile/share/rasd_elev_profile/package.bash'
[41.108s] INFO:colcon.colcon_core.shell:Creating package script '/home/rasd/ros2_ws/src/install/rasd_elev_profile/share/rasd_elev_profile/package.zsh'
[41.109s] Level 1:colcon.colcon_core.environment:create_file_with_runtime_dependencies(/home/rasd/ros2_ws/src/install/rasd_elev_profile/share/colcon-core/packages/rasd_elev_profile)
[41.121s] DEBUG:colcon.colcon_parallel_executor.executor.parallel:closing loop
[41.121s] DEBUG:colcon.colcon_parallel_executor.executor.parallel:loop closed
[41.122s] DEBUG:colcon.colcon_parallel_executor.executor.parallel:run_until_complete finished with '2'
[41.122s] DEBUG:colcon.colcon_core.event_reactor:joining thread
[41.146s] INFO:colcon.colcon_core.plugin_system:Skipping extension 'colcon_notification.desktop_notification.terminal_notifier': Not used on non-Darwin systems
[41.147s] INFO:colcon.colcon_core.plugin_system:Skipping extension 'colcon_notification.desktop_notification.win32': Not used on non-Windows systems
[41.147s] INFO:colcon.colcon_notification.desktop_notification:Sending desktop notification using 'notify2'
[41.191s] DEBUG:colcon.colcon_core.event_reactor:joined thread
[41.193s] INFO:colcon.colcon_core.shell:Creating prefix script '/home/rasd/ros2_ws/src/install/local_setup.ps1'
[41.197s] INFO:colcon.colcon_core.shell:Creating prefix util module '/home/rasd/ros2_ws/src/install/_local_setup_util_ps1.py'
[41.200s] INFO:colcon.colcon_core.shell:Creating prefix chain script '/home/rasd/ros2_ws/src/install/setup.ps1'
[41.205s] INFO:colcon.colcon_core.shell:Creating prefix script '/home/rasd/ros2_ws/src/install/local_setup.sh'
[41.207s] INFO:colcon.colcon_core.shell:Creating prefix util module '/home/rasd/ros2_ws/src/install/_local_setup_util_sh.py'
[41.208s] INFO:colcon.colcon_core.shell:Creating prefix chain script '/home/rasd/ros2_ws/src/install/setup.sh'
[41.212s] INFO:colcon.colcon_core.shell:Creating prefix script '/home/rasd/ros2_ws/src/install/local_setup.bash'
[41.213s] INFO:colcon.colcon_core.shell:Creating prefix chain script '/home/rasd/ros2_ws/src/install/setup.bash'
[41.218s] INFO:colcon.colcon_core.shell:Creating prefix script '/home/rasd/ros2_ws/src/install/local_setup.zsh'
[41.219s] INFO:colcon.colcon_core.shell:Creating prefix chain script '/home/rasd/ros2_ws/src/install/setup.zsh'
