running develop
Removing /home/rasd/ros2_ws/install/rasd_fusion/lib/python3.10/site-packages/rasd-fusion.egg-link (link to .)
running egg_info
writing ../../build/rasd_fusion/rasd_fusion.egg-info/PKG-INFO
writing dependency_links to ../../build/rasd_fusion/rasd_fusion.egg-info/dependency_links.txt
writing entry points to ../../build/rasd_fusion/rasd_fusion.egg-info/entry_points.txt
writing requirements to ../../build/rasd_fusion/rasd_fusion.egg-info/requires.txt
writing top-level names to ../../build/rasd_fusion/rasd_fusion.egg-info/top_level.txt
reading manifest file '../../build/rasd_fusion/rasd_fusion.egg-info/SOURCES.txt'
writing manifest file '../../build/rasd_fusion/rasd_fusion.egg-info/SOURCES.txt'
running build
running build_py
creating /home/rasd/ros2_ws/build/rasd_fusion/build
creating /home/rasd/ros2_ws/build/rasd_fusion/build/lib
creating /home/rasd/ros2_ws/build/rasd_fusion/build/lib/rasd_fusion
copying rasd_fusion/fusion_node.py -> /home/rasd/ros2_ws/build/rasd_fusion/build/lib/rasd_fusion
copying rasd_fusion/__init__.py -> /home/rasd/ros2_ws/build/rasd_fusion/build/lib/rasd_fusion
running install
running install_lib
creating /home/rasd/ros2_ws/install/rasd_fusion/lib/python3.10/site-packages/rasd_fusion
copying /home/rasd/ros2_ws/build/rasd_fusion/build/lib/rasd_fusion/fusion_node.py -> /home/rasd/ros2_ws/install/rasd_fusion/lib/python3.10/site-packages/rasd_fusion
copying /home/rasd/ros2_ws/build/rasd_fusion/build/lib/rasd_fusion/__init__.py -> /home/rasd/ros2_ws/install/rasd_fusion/lib/python3.10/site-packages/rasd_fusion
byte-compiling /home/rasd/ros2_ws/install/rasd_fusion/lib/python3.10/site-packages/rasd_fusion/fusion_node.py to fusion_node.cpython-310.pyc
byte-compiling /home/rasd/ros2_ws/install/rasd_fusion/lib/python3.10/site-packages/rasd_fusion/__init__.py to __init__.cpython-310.pyc
running install_data
copying resource/rasd_fusion -> /home/rasd/ros2_ws/install/rasd_fusion/share/ament_index/resource_index/packages
copying package.xml -> /home/rasd/ros2_ws/install/rasd_fusion/share/rasd_fusion
running install_egg_info
Copying ../../build/rasd_fusion/rasd_fusion.egg-info to /home/rasd/ros2_ws/install/rasd_fusion/lib/python3.10/site-packages/rasd_fusion-0.0.0-py3.10.egg-info
running install_scripts
Installing fusion_node script to /home/rasd/ros2_ws/install/rasd_fusion/lib/rasd_fusion
writing list of installed files to '/home/rasd/ros2_ws/build/rasd_fusion/install.log'
