running develop
Removing /home/rasd/ros2_ws/install/rasd_camera/lib/python3.10/site-packages/rasd-camera.egg-link (link to .)
running egg_info
writing ../../build/rasd_camera/rasd_camera.egg-info/PKG-INFO
writing dependency_links to ../../build/rasd_camera/rasd_camera.egg-info/dependency_links.txt
writing entry points to ../../build/rasd_camera/rasd_camera.egg-info/entry_points.txt
writing requirements to ../../build/rasd_camera/rasd_camera.egg-info/requires.txt
writing top-level names to ../../build/rasd_camera/rasd_camera.egg-info/top_level.txt
reading manifest file '../../build/rasd_camera/rasd_camera.egg-info/SOURCES.txt'
writing manifest file '../../build/rasd_camera/rasd_camera.egg-info/SOURCES.txt'
running build
running build_py
creating /home/rasd/ros2_ws/build/rasd_camera/build
creating /home/rasd/ros2_ws/build/rasd_camera/build/lib
creating /home/rasd/ros2_ws/build/rasd_camera/build/lib/rasd_camera
copying rasd_camera/__init__.py -> /home/rasd/ros2_ws/build/rasd_camera/build/lib/rasd_camera
copying rasd_camera/camera_node.py -> /home/rasd/ros2_ws/build/rasd_camera/build/lib/rasd_camera
running install
running install_lib
creating /home/rasd/ros2_ws/install/rasd_camera/lib/python3.10/site-packages/rasd_camera
copying /home/rasd/ros2_ws/build/rasd_camera/build/lib/rasd_camera/__init__.py -> /home/rasd/ros2_ws/install/rasd_camera/lib/python3.10/site-packages/rasd_camera
copying /home/rasd/ros2_ws/build/rasd_camera/build/lib/rasd_camera/camera_node.py -> /home/rasd/ros2_ws/install/rasd_camera/lib/python3.10/site-packages/rasd_camera
byte-compiling /home/rasd/ros2_ws/install/rasd_camera/lib/python3.10/site-packages/rasd_camera/__init__.py to __init__.cpython-310.pyc
byte-compiling /home/rasd/ros2_ws/install/rasd_camera/lib/python3.10/site-packages/rasd_camera/camera_node.py to camera_node.cpython-310.pyc
running install_data
copying resource/rasd_camera -> /home/rasd/ros2_ws/install/rasd_camera/share/ament_index/resource_index/packages
copying package.xml -> /home/rasd/ros2_ws/install/rasd_camera/share/rasd_camera
running install_egg_info
Copying ../../build/rasd_camera/rasd_camera.egg-info to /home/rasd/ros2_ws/install/rasd_camera/lib/python3.10/site-packages/rasd_camera-0.0.0-py3.10.egg-info
running install_scripts
Installing rasd_camera_node script to /home/rasd/ros2_ws/install/rasd_camera/lib/rasd_camera
writing list of installed files to '/home/rasd/ros2_ws/build/rasd_camera/install.log'
