[1.644s] Invoking command in '/home/rasd/ros2_ws/src/rasd_gps': PYTHONPATH=/home/rasd/ros2_ws/build/rasd_gps/prefix_override:/usr/lib/python3/dist-packages/colcon_core/task/python/colcon_distutils_commands:/home/rasd/ros2_ws/install/rasd_gps/lib/python3.10/site-packages:${PYTHONPATH} /usr/bin/python3 -W ignore:setup.py install is deprecated -W ignore:easy_install command is deprecated setup.py egg_info --egg-base ../../build/rasd_gps build --build-base /home/rasd/ros2_ws/build/rasd_gps/build install --record /home/rasd/ros2_ws/build/rasd_gps/install.log --single-version-externally-managed install_data
[2.346s] running egg_info
[2.348s] writing ../../build/rasd_gps/rasd_gps.egg-info/PKG-INFO
[2.349s] writing dependency_links to ../../build/rasd_gps/rasd_gps.egg-info/dependency_links.txt
[2.349s] writing entry points to ../../build/rasd_gps/rasd_gps.egg-info/entry_points.txt
[2.350s] writing requirements to ../../build/rasd_gps/rasd_gps.egg-info/requires.txt
[2.350s] writing top-level names to ../../build/rasd_gps/rasd_gps.egg-info/top_level.txt
[2.356s] reading manifest file '../../build/rasd_gps/rasd_gps.egg-info/SOURCES.txt'
[2.358s] writing manifest file '../../build/rasd_gps/rasd_gps.egg-info/SOURCES.txt'
[2.359s] running build
[2.359s] running build_py
[2.359s] copying rasd_gps/rasd_gps_node.py -> /home/rasd/ros2_ws/build/rasd_gps/build/lib/rasd_gps
[2.360s] running install
[2.361s] running install_lib
[2.364s] copying /home/rasd/ros2_ws/build/rasd_gps/build/lib/rasd_gps/rasd_gps_node.py -> /home/rasd/ros2_ws/install/rasd_gps/lib/python3.10/site-packages/rasd_gps
[2.370s] byte-compiling /home/rasd/ros2_ws/install/rasd_gps/lib/python3.10/site-packages/rasd_gps/rasd_gps_node.py to rasd_gps_node.cpython-310.pyc
[2.373s] running install_data
[2.374s] running install_egg_info
[2.379s] removing '/home/rasd/ros2_ws/install/rasd_gps/lib/python3.10/site-packages/rasd_gps-0.0.0-py3.10.egg-info' (and everything under it)
[2.380s] Copying ../../build/rasd_gps/rasd_gps.egg-info to /home/rasd/ros2_ws/install/rasd_gps/lib/python3.10/site-packages/rasd_gps-0.0.0-py3.10.egg-info
[2.383s] running install_scripts
[2.442s] Installing rasd_gps_node script to /home/rasd/ros2_ws/install/rasd_gps/lib/rasd_gps
[2.443s] writing list of installed files to '/home/rasd/ros2_ws/build/rasd_gps/install.log'
[2.528s] Invoked command in '/home/rasd/ros2_ws/src/rasd_gps' returned '0': PYTHONPATH=/home/rasd/ros2_ws/build/rasd_gps/prefix_override:/usr/lib/python3/dist-packages/colcon_core/task/python/colcon_distutils_commands:/home/rasd/ros2_ws/install/rasd_gps/lib/python3.10/site-packages:${PYTHONPATH} /usr/bin/python3 -W ignore:setup.py install is deprecated -W ignore:easy_install command is deprecated setup.py egg_info --egg-base ../../build/rasd_gps build --build-base /home/rasd/ros2_ws/build/rasd_gps/build install --record /home/rasd/ros2_ws/build/rasd_gps/install.log --single-version-externally-managed install_data
