[1.753s] Invoking command in '/home/rasd/ros2_ws/src/rasd_camera': PYTHONPATH=/home/rasd/ros2_ws/build/rasd_camera/prefix_override:/usr/lib/python3/dist-packages/colcon_core/task/python/colcon_distutils_commands:/home/rasd/ros2_ws/install/rasd_camera/lib/python3.10/site-packages:${PYTHONPATH} /usr/bin/python3 -W ignore:setup.py install is deprecated -W ignore:easy_install command is deprecated setup.py egg_info --egg-base ../../build/rasd_camera build --build-base /home/rasd/ros2_ws/build/rasd_camera/build install --record /home/rasd/ros2_ws/build/rasd_camera/install.log --single-version-externally-managed install_data
[2.390s] running egg_info
[2.391s] writing ../../build/rasd_camera/rasd_camera.egg-info/PKG-INFO
[2.394s] writing dependency_links to ../../build/rasd_camera/rasd_camera.egg-info/dependency_links.txt
[2.395s] writing entry points to ../../build/rasd_camera/rasd_camera.egg-info/entry_points.txt
[2.395s] writing requirements to ../../build/rasd_camera/rasd_camera.egg-info/requires.txt
[2.395s] writing top-level names to ../../build/rasd_camera/rasd_camera.egg-info/top_level.txt
[2.405s] reading manifest file '../../build/rasd_camera/rasd_camera.egg-info/SOURCES.txt'
[2.407s] writing manifest file '../../build/rasd_camera/rasd_camera.egg-info/SOURCES.txt'
[2.408s] running build
[2.408s] running build_py
[2.411s] running install
[2.411s] running install_lib
[2.416s] running install_data
[2.416s] running install_egg_info
[2.421s] removing '/home/rasd/ros2_ws/install/rasd_camera/lib/python3.10/site-packages/rasd_camera-0.0.0-py3.10.egg-info' (and everything under it)
[2.422s] Copying ../../build/rasd_camera/rasd_camera.egg-info to /home/rasd/ros2_ws/install/rasd_camera/lib/python3.10/site-packages/rasd_camera-0.0.0-py3.10.egg-info
[2.425s] running install_scripts
[2.480s] Installing rasd_camera_node script to /home/rasd/ros2_ws/install/rasd_camera/lib/rasd_camera
[2.481s] writing list of installed files to '/home/rasd/ros2_ws/build/rasd_camera/install.log'
[2.590s] Invoked command in '/home/rasd/ros2_ws/src/rasd_camera' returned '0': PYTHONPATH=/home/rasd/ros2_ws/build/rasd_camera/prefix_override:/usr/lib/python3/dist-packages/colcon_core/task/python/colcon_distutils_commands:/home/rasd/ros2_ws/install/rasd_camera/lib/python3.10/site-packages:${PYTHONPATH} /usr/bin/python3 -W ignore:setup.py install is deprecated -W ignore:easy_install command is deprecated setup.py egg_info --egg-base ../../build/rasd_camera build --build-base /home/rasd/ros2_ws/build/rasd_camera/build install --record /home/rasd/ros2_ws/build/rasd_camera/install.log --single-version-externally-managed install_data
