[35m[1mConsolidate compiler generated dependencies of target elevation_profile_node[0m
[100%] Built target elevation_profile_node
-- Install configuration: ""
-- Execute custom install script
-- Up-to-date symlink: /home/rasd/ros2_ws/src/install/rasd_elev_profile/lib/rasd_elev_profile/elevation_profile_node
-- Up-to-date symlink: /home/rasd/ros2_ws/src/install/rasd_elev_profile/share/ament_index/resource_index/package_run_dependencies/rasd_elev_profile
-- Up-to-date symlink: /home/rasd/ros2_ws/src/install/rasd_elev_profile/share/ament_index/resource_index/parent_prefix_path/rasd_elev_profile
-- Up-to-date symlink: /home/rasd/ros2_ws/src/install/rasd_elev_profile/share/rasd_elev_profile/environment/ament_prefix_path.sh
-- Up-to-date symlink: /home/rasd/ros2_ws/src/install/rasd_elev_profile/share/rasd_elev_profile/environment/ament_prefix_path.dsv
-- Up-to-date symlink: /home/rasd/ros2_ws/src/install/rasd_elev_profile/share/rasd_elev_profile/environment/path.sh
-- Up-to-date symlink: /home/rasd/ros2_ws/src/install/rasd_elev_profile/share/rasd_elev_profile/environment/path.dsv
-- Up-to-date symlink: /home/rasd/ros2_ws/src/install/rasd_elev_profile/share/rasd_elev_profile/local_setup.bash
-- Up-to-date symlink: /home/rasd/ros2_ws/src/install/rasd_elev_profile/share/rasd_elev_profile/local_setup.sh
-- Up-to-date symlink: /home/rasd/ros2_ws/src/install/rasd_elev_profile/share/rasd_elev_profile/local_setup.zsh
-- Up-to-date symlink: /home/rasd/ros2_ws/src/install/rasd_elev_profile/share/rasd_elev_profile/local_setup.dsv
-- Symlinking: /home/rasd/ros2_ws/src/install/rasd_elev_profile/share/rasd_elev_profile/package.dsv
-- Up-to-date symlink: /home/rasd/ros2_ws/src/install/rasd_elev_profile/share/ament_index/resource_index/packages/rasd_elev_profile
-- Up-to-date symlink: /home/rasd/ros2_ws/src/install/rasd_elev_profile/share/rasd_elev_profile/cmake/rasd_elev_profileConfig.cmake
-- Up-to-date symlink: /home/rasd/ros2_ws/src/install/rasd_elev_profile/share/rasd_elev_profile/cmake/rasd_elev_profileConfig-version.cmake
-- Up-to-date symlink: /home/rasd/ros2_ws/src/install/rasd_elev_profile/share/rasd_elev_profile/package.xml
