[0.051s] Invoking command in '/home/rasd/ros2_ws/src/build/rasd_elev_profile': CMAKE_PREFIX_PATH=${CMAKE_PREFIX_PATH}:/home/rasd/ros2_ws/install/rasd_tf:/home/rasd/ros2_ws/install/rasd_roi_filter:/home/rasd/ros2_ws/install/rasd_camera:/home/rasd/ros2_ws/src/install/rasd_roi_filter:/opt/ros/humble /usr/bin/cmake --build /home/rasd/ros2_ws/src/build/rasd_elev_profile -- -j6 -l6
[0.238s] [35m[1mConsolidate compiler generated dependencies of target elevation_profile_node[0m
[0.304s] [100%] Built target elevation_profile_node
[0.344s] Invoked command in '/home/rasd/ros2_ws/src/build/rasd_elev_profile' returned '0': CMAKE_PREFIX_PATH=${CMAKE_PREFIX_PATH}:/home/rasd/ros2_ws/install/rasd_tf:/home/rasd/ros2_ws/install/rasd_roi_filter:/home/rasd/ros2_ws/install/rasd_camera:/home/rasd/ros2_ws/src/install/rasd_roi_filter:/opt/ros/humble /usr/bin/cmake --build /home/rasd/ros2_ws/src/build/rasd_elev_profile -- -j6 -l6
[0.381s] Invoking command in '/home/rasd/ros2_ws/src/build/rasd_elev_profile': CMAKE_PREFIX_PATH=${CMAKE_PREFIX_PATH}:/home/rasd/ros2_ws/install/rasd_tf:/home/rasd/ros2_ws/install/rasd_roi_filter:/home/rasd/ros2_ws/install/rasd_camera:/home/rasd/ros2_ws/src/install/rasd_roi_filter:/opt/ros/humble /usr/bin/cmake --install /home/rasd/ros2_ws/src/build/rasd_elev_profile
[0.404s] -- Install configuration: ""
[0.405s] -- Execute custom install script
[0.405s] -- Up-to-date symlink: /home/rasd/ros2_ws/src/install/rasd_elev_profile/lib/rasd_elev_profile/elevation_profile_node
[0.406s] -- Up-to-date symlink: /home/rasd/ros2_ws/src/install/rasd_elev_profile/share/ament_index/resource_index/package_run_dependencies/rasd_elev_profile
[0.406s] -- Up-to-date symlink: /home/rasd/ros2_ws/src/install/rasd_elev_profile/share/ament_index/resource_index/parent_prefix_path/rasd_elev_profile
[0.406s] -- Up-to-date symlink: /home/rasd/ros2_ws/src/install/rasd_elev_profile/share/rasd_elev_profile/environment/ament_prefix_path.sh
[0.407s] -- Up-to-date symlink: /home/rasd/ros2_ws/src/install/rasd_elev_profile/share/rasd_elev_profile/environment/ament_prefix_path.dsv
[0.407s] -- Up-to-date symlink: /home/rasd/ros2_ws/src/install/rasd_elev_profile/share/rasd_elev_profile/environment/path.sh
[0.407s] -- Up-to-date symlink: /home/rasd/ros2_ws/src/install/rasd_elev_profile/share/rasd_elev_profile/environment/path.dsv
[0.408s] -- Up-to-date symlink: /home/rasd/ros2_ws/src/install/rasd_elev_profile/share/rasd_elev_profile/local_setup.bash
[0.408s] -- Up-to-date symlink: /home/rasd/ros2_ws/src/install/rasd_elev_profile/share/rasd_elev_profile/local_setup.sh
[0.408s] -- Up-to-date symlink: /home/rasd/ros2_ws/src/install/rasd_elev_profile/share/rasd_elev_profile/local_setup.zsh
[0.409s] -- Up-to-date symlink: /home/rasd/ros2_ws/src/install/rasd_elev_profile/share/rasd_elev_profile/local_setup.dsv
[0.409s] -- Symlinking: /home/rasd/ros2_ws/src/install/rasd_elev_profile/share/rasd_elev_profile/package.dsv
[0.441s] -- Up-to-date symlink: /home/rasd/ros2_ws/src/install/rasd_elev_profile/share/ament_index/resource_index/packages/rasd_elev_profile
[0.441s] -- Up-to-date symlink: /home/rasd/ros2_ws/src/install/rasd_elev_profile/share/rasd_elev_profile/cmake/rasd_elev_profileConfig.cmake
[0.442s] -- Up-to-date symlink: /home/rasd/ros2_ws/src/install/rasd_elev_profile/share/rasd_elev_profile/cmake/rasd_elev_profileConfig-version.cmake
[0.442s] -- Up-to-date symlink: /home/rasd/ros2_ws/src/install/rasd_elev_profile/share/rasd_elev_profile/package.xml
[0.450s] Invoked command in '/home/rasd/ros2_ws/src/build/rasd_elev_profile' returned '0': CMAKE_PREFIX_PATH=${CMAKE_PREFIX_PATH}:/home/rasd/ros2_ws/install/rasd_tf:/home/rasd/ros2_ws/install/rasd_roi_filter:/home/rasd/ros2_ws/install/rasd_camera:/home/rasd/ros2_ws/src/install/rasd_roi_filter:/opt/ros/humble /usr/bin/cmake --install /home/rasd/ros2_ws/src/build/rasd_elev_profile
