[0.040s] Invoking command in '/home/rasd/ros2_ws/build/rasd_ransac_speedbump': CMAKE_PREFIX_PATH=${CMAKE_PREFIX_PATH}:/home/rasd/install/rasd_tf:/home/rasd/install/rasd_roi_filter:/home/rasd/ros2_ws/install/rasd_tf:/home/rasd/ros2_ws/install/rasd_roi_filter:/home/rasd/ros2_ws/install/rasd_led_serial:/home/rasd/ros2_ws/install/rasd_gps:/home/rasd/ros2_ws/install/rasd_fusion:/home/rasd/ros2_ws/install/rasd_camera:/opt/ros/humble /usr/bin/cmake --build /home/rasd/ros2_ws/build/rasd_ransac_speedbump -- -j6 -l6
[0.404s] [35m[1mConsolidate compiler generated dependencies of target ransac_speedbump_node[0m
[0.749s] [100%] Built target ransac_speedbump_node
[0.785s] Invoked command in '/home/rasd/ros2_ws/build/rasd_ransac_speedbump' returned '0': CMAKE_PREFIX_PATH=${CMAKE_PREFIX_PATH}:/home/rasd/install/rasd_tf:/home/rasd/install/rasd_roi_filter:/home/rasd/ros2_ws/install/rasd_tf:/home/rasd/ros2_ws/install/rasd_roi_filter:/home/rasd/ros2_ws/install/rasd_led_serial:/home/rasd/ros2_ws/install/rasd_gps:/home/rasd/ros2_ws/install/rasd_fusion:/home/rasd/ros2_ws/install/rasd_camera:/opt/ros/humble /usr/bin/cmake --build /home/rasd/ros2_ws/build/rasd_ransac_speedbump -- -j6 -l6
[0.821s] Invoking command in '/home/rasd/ros2_ws/build/rasd_ransac_speedbump': CMAKE_PREFIX_PATH=${CMAKE_PREFIX_PATH}:/home/rasd/install/rasd_tf:/home/rasd/install/rasd_roi_filter:/home/rasd/ros2_ws/install/rasd_tf:/home/rasd/ros2_ws/install/rasd_roi_filter:/home/rasd/ros2_ws/install/rasd_led_serial:/home/rasd/ros2_ws/install/rasd_gps:/home/rasd/ros2_ws/install/rasd_fusion:/home/rasd/ros2_ws/install/rasd_camera:/opt/ros/humble /usr/bin/cmake --install /home/rasd/ros2_ws/build/rasd_ransac_speedbump
[0.846s] -- Install configuration: ""
[0.847s] -- Execute custom install script
[0.849s] -- Up-to-date symlink: /home/rasd/ros2_ws/install/rasd_ransac_speedbump/lib/rasd_ransac_speedbump/ransac_speedbump_node
[0.851s] -- Up-to-date symlink: /home/rasd/ros2_ws/install/rasd_ransac_speedbump/share/ament_index/resource_index/package_run_dependencies/rasd_ransac_speedbump
[0.852s] -- Up-to-date symlink: /home/rasd/ros2_ws/install/rasd_ransac_speedbump/share/ament_index/resource_index/parent_prefix_path/rasd_ransac_speedbump
[0.852s] -- Up-to-date symlink: /home/rasd/ros2_ws/install/rasd_ransac_speedbump/share/rasd_ransac_speedbump/environment/ament_prefix_path.sh
[0.853s] -- Up-to-date symlink: /home/rasd/ros2_ws/install/rasd_ransac_speedbump/share/rasd_ransac_speedbump/environment/ament_prefix_path.dsv
[0.853s] -- Up-to-date symlink: /home/rasd/ros2_ws/install/rasd_ransac_speedbump/share/rasd_ransac_speedbump/environment/path.sh
[0.854s] -- Up-to-date symlink: /home/rasd/ros2_ws/install/rasd_ransac_speedbump/share/rasd_ransac_speedbump/environment/path.dsv
[0.855s] -- Up-to-date symlink: /home/rasd/ros2_ws/install/rasd_ransac_speedbump/share/rasd_ransac_speedbump/local_setup.bash
[0.855s] -- Up-to-date symlink: /home/rasd/ros2_ws/install/rasd_ransac_speedbump/share/rasd_ransac_speedbump/local_setup.sh
[0.856s] -- Up-to-date symlink: /home/rasd/ros2_ws/install/rasd_ransac_speedbump/share/rasd_ransac_speedbump/local_setup.zsh
[0.856s] -- Up-to-date symlink: /home/rasd/ros2_ws/install/rasd_ransac_speedbump/share/rasd_ransac_speedbump/local_setup.dsv
[0.857s] -- Symlinking: /home/rasd/ros2_ws/install/rasd_ransac_speedbump/share/rasd_ransac_speedbump/package.dsv
[0.880s] -- Up-to-date symlink: /home/rasd/ros2_ws/install/rasd_ransac_speedbump/share/ament_index/resource_index/packages/rasd_ransac_speedbump
[0.880s] -- Up-to-date symlink: /home/rasd/ros2_ws/install/rasd_ransac_speedbump/share/rasd_ransac_speedbump/cmake/ament_cmake_export_include_directories-extras.cmake
[0.881s] -- Up-to-date symlink: /home/rasd/ros2_ws/install/rasd_ransac_speedbump/share/rasd_ransac_speedbump/cmake/rasd_ransac_speedbumpConfig.cmake
[0.882s] -- Up-to-date symlink: /home/rasd/ros2_ws/install/rasd_ransac_speedbump/share/rasd_ransac_speedbump/cmake/rasd_ransac_speedbumpConfig-version.cmake
[0.882s] -- Up-to-date symlink: /home/rasd/ros2_ws/install/rasd_ransac_speedbump/share/rasd_ransac_speedbump/package.xml
[0.891s] Invoked command in '/home/rasd/ros2_ws/build/rasd_ransac_speedbump' returned '0': CMAKE_PREFIX_PATH=${CMAKE_PREFIX_PATH}:/home/rasd/install/rasd_tf:/home/rasd/install/rasd_roi_filter:/home/rasd/ros2_ws/install/rasd_tf:/home/rasd/ros2_ws/install/rasd_roi_filter:/home/rasd/ros2_ws/install/rasd_led_serial:/home/rasd/ros2_ws/install/rasd_gps:/home/rasd/ros2_ws/install/rasd_fusion:/home/rasd/ros2_ws/install/rasd_camera:/opt/ros/humble /usr/bin/cmake --install /home/rasd/ros2_ws/build/rasd_ransac_speedbump
