[0.288s] DEBUG:colcon:Command line arguments: ['/usr/bin/colcon', 'build', '--packages-select', 'rasd_roi_filter', '--symlink-install']
[0.288s] DEBUG:colcon:Parsed command line arguments: Namespace(log_base=None, log_level=None, verb_name='build', build_base='build', install_base='install', merge_install=False, symlink_install=True, test_result_base=None, continue_on_error=False, executor='parallel', parallel_workers=6, event_handlers=None, ignore_user_meta=False, metas=['./colcon.meta'], base_paths=['.'], packages_ignore=None, packages_ignore_regex=None, paths=None, packages_up_to=None, packages_up_to_regex=None, packages_above=None, packages_above_and_dependencies=None, packages_above_depth=None, packages_select_by_dep=None, packages_skip_by_dep=None, packages_skip_up_to=None, packages_select_build_failed=False, packages_skip_build_finished=False, packages_select_test_failures=False, packages_skip_test_passed=False, packages_select=['rasd_roi_filter'], packages_skip=None, packages_select_regex=None, packages_skip_regex=None, packages_start=None, packages_end=None, allow_overriding=[], cmake_args=None, cmake_target=None, cmake_target_skip_unavailable=False, cmake_clean_cache=False, cmake_clean_first=False, cmake_force_configure=False, ament_cmake_args=None, catkin_cmake_args=None, catkin_skip_building_tests=False, verb_parser=<colcon_defaults.argument_parser.defaults.DefaultArgumentsDecorator object at 0xffff96aa2830>, verb_extension=<colcon_core.verb.build.BuildVerb object at 0xffff96aa2290>, main=<bound method BuildVerb.main of <colcon_core.verb.build.BuildVerb object at 0xffff96aa2290>>)
[0.728s] Level 1:colcon.colcon_core.package_discovery:discover_packages(colcon_meta) check parameters
[0.728s] Level 1:colcon.colcon_core.package_discovery:discover_packages(recursive) check parameters
[0.729s] Level 1:colcon.colcon_core.package_discovery:discover_packages(ignore) check parameters
[0.729s] Level 1:colcon.colcon_core.package_discovery:discover_packages(path) check parameters
[0.729s] Level 1:colcon.colcon_core.package_discovery:discover_packages(colcon_meta) discover
[0.729s] Level 1:colcon.colcon_core.package_discovery:discover_packages(recursive) discover
[0.729s] INFO:colcon.colcon_core.package_discovery:Crawling recursively for packages in '/home/rasd/ros2_ws/src'
[0.729s] Level 1:colcon.colcon_core.package_identification:_identify(.) by extensions ['ignore', 'ignore_ament_install']
[0.730s] Level 1:colcon.colcon_core.package_identification:_identify(.) by extension 'ignore'
[0.730s] Level 1:colcon.colcon_core.package_identification:_identify(.) by extension 'ignore_ament_install'
[0.730s] Level 1:colcon.colcon_core.package_identification:_identify(.) by extensions ['colcon_pkg']
[0.730s] Level 1:colcon.colcon_core.package_identification:_identify(.) by extension 'colcon_pkg'
[0.730s] Level 1:colcon.colcon_core.package_identification:_identify(.) by extensions ['colcon_meta']
[0.730s] Level 1:colcon.colcon_core.package_identification:_identify(.) by extension 'colcon_meta'
[0.730s] Level 1:colcon.colcon_core.package_identification:_identify(.) by extensions ['ros']
[0.730s] Level 1:colcon.colcon_core.package_identification:_identify(.) by extension 'ros'
[0.760s] Level 1:colcon.colcon_core.package_identification:_identify(.) by extensions ['cmake', 'python']
[0.761s] Level 1:colcon.colcon_core.package_identification:_identify(.) by extension 'cmake'
[0.761s] Level 1:colcon.colcon_core.package_identification:_identify(.) by extension 'python'
[0.761s] Level 1:colcon.colcon_core.package_identification:_identify(.) by extensions ['python_setup_py']
[0.761s] Level 1:colcon.colcon_core.package_identification:_identify(.) by extension 'python_setup_py'
[0.761s] Level 1:colcon.colcon_core.package_identification:_identify(Livox-SDK) by extensions ['ignore', 'ignore_ament_install']
[0.762s] Level 1:colcon.colcon_core.package_identification:_identify(Livox-SDK) by extension 'ignore'
[0.762s] Level 1:colcon.colcon_core.package_identification:_identify(Livox-SDK) by extension 'ignore_ament_install'
[0.762s] Level 1:colcon.colcon_core.package_identification:_identify(Livox-SDK) by extensions ['colcon_pkg']
[0.762s] Level 1:colcon.colcon_core.package_identification:_identify(Livox-SDK) by extension 'colcon_pkg'
[0.762s] Level 1:colcon.colcon_core.package_identification:_identify(Livox-SDK) by extensions ['colcon_meta']
[0.762s] Level 1:colcon.colcon_core.package_identification:_identify(Livox-SDK) by extension 'colcon_meta'
[0.762s] Level 1:colcon.colcon_core.package_identification:_identify(Livox-SDK) by extensions ['ros']
[0.763s] Level 1:colcon.colcon_core.package_identification:_identify(Livox-SDK) by extension 'ros'
[0.763s] Level 1:colcon.colcon_core.package_identification:_identify(Livox-SDK) by extensions ['cmake', 'python']
[0.763s] Level 1:colcon.colcon_core.package_identification:_identify(Livox-SDK) by extension 'cmake'
[0.786s] Level 1:colcon.colcon_core.package_identification:_identify(Livox-SDK) by extension 'python'
[0.787s] DEBUG:colcon.colcon_core.package_identification:Package 'Livox-SDK' with type 'cmake' and name 'livox_sdk'
[0.787s] Level 1:colcon.colcon_core.package_identification:_identify(build) by extensions ['ignore', 'ignore_ament_install']
[0.787s] Level 1:colcon.colcon_core.package_identification:_identify(build) by extension 'ignore'
[0.787s] Level 1:colcon.colcon_core.package_identification:_identify(build) ignored
[0.788s] Level 1:colcon.colcon_core.package_identification:_identify(grid_map) by extensions ['ignore', 'ignore_ament_install']
[0.788s] Level 1:colcon.colcon_core.package_identification:_identify(grid_map) by extension 'ignore'
[0.788s] Level 1:colcon.colcon_core.package_identification:_identify(grid_map) by extension 'ignore_ament_install'
[0.788s] Level 1:colcon.colcon_core.package_identification:_identify(grid_map) by extensions ['colcon_pkg']
[0.788s] Level 1:colcon.colcon_core.package_identification:_identify(grid_map) by extension 'colcon_pkg'
[0.789s] Level 1:colcon.colcon_core.package_identification:_identify(grid_map) by extensions ['colcon_meta']
[0.789s] Level 1:colcon.colcon_core.package_identification:_identify(grid_map) by extension 'colcon_meta'
[0.789s] Level 1:colcon.colcon_core.package_identification:_identify(grid_map) by extensions ['ros']
[0.789s] Level 1:colcon.colcon_core.package_identification:_identify(grid_map) by extension 'ros'
[0.789s] Level 1:colcon.colcon_core.package_identification:_identify(grid_map) by extensions ['cmake', 'python']
[0.789s] Level 1:colcon.colcon_core.package_identification:_identify(grid_map) by extension 'cmake'
[0.789s] Level 1:colcon.colcon_core.package_identification:_identify(grid_map) by extension 'python'
[0.789s] Level 1:colcon.colcon_core.package_identification:_identify(grid_map) by extensions ['python_setup_py']
[0.789s] Level 1:colcon.colcon_core.package_identification:_identify(grid_map) by extension 'python_setup_py'
[0.790s] Level 1:colcon.colcon_core.package_identification:_identify(grid_map/grid_map) by extensions ['ignore', 'ignore_ament_install']
[0.790s] Level 1:colcon.colcon_core.package_identification:_identify(grid_map/grid_map) by extension 'ignore'
[0.790s] Level 1:colcon.colcon_core.package_identification:_identify(grid_map/grid_map) by extension 'ignore_ament_install'
[0.790s] Level 1:colcon.colcon_core.package_identification:_identify(grid_map/grid_map) by extensions ['colcon_pkg']
[0.790s] Level 1:colcon.colcon_core.package_identification:_identify(grid_map/grid_map) by extension 'colcon_pkg'
[0.790s] Level 1:colcon.colcon_core.package_identification:_identify(grid_map/grid_map) by extensions ['colcon_meta']
[0.790s] Level 1:colcon.colcon_core.package_identification:_identify(grid_map/grid_map) by extension 'colcon_meta'
[0.790s] Level 1:colcon.colcon_core.package_identification:_identify(grid_map/grid_map) by extensions ['ros']
[0.791s] Level 1:colcon.colcon_core.package_identification:_identify(grid_map/grid_map) by extension 'ros'
[0.797s] DEBUG:colcon.colcon_core.package_identification:Package 'grid_map/grid_map' with type 'ros.ament_cmake' and name 'grid_map'
[0.798s] Level 1:colcon.colcon_core.package_identification:_identify(grid_map/grid_map_cmake_helpers) by extensions ['ignore', 'ignore_ament_install']
[0.798s] Level 1:colcon.colcon_core.package_identification:_identify(grid_map/grid_map_cmake_helpers) by extension 'ignore'
[0.798s] Level 1:colcon.colcon_core.package_identification:_identify(grid_map/grid_map_cmake_helpers) by extension 'ignore_ament_install'
[0.799s] Level 1:colcon.colcon_core.package_identification:_identify(grid_map/grid_map_cmake_helpers) by extensions ['colcon_pkg']
[0.799s] Level 1:colcon.colcon_core.package_identification:_identify(grid_map/grid_map_cmake_helpers) by extension 'colcon_pkg'
[0.799s] Level 1:colcon.colcon_core.package_identification:_identify(grid_map/grid_map_cmake_helpers) by extensions ['colcon_meta']
[0.799s] Level 1:colcon.colcon_core.package_identification:_identify(grid_map/grid_map_cmake_helpers) by extension 'colcon_meta'
[0.799s] Level 1:colcon.colcon_core.package_identification:_identify(grid_map/grid_map_cmake_helpers) by extensions ['ros']
[0.799s] Level 1:colcon.colcon_core.package_identification:_identify(grid_map/grid_map_cmake_helpers) by extension 'ros'
[0.801s] DEBUG:colcon.colcon_core.package_identification:Package 'grid_map/grid_map_cmake_helpers' with type 'ros.ament_cmake' and name 'grid_map_cmake_helpers'
[0.801s] Level 1:colcon.colcon_core.package_identification:_identify(grid_map/grid_map_core) by extensions ['ignore', 'ignore_ament_install']
[0.801s] Level 1:colcon.colcon_core.package_identification:_identify(grid_map/grid_map_core) by extension 'ignore'
[0.801s] Level 1:colcon.colcon_core.package_identification:_identify(grid_map/grid_map_core) by extension 'ignore_ament_install'
[0.802s] Level 1:colcon.colcon_core.package_identification:_identify(grid_map/grid_map_core) by extensions ['colcon_pkg']
[0.802s] Level 1:colcon.colcon_core.package_identification:_identify(grid_map/grid_map_core) by extension 'colcon_pkg'
[0.802s] Level 1:colcon.colcon_core.package_identification:_identify(grid_map/grid_map_core) by extensions ['colcon_meta']
[0.802s] Level 1:colcon.colcon_core.package_identification:_identify(grid_map/grid_map_core) by extension 'colcon_meta'
[0.802s] Level 1:colcon.colcon_core.package_identification:_identify(grid_map/grid_map_core) by extensions ['ros']
[0.802s] Level 1:colcon.colcon_core.package_identification:_identify(grid_map/grid_map_core) by extension 'ros'
[0.804s] DEBUG:colcon.colcon_core.package_identification:Package 'grid_map/grid_map_core' with type 'ros.ament_cmake' and name 'grid_map_core'
[0.804s] Level 1:colcon.colcon_core.package_identification:_identify(grid_map/grid_map_costmap_2d) by extensions ['ignore', 'ignore_ament_install']
[0.804s] Level 1:colcon.colcon_core.package_identification:_identify(grid_map/grid_map_costmap_2d) by extension 'ignore'
[0.805s] Level 1:colcon.colcon_core.package_identification:_identify(grid_map/grid_map_costmap_2d) by extension 'ignore_ament_install'
[0.805s] Level 1:colcon.colcon_core.package_identification:_identify(grid_map/grid_map_costmap_2d) by extensions ['colcon_pkg']
[0.805s] Level 1:colcon.colcon_core.package_identification:_identify(grid_map/grid_map_costmap_2d) by extension 'colcon_pkg'
[0.805s] Level 1:colcon.colcon_core.package_identification:_identify(grid_map/grid_map_costmap_2d) by extensions ['colcon_meta']
[0.805s] Level 1:colcon.colcon_core.package_identification:_identify(grid_map/grid_map_costmap_2d) by extension 'colcon_meta'
[0.805s] Level 1:colcon.colcon_core.package_identification:_identify(grid_map/grid_map_costmap_2d) by extensions ['ros']
[0.805s] Level 1:colcon.colcon_core.package_identification:_identify(grid_map/grid_map_costmap_2d) by extension 'ros'
[0.807s] DEBUG:colcon.colcon_core.package_identification:Package 'grid_map/grid_map_costmap_2d' with type 'ros.ament_cmake' and name 'grid_map_costmap_2d'
[0.808s] Level 1:colcon.colcon_core.package_identification:_identify(grid_map/grid_map_cv) by extensions ['ignore', 'ignore_ament_install']
[0.808s] Level 1:colcon.colcon_core.package_identification:_identify(grid_map/grid_map_cv) by extension 'ignore'
[0.808s] Level 1:colcon.colcon_core.package_identification:_identify(grid_map/grid_map_cv) by extension 'ignore_ament_install'
[0.808s] Level 1:colcon.colcon_core.package_identification:_identify(grid_map/grid_map_cv) by extensions ['colcon_pkg']
[0.808s] Level 1:colcon.colcon_core.package_identification:_identify(grid_map/grid_map_cv) by extension 'colcon_pkg'
[0.808s] Level 1:colcon.colcon_core.package_identification:_identify(grid_map/grid_map_cv) by extensions ['colcon_meta']
[0.808s] Level 1:colcon.colcon_core.package_identification:_identify(grid_map/grid_map_cv) by extension 'colcon_meta'
[0.809s] Level 1:colcon.colcon_core.package_identification:_identify(grid_map/grid_map_cv) by extensions ['ros']
[0.809s] Level 1:colcon.colcon_core.package_identification:_identify(grid_map/grid_map_cv) by extension 'ros'
[0.811s] DEBUG:colcon.colcon_core.package_identification:Package 'grid_map/grid_map_cv' with type 'ros.ament_cmake' and name 'grid_map_cv'
[0.811s] Level 1:colcon.colcon_core.package_identification:_identify(grid_map/grid_map_demos) by extensions ['ignore', 'ignore_ament_install']
[0.811s] Level 1:colcon.colcon_core.package_identification:_identify(grid_map/grid_map_demos) by extension 'ignore'
[0.811s] Level 1:colcon.colcon_core.package_identification:_identify(grid_map/grid_map_demos) by extension 'ignore_ament_install'
[0.812s] Level 1:colcon.colcon_core.package_identification:_identify(grid_map/grid_map_demos) by extensions ['colcon_pkg']
[0.812s] Level 1:colcon.colcon_core.package_identification:_identify(grid_map/grid_map_demos) by extension 'colcon_pkg'
[0.812s] Level 1:colcon.colcon_core.package_identification:_identify(grid_map/grid_map_demos) by extensions ['colcon_meta']
[0.812s] Level 1:colcon.colcon_core.package_identification:_identify(grid_map/grid_map_demos) by extension 'colcon_meta'
[0.812s] Level 1:colcon.colcon_core.package_identification:_identify(grid_map/grid_map_demos) by extensions ['ros']
[0.812s] Level 1:colcon.colcon_core.package_identification:_identify(grid_map/grid_map_demos) by extension 'ros'
[0.816s] DEBUG:colcon.colcon_core.package_identification:Package 'grid_map/grid_map_demos' with type 'ros.ament_cmake' and name 'grid_map_demos'
[0.816s] Level 1:colcon.colcon_core.package_identification:_identify(grid_map/grid_map_filters) by extensions ['ignore', 'ignore_ament_install']
[0.816s] Level 1:colcon.colcon_core.package_identification:_identify(grid_map/grid_map_filters) by extension 'ignore'
[0.816s] Level 1:colcon.colcon_core.package_identification:_identify(grid_map/grid_map_filters) by extension 'ignore_ament_install'
[0.817s] Level 1:colcon.colcon_core.package_identification:_identify(grid_map/grid_map_filters) by extensions ['colcon_pkg']
[0.817s] Level 1:colcon.colcon_core.package_identification:_identify(grid_map/grid_map_filters) by extension 'colcon_pkg'
[0.817s] Level 1:colcon.colcon_core.package_identification:_identify(grid_map/grid_map_filters) by extensions ['colcon_meta']
[0.817s] Level 1:colcon.colcon_core.package_identification:_identify(grid_map/grid_map_filters) by extension 'colcon_meta'
[0.817s] Level 1:colcon.colcon_core.package_identification:_identify(grid_map/grid_map_filters) by extensions ['ros']
[0.817s] Level 1:colcon.colcon_core.package_identification:_identify(grid_map/grid_map_filters) by extension 'ros'
[0.819s] DEBUG:colcon.colcon_core.package_identification:Package 'grid_map/grid_map_filters' with type 'ros.ament_cmake' and name 'grid_map_filters'
[0.820s] Level 1:colcon.colcon_core.package_identification:_identify(grid_map/grid_map_loader) by extensions ['ignore', 'ignore_ament_install']
[0.820s] Level 1:colcon.colcon_core.package_identification:_identify(grid_map/grid_map_loader) by extension 'ignore'
[0.820s] Level 1:colcon.colcon_core.package_identification:_identify(grid_map/grid_map_loader) by extension 'ignore_ament_install'
[0.820s] Level 1:colcon.colcon_core.package_identification:_identify(grid_map/grid_map_loader) by extensions ['colcon_pkg']
[0.820s] Level 1:colcon.colcon_core.package_identification:_identify(grid_map/grid_map_loader) by extension 'colcon_pkg'
[0.820s] Level 1:colcon.colcon_core.package_identification:_identify(grid_map/grid_map_loader) by extensions ['colcon_meta']
[0.821s] Level 1:colcon.colcon_core.package_identification:_identify(grid_map/grid_map_loader) by extension 'colcon_meta'
[0.821s] Level 1:colcon.colcon_core.package_identification:_identify(grid_map/grid_map_loader) by extensions ['ros']
[0.821s] Level 1:colcon.colcon_core.package_identification:_identify(grid_map/grid_map_loader) by extension 'ros'
[0.823s] DEBUG:colcon.colcon_core.package_identification:Package 'grid_map/grid_map_loader' with type 'ros.ament_cmake' and name 'grid_map_loader'
[0.823s] Level 1:colcon.colcon_core.package_identification:_identify(grid_map/grid_map_msgs) by extensions ['ignore', 'ignore_ament_install']
[0.823s] Level 1:colcon.colcon_core.package_identification:_identify(grid_map/grid_map_msgs) by extension 'ignore'
[0.824s] Level 1:colcon.colcon_core.package_identification:_identify(grid_map/grid_map_msgs) by extension 'ignore_ament_install'
[0.824s] Level 1:colcon.colcon_core.package_identification:_identify(grid_map/grid_map_msgs) by extensions ['colcon_pkg']
[0.824s] Level 1:colcon.colcon_core.package_identification:_identify(grid_map/grid_map_msgs) by extension 'colcon_pkg'
[0.824s] Level 1:colcon.colcon_core.package_identification:_identify(grid_map/grid_map_msgs) by extensions ['colcon_meta']
[0.824s] Level 1:colcon.colcon_core.package_identification:_identify(grid_map/grid_map_msgs) by extension 'colcon_meta'
[0.824s] Level 1:colcon.colcon_core.package_identification:_identify(grid_map/grid_map_msgs) by extensions ['ros']
[0.824s] Level 1:colcon.colcon_core.package_identification:_identify(grid_map/grid_map_msgs) by extension 'ros'
[0.827s] DEBUG:colcon.colcon_core.package_identification:Package 'grid_map/grid_map_msgs' with type 'ros.ament_cmake' and name 'grid_map_msgs'
[0.827s] Level 1:colcon.colcon_core.package_identification:_identify(grid_map/grid_map_octomap) by extensions ['ignore', 'ignore_ament_install']
[0.827s] Level 1:colcon.colcon_core.package_identification:_identify(grid_map/grid_map_octomap) by extension 'ignore'
[0.827s] Level 1:colcon.colcon_core.package_identification:_identify(grid_map/grid_map_octomap) by extension 'ignore_ament_install'
[0.828s] Level 1:colcon.colcon_core.package_identification:_identify(grid_map/grid_map_octomap) by extensions ['colcon_pkg']
[0.828s] Level 1:colcon.colcon_core.package_identification:_identify(grid_map/grid_map_octomap) by extension 'colcon_pkg'
[0.828s] Level 1:colcon.colcon_core.package_identification:_identify(grid_map/grid_map_octomap) by extensions ['colcon_meta']
[0.828s] Level 1:colcon.colcon_core.package_identification:_identify(grid_map/grid_map_octomap) by extension 'colcon_meta'
[0.828s] Level 1:colcon.colcon_core.package_identification:_identify(grid_map/grid_map_octomap) by extensions ['ros']
[0.828s] Level 1:colcon.colcon_core.package_identification:_identify(grid_map/grid_map_octomap) by extension 'ros'
[0.830s] DEBUG:colcon.colcon_core.package_identification:Package 'grid_map/grid_map_octomap' with type 'ros.ament_cmake' and name 'grid_map_octomap'
[0.830s] Level 1:colcon.colcon_core.package_identification:_identify(grid_map/grid_map_pcl) by extensions ['ignore', 'ignore_ament_install']
[0.831s] Level 1:colcon.colcon_core.package_identification:_identify(grid_map/grid_map_pcl) by extension 'ignore'
[0.831s] Level 1:colcon.colcon_core.package_identification:_identify(grid_map/grid_map_pcl) by extension 'ignore_ament_install'
[0.831s] Level 1:colcon.colcon_core.package_identification:_identify(grid_map/grid_map_pcl) by extensions ['colcon_pkg']
[0.831s] Level 1:colcon.colcon_core.package_identification:_identify(grid_map/grid_map_pcl) by extension 'colcon_pkg'
[0.831s] Level 1:colcon.colcon_core.package_identification:_identify(grid_map/grid_map_pcl) by extensions ['colcon_meta']
[0.831s] Level 1:colcon.colcon_core.package_identification:_identify(grid_map/grid_map_pcl) by extension 'colcon_meta'
[0.831s] Level 1:colcon.colcon_core.package_identification:_identify(grid_map/grid_map_pcl) by extensions ['ros']
[0.832s] Level 1:colcon.colcon_core.package_identification:_identify(grid_map/grid_map_pcl) by extension 'ros'
[0.834s] DEBUG:colcon.colcon_core.package_identification:Package 'grid_map/grid_map_pcl' with type 'ros.ament_cmake' and name 'grid_map_pcl'
[0.835s] Level 1:colcon.colcon_core.package_identification:_identify(grid_map/grid_map_ros) by extensions ['ignore', 'ignore_ament_install']
[0.835s] Level 1:colcon.colcon_core.package_identification:_identify(grid_map/grid_map_ros) by extension 'ignore'
[0.835s] Level 1:colcon.colcon_core.package_identification:_identify(grid_map/grid_map_ros) by extension 'ignore_ament_install'
[0.835s] Level 1:colcon.colcon_core.package_identification:_identify(grid_map/grid_map_ros) by extensions ['colcon_pkg']
[0.835s] Level 1:colcon.colcon_core.package_identification:_identify(grid_map/grid_map_ros) by extension 'colcon_pkg'
[0.835s] Level 1:colcon.colcon_core.package_identification:_identify(grid_map/grid_map_ros) by extensions ['colcon_meta']
[0.835s] Level 1:colcon.colcon_core.package_identification:_identify(grid_map/grid_map_ros) by extension 'colcon_meta'
[0.836s] Level 1:colcon.colcon_core.package_identification:_identify(grid_map/grid_map_ros) by extensions ['ros']
[0.836s] Level 1:colcon.colcon_core.package_identification:_identify(grid_map/grid_map_ros) by extension 'ros'
[0.839s] DEBUG:colcon.colcon_core.package_identification:Package 'grid_map/grid_map_ros' with type 'ros.ament_cmake' and name 'grid_map_ros'
[0.840s] Level 1:colcon.colcon_core.package_identification:_identify(grid_map/grid_map_rviz_plugin) by extensions ['ignore', 'ignore_ament_install']
[0.840s] Level 1:colcon.colcon_core.package_identification:_identify(grid_map/grid_map_rviz_plugin) by extension 'ignore'
[0.840s] Level 1:colcon.colcon_core.package_identification:_identify(grid_map/grid_map_rviz_plugin) by extension 'ignore_ament_install'
[0.840s] Level 1:colcon.colcon_core.package_identification:_identify(grid_map/grid_map_rviz_plugin) by extensions ['colcon_pkg']
[0.841s] Level 1:colcon.colcon_core.package_identification:_identify(grid_map/grid_map_rviz_plugin) by extension 'colcon_pkg'
[0.841s] Level 1:colcon.colcon_core.package_identification:_identify(grid_map/grid_map_rviz_plugin) by extensions ['colcon_meta']
[0.841s] Level 1:colcon.colcon_core.package_identification:_identify(grid_map/grid_map_rviz_plugin) by extension 'colcon_meta'
[0.841s] Level 1:colcon.colcon_core.package_identification:_identify(grid_map/grid_map_rviz_plugin) by extensions ['ros']
[0.841s] Level 1:colcon.colcon_core.package_identification:_identify(grid_map/grid_map_rviz_plugin) by extension 'ros'
[0.843s] DEBUG:colcon.colcon_core.package_identification:Package 'grid_map/grid_map_rviz_plugin' with type 'ros.ament_cmake' and name 'grid_map_rviz_plugin'
[0.843s] Level 1:colcon.colcon_core.package_identification:_identify(grid_map/grid_map_sdf) by extensions ['ignore', 'ignore_ament_install']
[0.844s] Level 1:colcon.colcon_core.package_identification:_identify(grid_map/grid_map_sdf) by extension 'ignore'
[0.844s] Level 1:colcon.colcon_core.package_identification:_identify(grid_map/grid_map_sdf) by extension 'ignore_ament_install'
[0.844s] Level 1:colcon.colcon_core.package_identification:_identify(grid_map/grid_map_sdf) by extensions ['colcon_pkg']
[0.844s] Level 1:colcon.colcon_core.package_identification:_identify(grid_map/grid_map_sdf) by extension 'colcon_pkg'
[0.844s] Level 1:colcon.colcon_core.package_identification:_identify(grid_map/grid_map_sdf) by extensions ['colcon_meta']
[0.844s] Level 1:colcon.colcon_core.package_identification:_identify(grid_map/grid_map_sdf) by extension 'colcon_meta'
[0.844s] Level 1:colcon.colcon_core.package_identification:_identify(grid_map/grid_map_sdf) by extensions ['ros']
[0.844s] Level 1:colcon.colcon_core.package_identification:_identify(grid_map/grid_map_sdf) by extension 'ros'
[0.846s] DEBUG:colcon.colcon_core.package_identification:Package 'grid_map/grid_map_sdf' with type 'ros.ament_cmake' and name 'grid_map_sdf'
[0.846s] Level 1:colcon.colcon_core.package_identification:_identify(grid_map/grid_map_visualization) by extensions ['ignore', 'ignore_ament_install']
[0.847s] Level 1:colcon.colcon_core.package_identification:_identify(grid_map/grid_map_visualization) by extension 'ignore'
[0.847s] Level 1:colcon.colcon_core.package_identification:_identify(grid_map/grid_map_visualization) by extension 'ignore_ament_install'
[0.847s] Level 1:colcon.colcon_core.package_identification:_identify(grid_map/grid_map_visualization) by extensions ['colcon_pkg']
[0.847s] Level 1:colcon.colcon_core.package_identification:_identify(grid_map/grid_map_visualization) by extension 'colcon_pkg'
[0.847s] Level 1:colcon.colcon_core.package_identification:_identify(grid_map/grid_map_visualization) by extensions ['colcon_meta']
[0.847s] Level 1:colcon.colcon_core.package_identification:_identify(grid_map/grid_map_visualization) by extension 'colcon_meta'
[0.847s] Level 1:colcon.colcon_core.package_identification:_identify(grid_map/grid_map_visualization) by extensions ['ros']
[0.847s] Level 1:colcon.colcon_core.package_identification:_identify(grid_map/grid_map_visualization) by extension 'ros'
[0.850s] DEBUG:colcon.colcon_core.package_identification:Package 'grid_map/grid_map_visualization' with type 'ros.ament_cmake' and name 'grid_map_visualization'
[0.850s] Level 1:colcon.colcon_core.package_identification:_identify(install) by extensions ['ignore', 'ignore_ament_install']
[0.850s] Level 1:colcon.colcon_core.package_identification:_identify(install) by extension 'ignore'
[0.850s] Level 1:colcon.colcon_core.package_identification:_identify(install) ignored
[0.850s] Level 1:colcon.colcon_core.package_identification:_identify(livox_ros2_driver) by extensions ['ignore', 'ignore_ament_install']
[0.851s] Level 1:colcon.colcon_core.package_identification:_identify(livox_ros2_driver) by extension 'ignore'
[0.851s] Level 1:colcon.colcon_core.package_identification:_identify(livox_ros2_driver) by extension 'ignore_ament_install'
[0.851s] Level 1:colcon.colcon_core.package_identification:_identify(livox_ros2_driver) by extensions ['colcon_pkg']
[0.851s] Level 1:colcon.colcon_core.package_identification:_identify(livox_ros2_driver) by extension 'colcon_pkg'
[0.851s] Level 1:colcon.colcon_core.package_identification:_identify(livox_ros2_driver) by extensions ['colcon_meta']
[0.851s] Level 1:colcon.colcon_core.package_identification:_identify(livox_ros2_driver) by extension 'colcon_meta'
[0.851s] Level 1:colcon.colcon_core.package_identification:_identify(livox_ros2_driver) by extensions ['ros']
[0.851s] Level 1:colcon.colcon_core.package_identification:_identify(livox_ros2_driver) by extension 'ros'
[0.852s] Level 1:colcon.colcon_core.package_identification:_identify(livox_ros2_driver) by extensions ['cmake', 'python']
[0.852s] Level 1:colcon.colcon_core.package_identification:_identify(livox_ros2_driver) by extension 'cmake'
[0.852s] Level 1:colcon.colcon_core.package_identification:_identify(livox_ros2_driver) by extension 'python'
[0.852s] Level 1:colcon.colcon_core.package_identification:_identify(livox_ros2_driver) by extensions ['python_setup_py']
[0.852s] Level 1:colcon.colcon_core.package_identification:_identify(livox_ros2_driver) by extension 'python_setup_py'
[0.852s] Level 1:colcon.colcon_core.package_identification:_identify(livox_ros2_driver/images) by extensions ['ignore', 'ignore_ament_install']
[0.852s] Level 1:colcon.colcon_core.package_identification:_identify(livox_ros2_driver/images) by extension 'ignore'
[0.852s] Level 1:colcon.colcon_core.package_identification:_identify(livox_ros2_driver/images) by extension 'ignore_ament_install'
[0.853s] Level 1:colcon.colcon_core.package_identification:_identify(livox_ros2_driver/images) by extensions ['colcon_pkg']
[0.853s] Level 1:colcon.colcon_core.package_identification:_identify(livox_ros2_driver/images) by extension 'colcon_pkg'
[0.853s] Level 1:colcon.colcon_core.package_identification:_identify(livox_ros2_driver/images) by extensions ['colcon_meta']
[0.853s] Level 1:colcon.colcon_core.package_identification:_identify(livox_ros2_driver/images) by extension 'colcon_meta'
[0.853s] Level 1:colcon.colcon_core.package_identification:_identify(livox_ros2_driver/images) by extensions ['ros']
[0.853s] Level 1:colcon.colcon_core.package_identification:_identify(livox_ros2_driver/images) by extension 'ros'
[0.853s] Level 1:colcon.colcon_core.package_identification:_identify(livox_ros2_driver/images) by extensions ['cmake', 'python']
[0.853s] Level 1:colcon.colcon_core.package_identification:_identify(livox_ros2_driver/images) by extension 'cmake'
[0.853s] Level 1:colcon.colcon_core.package_identification:_identify(livox_ros2_driver/images) by extension 'python'
[0.853s] Level 1:colcon.colcon_core.package_identification:_identify(livox_ros2_driver/images) by extensions ['python_setup_py']
[0.854s] Level 1:colcon.colcon_core.package_identification:_identify(livox_ros2_driver/images) by extension 'python_setup_py'
[0.854s] Level 1:colcon.colcon_core.package_identification:_identify(livox_ros2_driver/livox_interfaces) by extensions ['ignore', 'ignore_ament_install']
[0.854s] Level 1:colcon.colcon_core.package_identification:_identify(livox_ros2_driver/livox_interfaces) by extension 'ignore'
[0.854s] Level 1:colcon.colcon_core.package_identification:_identify(livox_ros2_driver/livox_interfaces) by extension 'ignore_ament_install'
[0.854s] Level 1:colcon.colcon_core.package_identification:_identify(livox_ros2_driver/livox_interfaces) by extensions ['colcon_pkg']
[0.854s] Level 1:colcon.colcon_core.package_identification:_identify(livox_ros2_driver/livox_interfaces) by extension 'colcon_pkg'
[0.854s] Level 1:colcon.colcon_core.package_identification:_identify(livox_ros2_driver/livox_interfaces) by extensions ['colcon_meta']
[0.854s] Level 1:colcon.colcon_core.package_identification:_identify(livox_ros2_driver/livox_interfaces) by extension 'colcon_meta'
[0.855s] Level 1:colcon.colcon_core.package_identification:_identify(livox_ros2_driver/livox_interfaces) by extensions ['ros']
[0.855s] Level 1:colcon.colcon_core.package_identification:_identify(livox_ros2_driver/livox_interfaces) by extension 'ros'
[0.859s] DEBUG:colcon.colcon_core.package_identification:Package 'livox_ros2_driver/livox_interfaces' with type 'ros.ament_cmake' and name 'livox_interfaces'
[0.860s] Level 1:colcon.colcon_core.package_identification:_identify(livox_ros2_driver/livox_ros2_driver) by extensions ['ignore', 'ignore_ament_install']
[0.860s] Level 1:colcon.colcon_core.package_identification:_identify(livox_ros2_driver/livox_ros2_driver) by extension 'ignore'
[0.860s] Level 1:colcon.colcon_core.package_identification:_identify(livox_ros2_driver/livox_ros2_driver) by extension 'ignore_ament_install'
[0.860s] Level 1:colcon.colcon_core.package_identification:_identify(livox_ros2_driver/livox_ros2_driver) by extensions ['colcon_pkg']
[0.861s] Level 1:colcon.colcon_core.package_identification:_identify(livox_ros2_driver/livox_ros2_driver) by extension 'colcon_pkg'
[0.861s] Level 1:colcon.colcon_core.package_identification:_identify(livox_ros2_driver/livox_ros2_driver) by extensions ['colcon_meta']
[0.861s] Level 1:colcon.colcon_core.package_identification:_identify(livox_ros2_driver/livox_ros2_driver) by extension 'colcon_meta'
[0.861s] Level 1:colcon.colcon_core.package_identification:_identify(livox_ros2_driver/livox_ros2_driver) by extensions ['ros']
[0.861s] Level 1:colcon.colcon_core.package_identification:_identify(livox_ros2_driver/livox_ros2_driver) by extension 'ros'
[0.864s] DEBUG:colcon.colcon_core.package_identification:Package 'livox_ros2_driver/livox_ros2_driver' with type 'ros.ament_cmake' and name 'livox_ros2_driver'
[0.864s] Level 1:colcon.colcon_core.package_identification:_identify(livox_ros2_driver/livox_sdk_vendor) by extensions ['ignore', 'ignore_ament_install']
[0.864s] Level 1:colcon.colcon_core.package_identification:_identify(livox_ros2_driver/livox_sdk_vendor) by extension 'ignore'
[0.865s] Level 1:colcon.colcon_core.package_identification:_identify(livox_ros2_driver/livox_sdk_vendor) by extension 'ignore_ament_install'
[0.865s] Level 1:colcon.colcon_core.package_identification:_identify(livox_ros2_driver/livox_sdk_vendor) by extensions ['colcon_pkg']
[0.865s] Level 1:colcon.colcon_core.package_identification:_identify(livox_ros2_driver/livox_sdk_vendor) by extension 'colcon_pkg'
[0.865s] Level 1:colcon.colcon_core.package_identification:_identify(livox_ros2_driver/livox_sdk_vendor) by extensions ['colcon_meta']
[0.865s] Level 1:colcon.colcon_core.package_identification:_identify(livox_ros2_driver/livox_sdk_vendor) by extension 'colcon_meta'
[0.865s] Level 1:colcon.colcon_core.package_identification:_identify(livox_ros2_driver/livox_sdk_vendor) by extensions ['ros']
[0.865s] Level 1:colcon.colcon_core.package_identification:_identify(livox_ros2_driver/livox_sdk_vendor) by extension 'ros'
[0.866s] DEBUG:colcon.colcon_core.package_identification:Package 'livox_ros2_driver/livox_sdk_vendor' with type 'ros.ament_cmake' and name 'livox_sdk_vendor'
[0.867s] Level 1:colcon.colcon_core.package_identification:_identify(log) by extensions ['ignore', 'ignore_ament_install']
[0.867s] Level 1:colcon.colcon_core.package_identification:_identify(log) by extension 'ignore'
[0.867s] Level 1:colcon.colcon_core.package_identification:_identify(log) ignored
[0.867s] Level 1:colcon.colcon_core.package_identification:_identify(rasd_camera) by extensions ['ignore', 'ignore_ament_install']
[0.868s] Level 1:colcon.colcon_core.package_identification:_identify(rasd_camera) by extension 'ignore'
[0.868s] Level 1:colcon.colcon_core.package_identification:_identify(rasd_camera) by extension 'ignore_ament_install'
[0.868s] Level 1:colcon.colcon_core.package_identification:_identify(rasd_camera) by extensions ['colcon_pkg']
[0.868s] Level 1:colcon.colcon_core.package_identification:_identify(rasd_camera) by extension 'colcon_pkg'
[0.868s] Level 1:colcon.colcon_core.package_identification:_identify(rasd_camera) by extensions ['colcon_meta']
[0.868s] Level 1:colcon.colcon_core.package_identification:_identify(rasd_camera) by extension 'colcon_meta'
[0.868s] Level 1:colcon.colcon_core.package_identification:_identify(rasd_camera) by extensions ['ros']
[0.868s] Level 1:colcon.colcon_core.package_identification:_identify(rasd_camera) by extension 'ros'
[0.869s] DEBUG:colcon.colcon_core.package_identification:Package 'rasd_camera' with type 'ros.ament_python' and name 'rasd_camera'
[0.870s] Level 1:colcon.colcon_core.package_identification:_identify(rasd_elev_profile) by extensions ['ignore', 'ignore_ament_install']
[0.870s] Level 1:colcon.colcon_core.package_identification:_identify(rasd_elev_profile) by extension 'ignore'
[0.870s] Level 1:colcon.colcon_core.package_identification:_identify(rasd_elev_profile) by extension 'ignore_ament_install'
[0.870s] Level 1:colcon.colcon_core.package_identification:_identify(rasd_elev_profile) by extensions ['colcon_pkg']
[0.870s] Level 1:colcon.colcon_core.package_identification:_identify(rasd_elev_profile) by extension 'colcon_pkg'
[0.870s] Level 1:colcon.colcon_core.package_identification:_identify(rasd_elev_profile) by extensions ['colcon_meta']
[0.870s] Level 1:colcon.colcon_core.package_identification:_identify(rasd_elev_profile) by extension 'colcon_meta'
[0.870s] Level 1:colcon.colcon_core.package_identification:_identify(rasd_elev_profile) by extensions ['ros']
[0.871s] Level 1:colcon.colcon_core.package_identification:_identify(rasd_elev_profile) by extension 'ros'
[0.872s] DEBUG:colcon.colcon_core.package_identification:Package 'rasd_elev_profile' with type 'ros.ament_cmake' and name 'rasd_elev_profile'
[0.872s] Level 1:colcon.colcon_core.package_identification:_identify(rasd_gridmap) by extensions ['ignore', 'ignore_ament_install']
[0.873s] Level 1:colcon.colcon_core.package_identification:_identify(rasd_gridmap) by extension 'ignore'
[0.873s] Level 1:colcon.colcon_core.package_identification:_identify(rasd_gridmap) by extension 'ignore_ament_install'
[0.873s] Level 1:colcon.colcon_core.package_identification:_identify(rasd_gridmap) by extensions ['colcon_pkg']
[0.873s] Level 1:colcon.colcon_core.package_identification:_identify(rasd_gridmap) by extension 'colcon_pkg'
[0.873s] Level 1:colcon.colcon_core.package_identification:_identify(rasd_gridmap) by extensions ['colcon_meta']
[0.873s] Level 1:colcon.colcon_core.package_identification:_identify(rasd_gridmap) by extension 'colcon_meta'
[0.873s] Level 1:colcon.colcon_core.package_identification:_identify(rasd_gridmap) by extensions ['ros']
[0.873s] Level 1:colcon.colcon_core.package_identification:_identify(rasd_gridmap) by extension 'ros'
[0.923s] DEBUG:colcon.colcon_core.package_identification:Package 'rasd_gridmap' with type 'ros.ament_cmake' and name 'rasd_gridmap'
[0.924s] Level 1:colcon.colcon_core.package_identification:_identify(rasd_roi_filter) by extensions ['ignore', 'ignore_ament_install']
[0.924s] Level 1:colcon.colcon_core.package_identification:_identify(rasd_roi_filter) by extension 'ignore'
[0.925s] Level 1:colcon.colcon_core.package_identification:_identify(rasd_roi_filter) by extension 'ignore_ament_install'
[0.925s] Level 1:colcon.colcon_core.package_identification:_identify(rasd_roi_filter) by extensions ['colcon_pkg']
[0.925s] Level 1:colcon.colcon_core.package_identification:_identify(rasd_roi_filter) by extension 'colcon_pkg'
[0.925s] Level 1:colcon.colcon_core.package_identification:_identify(rasd_roi_filter) by extensions ['colcon_meta']
[0.925s] Level 1:colcon.colcon_core.package_identification:_identify(rasd_roi_filter) by extension 'colcon_meta'
[0.925s] Level 1:colcon.colcon_core.package_identification:_identify(rasd_roi_filter) by extensions ['ros']
[0.925s] Level 1:colcon.colcon_core.package_identification:_identify(rasd_roi_filter) by extension 'ros'
[0.928s] DEBUG:colcon.colcon_core.package_identification:Package 'rasd_roi_filter' with type 'ros.ament_python' and name 'rasd_roi_filter'
[0.928s] Level 1:colcon.colcon_core.package_identification:_identify(rasd_tf) by extensions ['ignore', 'ignore_ament_install']
[0.928s] Level 1:colcon.colcon_core.package_identification:_identify(rasd_tf) by extension 'ignore'
[0.928s] Level 1:colcon.colcon_core.package_identification:_identify(rasd_tf) by extension 'ignore_ament_install'
[0.929s] Level 1:colcon.colcon_core.package_identification:_identify(rasd_tf) by extensions ['colcon_pkg']
[0.929s] Level 1:colcon.colcon_core.package_identification:_identify(rasd_tf) by extension 'colcon_pkg'
[0.929s] Level 1:colcon.colcon_core.package_identification:_identify(rasd_tf) by extensions ['colcon_meta']
[0.929s] Level 1:colcon.colcon_core.package_identification:_identify(rasd_tf) by extension 'colcon_meta'
[0.929s] Level 1:colcon.colcon_core.package_identification:_identify(rasd_tf) by extensions ['ros']
[0.929s] Level 1:colcon.colcon_core.package_identification:_identify(rasd_tf) by extension 'ros'
[0.931s] DEBUG:colcon.colcon_core.package_identification:Package 'rasd_tf' with type 'ros.ament_python' and name 'rasd_tf'
[0.931s] Level 1:colcon.colcon_core.package_discovery:discover_packages(recursive) using defaults
[0.931s] Level 1:colcon.colcon_core.package_discovery:discover_packages(ignore) discover
[0.931s] Level 1:colcon.colcon_core.package_discovery:discover_packages(ignore) using defaults
[0.931s] Level 1:colcon.colcon_core.package_discovery:discover_packages(path) discover
[0.931s] Level 1:colcon.colcon_core.package_discovery:discover_packages(path) using defaults
[1.001s] INFO:colcon.colcon_core.package_selection:Skipping not selected package 'grid_map_cmake_helpers' in 'grid_map/grid_map_cmake_helpers'
[1.001s] INFO:colcon.colcon_core.package_selection:Skipping not selected package 'livox_interfaces' in 'livox_ros2_driver/livox_interfaces'
[1.001s] INFO:colcon.colcon_core.package_selection:Skipping not selected package 'livox_sdk' in 'Livox-SDK'
[1.002s] INFO:colcon.colcon_core.package_selection:Skipping not selected package 'livox_sdk_vendor' in 'livox_ros2_driver/livox_sdk_vendor'
[1.002s] INFO:colcon.colcon_core.package_selection:Skipping not selected package 'rasd_camera' in 'rasd_camera'
[1.002s] INFO:colcon.colcon_core.package_selection:Skipping not selected package 'rasd_elev_profile' in 'rasd_elev_profile'
[1.002s] INFO:colcon.colcon_core.package_selection:Skipping not selected package 'rasd_tf' in 'rasd_tf'
[1.002s] INFO:colcon.colcon_core.package_selection:Skipping not selected package 'grid_map_core' in 'grid_map/grid_map_core'
[1.002s] INFO:colcon.colcon_core.package_selection:Skipping not selected package 'grid_map_msgs' in 'grid_map/grid_map_msgs'
[1.002s] INFO:colcon.colcon_core.package_selection:Skipping not selected package 'livox_ros2_driver' in 'livox_ros2_driver/livox_ros2_driver'
[1.002s] INFO:colcon.colcon_core.package_selection:Skipping not selected package 'grid_map_costmap_2d' in 'grid_map/grid_map_costmap_2d'
[1.002s] INFO:colcon.colcon_core.package_selection:Skipping not selected package 'grid_map_cv' in 'grid_map/grid_map_cv'
[1.002s] INFO:colcon.colcon_core.package_selection:Skipping not selected package 'grid_map_octomap' in 'grid_map/grid_map_octomap'
[1.002s] INFO:colcon.colcon_core.package_selection:Skipping not selected package 'grid_map_sdf' in 'grid_map/grid_map_sdf'
[1.002s] INFO:colcon.colcon_core.package_selection:Skipping not selected package 'grid_map_ros' in 'grid_map/grid_map_ros'
[1.002s] INFO:colcon.colcon_core.package_selection:Skipping not selected package 'grid_map_filters' in 'grid_map/grid_map_filters'
[1.002s] INFO:colcon.colcon_core.package_selection:Skipping not selected package 'grid_map_loader' in 'grid_map/grid_map_loader'
[1.002s] INFO:colcon.colcon_core.package_selection:Skipping not selected package 'grid_map_pcl' in 'grid_map/grid_map_pcl'
[1.002s] INFO:colcon.colcon_core.package_selection:Skipping not selected package 'grid_map_rviz_plugin' in 'grid_map/grid_map_rviz_plugin'
[1.002s] INFO:colcon.colcon_core.package_selection:Skipping not selected package 'grid_map_visualization' in 'grid_map/grid_map_visualization'
[1.003s] INFO:colcon.colcon_core.package_selection:Skipping not selected package 'rasd_gridmap' in 'rasd_gridmap'
[1.003s] INFO:colcon.colcon_core.package_selection:Skipping not selected package 'grid_map_demos' in 'grid_map/grid_map_demos'
[1.003s] INFO:colcon.colcon_core.package_selection:Skipping not selected package 'grid_map' in 'grid_map/grid_map'
[1.004s] Level 1:colcon.colcon_core.package_discovery:discover_packages(prefix_path) check parameters
[1.004s] Level 1:colcon.colcon_core.package_discovery:discover_packages(prefix_path) discover
[1.010s] DEBUG:colcon.colcon_installed_package_information.package_discovery:Found 2 installed packages in /home/rasd/ros2_ws/src/install
[1.012s] DEBUG:colcon.colcon_installed_package_information.package_discovery:Found 17 installed packages in /home/rasd/ros2_ws/install
[1.015s] DEBUG:colcon.colcon_installed_package_information.package_discovery:Found 294 installed packages in /opt/ros/humble
[1.021s] Level 1:colcon.colcon_core.package_discovery:discover_packages(prefix_path) using defaults
[1.118s] Level 5:colcon.colcon_core.verb:set package 'rasd_roi_filter' build argument 'cmake_args' from command line to 'None'
[1.119s] Level 5:colcon.colcon_core.verb:set package 'rasd_roi_filter' build argument 'cmake_target' from command line to 'None'
[1.119s] Level 5:colcon.colcon_core.verb:set package 'rasd_roi_filter' build argument 'cmake_target_skip_unavailable' from command line to 'False'
[1.119s] Level 5:colcon.colcon_core.verb:set package 'rasd_roi_filter' build argument 'cmake_clean_cache' from command line to 'False'
[1.119s] Level 5:colcon.colcon_core.verb:set package 'rasd_roi_filter' build argument 'cmake_clean_first' from command line to 'False'
[1.119s] Level 5:colcon.colcon_core.verb:set package 'rasd_roi_filter' build argument 'cmake_force_configure' from command line to 'False'
[1.119s] Level 5:colcon.colcon_core.verb:set package 'rasd_roi_filter' build argument 'ament_cmake_args' from command line to 'None'
[1.119s] Level 5:colcon.colcon_core.verb:set package 'rasd_roi_filter' build argument 'catkin_cmake_args' from command line to 'None'
[1.119s] Level 5:colcon.colcon_core.verb:set package 'rasd_roi_filter' build argument 'catkin_skip_building_tests' from command line to 'False'
[1.119s] DEBUG:colcon.colcon_core.verb:Building package 'rasd_roi_filter' with the following arguments: {'ament_cmake_args': None, 'build_base': '/home/rasd/ros2_ws/src/build/rasd_roi_filter', 'catkin_cmake_args': None, 'catkin_skip_building_tests': False, 'cmake_args': None, 'cmake_clean_cache': False, 'cmake_clean_first': False, 'cmake_force_configure': False, 'cmake_target': None, 'cmake_target_skip_unavailable': False, 'install_base': '/home/rasd/ros2_ws/src/install/rasd_roi_filter', 'merge_install': False, 'path': '/home/rasd/ros2_ws/src/rasd_roi_filter', 'symlink_install': True, 'test_result_base': None}
[1.120s] INFO:colcon.colcon_core.executor:Executing jobs using 'parallel' executor
[1.123s] DEBUG:colcon.colcon_parallel_executor.executor.parallel:run_until_complete
[1.124s] INFO:colcon.colcon_ros.task.ament_python.build:Building ROS package in '/home/rasd/ros2_ws/src/rasd_roi_filter' with build type 'ament_python'
[1.124s] Level 1:colcon.colcon_core.shell:create_environment_hook('rasd_roi_filter', 'ament_prefix_path')
[1.131s] INFO:colcon.colcon_core.plugin_system:Skipping extension 'colcon_core.shell.bat': Not used on non-Windows systems
[1.131s] INFO:colcon.colcon_core.shell:Creating environment hook '/home/rasd/ros2_ws/src/install/rasd_roi_filter/share/rasd_roi_filter/hook/ament_prefix_path.ps1'
[1.134s] INFO:colcon.colcon_core.shell:Creating environment descriptor '/home/rasd/ros2_ws/src/install/rasd_roi_filter/share/rasd_roi_filter/hook/ament_prefix_path.dsv'
[1.135s] INFO:colcon.colcon_core.shell:Creating environment hook '/home/rasd/ros2_ws/src/install/rasd_roi_filter/share/rasd_roi_filter/hook/ament_prefix_path.sh'
[1.137s] INFO:colcon.colcon_core.shell:Skip shell extension 'powershell' for command environment: Not usable outside of PowerShell
[1.137s] DEBUG:colcon.colcon_core.shell:Skip shell extension 'dsv' for command environment
[1.927s] WARNING:colcon.colcon_ros.task.ament_python.build:Package 'rasd_roi_filter' doesn't explicitly install a marker in the package index (colcon-ros currently does it implicitly but that fallback will be removed in the future)
[1.928s] WARNING:colcon.colcon_ros.task.ament_python.build:Package 'rasd_roi_filter' doesn't explicitly install the 'package.xml' file (colcon-ros currently does it implicitly but that fallback will be removed in the future)
[1.928s] INFO:colcon.colcon_core.task.python.build:Building Python package in '/home/rasd/ros2_ws/src/rasd_roi_filter'
[1.929s] INFO:colcon.colcon_core.shell:Skip shell extension 'powershell' for command environment: Not usable outside of PowerShell
[1.929s] DEBUG:colcon.colcon_core.shell:Skip shell extension 'dsv' for command environment
[2.951s] DEBUG:colcon.colcon_core.event_handler.log_command:Invoking command in '/home/rasd/ros2_ws/src/build/rasd_roi_filter': PYTHONPATH=/home/rasd/ros2_ws/src/build/rasd_roi_filter/prefix_override:/usr/lib/python3/dist-packages/colcon_core/task/python/colcon_distutils_commands:/home/rasd/ros2_ws/src/install/rasd_roi_filter/lib/python3.10/site-packages:${PYTHONPATH} /usr/bin/python3 -W ignore:setup.py install is deprecated -W ignore:easy_install command is deprecated setup.py develop --editable --build-directory /home/rasd/ros2_ws/src/build/rasd_roi_filter/build --no-deps
[4.248s] Level 1:colcon.colcon_core.shell:create_environment_hook('rasd_roi_filter', 'pythonpath_develop')
[4.250s] INFO:colcon.colcon_core.shell:Creating environment hook '/home/rasd/ros2_ws/src/build/rasd_roi_filter/share/rasd_roi_filter/hook/pythonpath_develop.ps1'
[4.252s] DEBUG:colcon.colcon_core.event_handler.log_command:Invoked command in '/home/rasd/ros2_ws/src/build/rasd_roi_filter' returned '0': PYTHONPATH=/home/rasd/ros2_ws/src/build/rasd_roi_filter/prefix_override:/usr/lib/python3/dist-packages/colcon_core/task/python/colcon_distutils_commands:/home/rasd/ros2_ws/src/install/rasd_roi_filter/lib/python3.10/site-packages:${PYTHONPATH} /usr/bin/python3 -W ignore:setup.py install is deprecated -W ignore:easy_install command is deprecated setup.py develop --editable --build-directory /home/rasd/ros2_ws/src/build/rasd_roi_filter/build --no-deps
[4.255s] INFO:colcon.colcon_core.shell:Creating environment descriptor '/home/rasd/ros2_ws/src/build/rasd_roi_filter/share/rasd_roi_filter/hook/pythonpath_develop.dsv'
[4.257s] INFO:colcon.colcon_core.shell:Creating environment hook '/home/rasd/ros2_ws/src/build/rasd_roi_filter/share/rasd_roi_filter/hook/pythonpath_develop.sh'
[4.268s] Level 1:colcon.colcon_core.environment:checking '/home/rasd/ros2_ws/src/install/rasd_roi_filter' for CMake module files
[4.270s] Level 1:colcon.colcon_core.environment:checking '/home/rasd/ros2_ws/src/install/rasd_roi_filter' for CMake config files
[4.272s] Level 1:colcon.colcon_core.environment:checking '/home/rasd/ros2_ws/src/install/rasd_roi_filter/lib'
[4.273s] Level 1:colcon.colcon_core.environment:checking '/home/rasd/ros2_ws/src/install/rasd_roi_filter/bin'
[4.273s] Level 1:colcon.colcon_core.environment:checking '/home/rasd/ros2_ws/src/install/rasd_roi_filter/lib/pkgconfig/rasd_roi_filter.pc'
[4.274s] Level 1:colcon.colcon_core.environment:checking '/home/rasd/ros2_ws/src/install/rasd_roi_filter/lib/python3.10/site-packages'
[4.274s] Level 1:colcon.colcon_core.shell:create_environment_hook('rasd_roi_filter', 'pythonpath')
[4.275s] INFO:colcon.colcon_core.shell:Creating environment hook '/home/rasd/ros2_ws/src/install/rasd_roi_filter/share/rasd_roi_filter/hook/pythonpath.ps1'
[4.277s] INFO:colcon.colcon_core.shell:Creating environment descriptor '/home/rasd/ros2_ws/src/install/rasd_roi_filter/share/rasd_roi_filter/hook/pythonpath.dsv'
[4.278s] INFO:colcon.colcon_core.shell:Creating environment hook '/home/rasd/ros2_ws/src/install/rasd_roi_filter/share/rasd_roi_filter/hook/pythonpath.sh'
[4.281s] Level 1:colcon.colcon_core.environment:checking '/home/rasd/ros2_ws/src/install/rasd_roi_filter/bin'
[4.282s] Level 1:colcon.colcon_core.environment:create_environment_scripts_only(rasd_roi_filter)
[4.283s] INFO:colcon.colcon_core.shell:Creating package script '/home/rasd/ros2_ws/src/install/rasd_roi_filter/share/rasd_roi_filter/package.ps1'
[4.286s] INFO:colcon.colcon_core.shell:Creating package descriptor '/home/rasd/ros2_ws/src/install/rasd_roi_filter/share/rasd_roi_filter/package.dsv'
[4.289s] INFO:colcon.colcon_core.shell:Creating package script '/home/rasd/ros2_ws/src/install/rasd_roi_filter/share/rasd_roi_filter/package.sh'
[4.292s] INFO:colcon.colcon_core.shell:Creating package script '/home/rasd/ros2_ws/src/install/rasd_roi_filter/share/rasd_roi_filter/package.bash'
[4.295s] INFO:colcon.colcon_core.shell:Creating package script '/home/rasd/ros2_ws/src/install/rasd_roi_filter/share/rasd_roi_filter/package.zsh'
[4.298s] Level 1:colcon.colcon_core.environment:create_file_with_runtime_dependencies(/home/rasd/ros2_ws/src/install/rasd_roi_filter/share/colcon-core/packages/rasd_roi_filter)
[4.300s] DEBUG:colcon.colcon_parallel_executor.executor.parallel:closing loop
[4.301s] DEBUG:colcon.colcon_parallel_executor.executor.parallel:loop closed
[4.301s] DEBUG:colcon.colcon_parallel_executor.executor.parallel:run_until_complete finished with '0'
[4.302s] DEBUG:colcon.colcon_core.event_reactor:joining thread
[4.322s] INFO:colcon.colcon_core.plugin_system:Skipping extension 'colcon_notification.desktop_notification.terminal_notifier': Not used on non-Darwin systems
[4.323s] INFO:colcon.colcon_core.plugin_system:Skipping extension 'colcon_notification.desktop_notification.win32': Not used on non-Windows systems
[4.323s] INFO:colcon.colcon_notification.desktop_notification:Sending desktop notification using 'notify2'
[4.375s] DEBUG:colcon.colcon_core.event_reactor:joined thread
[4.377s] INFO:colcon.colcon_core.shell:Creating prefix script '/home/rasd/ros2_ws/src/install/local_setup.ps1'
[4.381s] INFO:colcon.colcon_core.shell:Creating prefix util module '/home/rasd/ros2_ws/src/install/_local_setup_util_ps1.py'
[4.387s] INFO:colcon.colcon_core.shell:Creating prefix chain script '/home/rasd/ros2_ws/src/install/setup.ps1'
[4.395s] INFO:colcon.colcon_core.shell:Creating prefix script '/home/rasd/ros2_ws/src/install/local_setup.sh'
[4.398s] INFO:colcon.colcon_core.shell:Creating prefix util module '/home/rasd/ros2_ws/src/install/_local_setup_util_sh.py'
[4.401s] INFO:colcon.colcon_core.shell:Creating prefix chain script '/home/rasd/ros2_ws/src/install/setup.sh'
[4.409s] INFO:colcon.colcon_core.shell:Creating prefix script '/home/rasd/ros2_ws/src/install/local_setup.bash'
[4.411s] INFO:colcon.colcon_core.shell:Creating prefix chain script '/home/rasd/ros2_ws/src/install/setup.bash'
[4.417s] INFO:colcon.colcon_core.shell:Creating prefix script '/home/rasd/ros2_ws/src/install/local_setup.zsh'
[4.419s] INFO:colcon.colcon_core.shell:Creating prefix chain script '/home/rasd/ros2_ws/src/install/setup.zsh'
