[1.952s] Invoking command in '/home/rasd/ros2_ws/src/rasd_gps': PYTHONPATH=/home/rasd/ros2_ws/build/rasd_gps/prefix_override:/usr/lib/python3/dist-packages/colcon_core/task/python/colcon_distutils_commands:/home/rasd/ros2_ws/install/rasd_gps/lib/python3.10/site-packages:${PYTHONPATH} /usr/bin/python3 -W ignore:setup.py install is deprecated -W ignore:easy_install command is deprecated setup.py egg_info --egg-base ../../build/rasd_gps build --build-base /home/rasd/ros2_ws/build/rasd_gps/build install --record /home/rasd/ros2_ws/build/rasd_gps/install.log --single-version-externally-managed install_data
[2.642s] running egg_info
[2.644s] writing ../../build/rasd_gps/rasd_gps.egg-info/PKG-INFO
[2.647s] writing dependency_links to ../../build/rasd_gps/rasd_gps.egg-info/dependency_links.txt
[2.647s] writing entry points to ../../build/rasd_gps/rasd_gps.egg-info/entry_points.txt
[2.648s] writing requirements to ../../build/rasd_gps/rasd_gps.egg-info/requires.txt
[2.648s] writing top-level names to ../../build/rasd_gps/rasd_gps.egg-info/top_level.txt
[2.656s] reading manifest file '../../build/rasd_gps/rasd_gps.egg-info/SOURCES.txt'
[2.659s] writing manifest file '../../build/rasd_gps/rasd_gps.egg-info/SOURCES.txt'
[2.659s] running build
[2.659s] running build_py
[2.660s] running install
[2.661s] running install_lib
[2.668s] running install_data
[2.668s] running install_egg_info
[2.674s] removing '/home/rasd/ros2_ws/install/rasd_gps/lib/python3.10/site-packages/rasd_gps-0.0.0-py3.10.egg-info' (and everything under it)
[2.674s] Copying ../../build/rasd_gps/rasd_gps.egg-info to /home/rasd/ros2_ws/install/rasd_gps/lib/python3.10/site-packages/rasd_gps-0.0.0-py3.10.egg-info
[2.678s] running install_scripts
[2.732s] Installing rasd_gps_node script to /home/rasd/ros2_ws/install/rasd_gps/lib/rasd_gps
[2.733s] writing list of installed files to '/home/rasd/ros2_ws/build/rasd_gps/install.log'
[2.842s] Invoked command in '/home/rasd/ros2_ws/src/rasd_gps' returned '0': PYTHONPATH=/home/rasd/ros2_ws/build/rasd_gps/prefix_override:/usr/lib/python3/dist-packages/colcon_core/task/python/colcon_distutils_commands:/home/rasd/ros2_ws/install/rasd_gps/lib/python3.10/site-packages:${PYTHONPATH} /usr/bin/python3 -W ignore:setup.py install is deprecated -W ignore:easy_install command is deprecated setup.py egg_info --egg-base ../../build/rasd_gps build --build-base /home/rasd/ros2_ws/build/rasd_gps/build install --record /home/rasd/ros2_ws/build/rasd_gps/install.log --single-version-externally-managed install_data
