-- Found ament_cmake: 1.3.12 (/opt/ros/humble/share/ament_cmake/cmake)
-- Override CMake install command with custom implementation using symlinks instead of copying resources
-- Found rclcpp: 16.0.15 (/opt/ros/humble/share/rclcpp/cmake)
-- Found rosidl_generator_c: 3.1.7 (/opt/ros/humble/share/rosidl_generator_c/cmake)
-- Found rosidl_adapter: 3.1.7 (/opt/ros/humble/share/rosidl_adapter/cmake)
-- Found rosidl_generator_cpp: 3.1.7 (/opt/ros/humble/share/rosidl_generator_cpp/cmake)
-- Using all available rosidl_typesupport_c: rosidl_typesupport_fastrtps_c;rosidl_typesupport_introspection_c
-- Using all available rosidl_typesupport_cpp: rosidl_typesupport_fastrtps_cpp;rosidl_typesupport_introspection_cpp
-- Found rmw_implementation_cmake: 6.1.2 (/opt/ros/humble/share/rmw_implementation_cmake/cmake)
-- Found rmw_fastrtps_cpp: 6.2.9 (/opt/ros/humble/share/rmw_fastrtps_cpp/cmake)
-- Using RMW implementation 'rmw_fastrtps_cpp' as default
-- Found sensor_msgs: 4.9.0 (/opt/ros/humble/share/sensor_msgs/cmake)
-- Found visualization_msgs: 4.9.0 (/opt/ros/humble/share/visualization_msgs/cmake)
-- Found pcl_conversions: 2.4.5 (/opt/ros/humble/share/pcl_conversions/cmake)
-- Eigen found (include: /usr/include/eigen3, version: 3.4.0)
-- FLANN found (include: /usr/include, lib: /usr/lib/aarch64-linux-gnu/libflann_cpp.so)
-- OpenNI found (version: 1.5.4.0, include: /usr/include/ni, lib: /usr/lib/libOpenNI.so;libusb::libusb)
-- OpenNI2 found (version: 2.2.0.33, include: /usr/include/openni2, lib: /usr/lib/aarch64-linux-gnu/libOpenNI2.so;libusb::libusb)
-- Eigen found (include: /usr/include/eigen3, version: 3.4.0)
-- OpenNI found (version: 1.5.4.0, include: /usr/include/ni, lib: /usr/lib/libOpenNI.so;libusb::libusb)
-- OpenNI2 found (version: 2.2.0.33, include: /usr/include/openni2, lib: /usr/lib/aarch64-linux-gnu/libOpenNI2.so;libusb::libusb)
-- Found Qhull version 8.0.2
-- OpenNI found (version: 1.5.4.0, include: /usr/include/ni, lib: /usr/lib/libOpenNI.so;libusb::libusb)
-- Found ament_lint_auto: 0.12.14 (/opt/ros/humble/share/ament_lint_auto/cmake)
-- Added test 'cppcheck' to perform static code analysis on C / C++ code
-- Configured cppcheck include dirs: 
-- Configured cppcheck exclude dirs and/or files: 
-- Added test 'lint_cmake' to check CMake code style
-- Added test 'uncrustify' to check C / C++ code style
-- Configured uncrustify additional arguments: 
-- Added test 'xmllint' to check XML markup files
-- Configuring done
-- Generating done
-- Build files have been written to: /home/rasd/ros2_ws/build/rasd_elev_profile
[ 50%] [32mBuilding CXX object CMakeFiles/elevation_profile_node.dir/src/elevation_profile_node.cpp.o[0m
[100%] [32m[1mLinking CXX executable elevation_profile_node[0m
[100%] Built target elevation_profile_node
-- Install configuration: ""
-- Execute custom install script
-- Symlinking: /home/rasd/ros2_ws/install/rasd_elev_profile/lib/rasd_elev_profile/elevation_profile_node
-- Symlinking: /home/rasd/ros2_ws/install/rasd_elev_profile/share/ament_index/resource_index/package_run_dependencies/rasd_elev_profile
-- Symlinking: /home/rasd/ros2_ws/install/rasd_elev_profile/share/ament_index/resource_index/parent_prefix_path/rasd_elev_profile
-- Symlinking: /home/rasd/ros2_ws/install/rasd_elev_profile/share/rasd_elev_profile/environment/ament_prefix_path.sh
-- Symlinking: /home/rasd/ros2_ws/install/rasd_elev_profile/share/rasd_elev_profile/environment/ament_prefix_path.dsv
-- Symlinking: /home/rasd/ros2_ws/install/rasd_elev_profile/share/rasd_elev_profile/environment/path.sh
-- Symlinking: /home/rasd/ros2_ws/install/rasd_elev_profile/share/rasd_elev_profile/environment/path.dsv
-- Symlinking: /home/rasd/ros2_ws/install/rasd_elev_profile/share/rasd_elev_profile/local_setup.bash
-- Symlinking: /home/rasd/ros2_ws/install/rasd_elev_profile/share/rasd_elev_profile/local_setup.sh
-- Symlinking: /home/rasd/ros2_ws/install/rasd_elev_profile/share/rasd_elev_profile/local_setup.zsh
-- Symlinking: /home/rasd/ros2_ws/install/rasd_elev_profile/share/rasd_elev_profile/local_setup.dsv
-- Symlinking: /home/rasd/ros2_ws/install/rasd_elev_profile/share/rasd_elev_profile/package.dsv
-- Symlinking: /home/rasd/ros2_ws/install/rasd_elev_profile/share/ament_index/resource_index/packages/rasd_elev_profile
-- Symlinking: /home/rasd/ros2_ws/install/rasd_elev_profile/share/rasd_elev_profile/cmake/rasd_elev_profileConfig.cmake
-- Symlinking: /home/rasd/ros2_ws/install/rasd_elev_profile/share/rasd_elev_profile/cmake/rasd_elev_profileConfig-version.cmake
-- Symlinking: /home/rasd/ros2_ws/install/rasd_elev_profile/share/rasd_elev_profile/package.xml
