[0.281s] DEBUG:colcon:Command line arguments: ['/usr/bin/colcon', 'build', '--packages-select', 'rasd_roi_filter']
[0.281s] DEBUG:colcon:Parsed command line arguments: Namespace(log_base=None, log_level=None, verb_name='build', build_base='build', install_base='install', merge_install=False, symlink_install=False, test_result_base=None, continue_on_error=False, executor='parallel', parallel_workers=6, event_handlers=None, ignore_user_meta=False, metas=['./colcon.meta'], base_paths=['.'], packages_ignore=None, packages_ignore_regex=None, paths=None, packages_up_to=None, packages_up_to_regex=None, packages_above=None, packages_above_and_dependencies=None, packages_above_depth=None, packages_select_by_dep=None, packages_skip_by_dep=None, packages_skip_up_to=None, packages_select_build_failed=False, packages_skip_build_finished=False, packages_select_test_failures=False, packages_skip_test_passed=False, packages_select=['rasd_roi_filter'], packages_skip=None, packages_select_regex=None, packages_skip_regex=None, packages_start=None, packages_end=None, allow_overriding=[], cmake_args=None, cmake_target=None, cmake_target_skip_unavailable=False, cmake_clean_cache=False, cmake_clean_first=False, cmake_force_configure=False, ament_cmake_args=None, catkin_cmake_args=None, catkin_skip_building_tests=False, verb_parser=<colcon_defaults.argument_parser.defaults.DefaultArgumentsDecorator object at 0xffff81ec2fb0>, verb_extension=<colcon_core.verb.build.BuildVerb object at 0xffff81ec2a10>, main=<bound method BuildVerb.main of <colcon_core.verb.build.BuildVerb object at 0xffff81ec2a10>>)
[0.718s] Level 1:colcon.colcon_core.package_discovery:discover_packages(colcon_meta) check parameters
[0.718s] Level 1:colcon.colcon_core.package_discovery:discover_packages(recursive) check parameters
[0.718s] Level 1:colcon.colcon_core.package_discovery:discover_packages(ignore) check parameters
[0.718s] Level 1:colcon.colcon_core.package_discovery:discover_packages(path) check parameters
[0.719s] Level 1:colcon.colcon_core.package_discovery:discover_packages(colcon_meta) discover
[0.719s] Level 1:colcon.colcon_core.package_discovery:discover_packages(recursive) discover
[0.719s] INFO:colcon.colcon_core.package_discovery:Crawling recursively for packages in '/home/rasd/ros2_ws'
[0.719s] Level 1:colcon.colcon_core.package_identification:_identify(.) by extensions ['ignore', 'ignore_ament_install']
[0.720s] Level 1:colcon.colcon_core.package_identification:_identify(.) by extension 'ignore'
[0.720s] Level 1:colcon.colcon_core.package_identification:_identify(.) by extension 'ignore_ament_install'
[0.720s] Level 1:colcon.colcon_core.package_identification:_identify(.) by extensions ['colcon_pkg']
[0.720s] Level 1:colcon.colcon_core.package_identification:_identify(.) by extension 'colcon_pkg'
[0.720s] Level 1:colcon.colcon_core.package_identification:_identify(.) by extensions ['colcon_meta']
[0.720s] Level 1:colcon.colcon_core.package_identification:_identify(.) by extension 'colcon_meta'
[0.720s] Level 1:colcon.colcon_core.package_identification:_identify(.) by extensions ['ros']
[0.720s] Level 1:colcon.colcon_core.package_identification:_identify(.) by extension 'ros'
[0.749s] Level 1:colcon.colcon_core.package_identification:_identify(.) by extensions ['cmake', 'python']
[0.750s] Level 1:colcon.colcon_core.package_identification:_identify(.) by extension 'cmake'
[0.750s] Level 1:colcon.colcon_core.package_identification:_identify(.) by extension 'python'
[0.750s] Level 1:colcon.colcon_core.package_identification:_identify(.) by extensions ['python_setup_py']
[0.750s] Level 1:colcon.colcon_core.package_identification:_identify(.) by extension 'python_setup_py'
[0.751s] Level 1:colcon.colcon_core.package_identification:_identify(build) by extensions ['ignore', 'ignore_ament_install']
[0.751s] Level 1:colcon.colcon_core.package_identification:_identify(build) by extension 'ignore'
[0.751s] Level 1:colcon.colcon_core.package_identification:_identify(build) ignored
[0.751s] Level 1:colcon.colcon_core.package_identification:_identify(install) by extensions ['ignore', 'ignore_ament_install']
[0.752s] Level 1:colcon.colcon_core.package_identification:_identify(install) by extension 'ignore'
[0.752s] Level 1:colcon.colcon_core.package_identification:_identify(install) ignored
[0.752s] Level 1:colcon.colcon_core.package_identification:_identify(log) by extensions ['ignore', 'ignore_ament_install']
[0.752s] Level 1:colcon.colcon_core.package_identification:_identify(log) by extension 'ignore'
[0.752s] Level 1:colcon.colcon_core.package_identification:_identify(log) ignored
[0.753s] Level 1:colcon.colcon_core.package_identification:_identify(src) by extensions ['ignore', 'ignore_ament_install']
[0.753s] Level 1:colcon.colcon_core.package_identification:_identify(src) by extension 'ignore'
[0.753s] Level 1:colcon.colcon_core.package_identification:_identify(src) by extension 'ignore_ament_install'
[0.753s] Level 1:colcon.colcon_core.package_identification:_identify(src) by extensions ['colcon_pkg']
[0.753s] Level 1:colcon.colcon_core.package_identification:_identify(src) by extension 'colcon_pkg'
[0.753s] Level 1:colcon.colcon_core.package_identification:_identify(src) by extensions ['colcon_meta']
[0.753s] Level 1:colcon.colcon_core.package_identification:_identify(src) by extension 'colcon_meta'
[0.753s] Level 1:colcon.colcon_core.package_identification:_identify(src) by extensions ['ros']
[0.754s] Level 1:colcon.colcon_core.package_identification:_identify(src) by extension 'ros'
[0.754s] Level 1:colcon.colcon_core.package_identification:_identify(src) by extensions ['cmake', 'python']
[0.754s] Level 1:colcon.colcon_core.package_identification:_identify(src) by extension 'cmake'
[0.754s] Level 1:colcon.colcon_core.package_identification:_identify(src) by extension 'python'
[0.754s] Level 1:colcon.colcon_core.package_identification:_identify(src) by extensions ['python_setup_py']
[0.754s] Level 1:colcon.colcon_core.package_identification:_identify(src) by extension 'python_setup_py'
[0.754s] Level 1:colcon.colcon_core.package_identification:_identify(src/Livox-SDK) by extensions ['ignore', 'ignore_ament_install']
[0.755s] Level 1:colcon.colcon_core.package_identification:_identify(src/Livox-SDK) by extension 'ignore'
[0.755s] Level 1:colcon.colcon_core.package_identification:_identify(src/Livox-SDK) by extension 'ignore_ament_install'
[0.755s] Level 1:colcon.colcon_core.package_identification:_identify(src/Livox-SDK) by extensions ['colcon_pkg']
[0.755s] Level 1:colcon.colcon_core.package_identification:_identify(src/Livox-SDK) by extension 'colcon_pkg'
[0.755s] Level 1:colcon.colcon_core.package_identification:_identify(src/Livox-SDK) by extensions ['colcon_meta']
[0.755s] Level 1:colcon.colcon_core.package_identification:_identify(src/Livox-SDK) by extension 'colcon_meta'
[0.755s] Level 1:colcon.colcon_core.package_identification:_identify(src/Livox-SDK) by extensions ['ros']
[0.755s] Level 1:colcon.colcon_core.package_identification:_identify(src/Livox-SDK) by extension 'ros'
[0.755s] Level 1:colcon.colcon_core.package_identification:_identify(src/Livox-SDK) by extensions ['cmake', 'python']
[0.755s] Level 1:colcon.colcon_core.package_identification:_identify(src/Livox-SDK) by extension 'cmake'
[0.778s] Level 1:colcon.colcon_core.package_identification:_identify(src/Livox-SDK) by extension 'python'
[0.779s] DEBUG:colcon.colcon_core.package_identification:Package 'src/Livox-SDK' with type 'cmake' and name 'livox_sdk'
[0.779s] Level 1:colcon.colcon_core.package_identification:_identify(src/grid_map) by extensions ['ignore', 'ignore_ament_install']
[0.779s] Level 1:colcon.colcon_core.package_identification:_identify(src/grid_map) by extension 'ignore'
[0.779s] Level 1:colcon.colcon_core.package_identification:_identify(src/grid_map) by extension 'ignore_ament_install'
[0.779s] Level 1:colcon.colcon_core.package_identification:_identify(src/grid_map) by extensions ['colcon_pkg']
[0.780s] Level 1:colcon.colcon_core.package_identification:_identify(src/grid_map) by extension 'colcon_pkg'
[0.780s] Level 1:colcon.colcon_core.package_identification:_identify(src/grid_map) by extensions ['colcon_meta']
[0.780s] Level 1:colcon.colcon_core.package_identification:_identify(src/grid_map) by extension 'colcon_meta'
[0.780s] Level 1:colcon.colcon_core.package_identification:_identify(src/grid_map) by extensions ['ros']
[0.780s] Level 1:colcon.colcon_core.package_identification:_identify(src/grid_map) by extension 'ros'
[0.780s] Level 1:colcon.colcon_core.package_identification:_identify(src/grid_map) by extensions ['cmake', 'python']
[0.780s] Level 1:colcon.colcon_core.package_identification:_identify(src/grid_map) by extension 'cmake'
[0.780s] Level 1:colcon.colcon_core.package_identification:_identify(src/grid_map) by extension 'python'
[0.781s] Level 1:colcon.colcon_core.package_identification:_identify(src/grid_map) by extensions ['python_setup_py']
[0.781s] Level 1:colcon.colcon_core.package_identification:_identify(src/grid_map) by extension 'python_setup_py'
[0.781s] Level 1:colcon.colcon_core.package_identification:_identify(src/grid_map/grid_map) by extensions ['ignore', 'ignore_ament_install']
[0.781s] Level 1:colcon.colcon_core.package_identification:_identify(src/grid_map/grid_map) by extension 'ignore'
[0.781s] Level 1:colcon.colcon_core.package_identification:_identify(src/grid_map/grid_map) by extension 'ignore_ament_install'
[0.781s] Level 1:colcon.colcon_core.package_identification:_identify(src/grid_map/grid_map) by extensions ['colcon_pkg']
[0.781s] Level 1:colcon.colcon_core.package_identification:_identify(src/grid_map/grid_map) by extension 'colcon_pkg'
[0.781s] Level 1:colcon.colcon_core.package_identification:_identify(src/grid_map/grid_map) by extensions ['colcon_meta']
[0.782s] Level 1:colcon.colcon_core.package_identification:_identify(src/grid_map/grid_map) by extension 'colcon_meta'
[0.782s] Level 1:colcon.colcon_core.package_identification:_identify(src/grid_map/grid_map) by extensions ['ros']
[0.782s] Level 1:colcon.colcon_core.package_identification:_identify(src/grid_map/grid_map) by extension 'ros'
[0.788s] DEBUG:colcon.colcon_core.package_identification:Package 'src/grid_map/grid_map' with type 'ros.ament_cmake' and name 'grid_map'
[0.789s] Level 1:colcon.colcon_core.package_identification:_identify(src/grid_map/grid_map_cmake_helpers) by extensions ['ignore', 'ignore_ament_install']
[0.789s] Level 1:colcon.colcon_core.package_identification:_identify(src/grid_map/grid_map_cmake_helpers) by extension 'ignore'
[0.789s] Level 1:colcon.colcon_core.package_identification:_identify(src/grid_map/grid_map_cmake_helpers) by extension 'ignore_ament_install'
[0.789s] Level 1:colcon.colcon_core.package_identification:_identify(src/grid_map/grid_map_cmake_helpers) by extensions ['colcon_pkg']
[0.789s] Level 1:colcon.colcon_core.package_identification:_identify(src/grid_map/grid_map_cmake_helpers) by extension 'colcon_pkg'
[0.789s] Level 1:colcon.colcon_core.package_identification:_identify(src/grid_map/grid_map_cmake_helpers) by extensions ['colcon_meta']
[0.789s] Level 1:colcon.colcon_core.package_identification:_identify(src/grid_map/grid_map_cmake_helpers) by extension 'colcon_meta'
[0.790s] Level 1:colcon.colcon_core.package_identification:_identify(src/grid_map/grid_map_cmake_helpers) by extensions ['ros']
[0.790s] Level 1:colcon.colcon_core.package_identification:_identify(src/grid_map/grid_map_cmake_helpers) by extension 'ros'
[0.791s] DEBUG:colcon.colcon_core.package_identification:Package 'src/grid_map/grid_map_cmake_helpers' with type 'ros.ament_cmake' and name 'grid_map_cmake_helpers'
[0.791s] Level 1:colcon.colcon_core.package_identification:_identify(src/grid_map/grid_map_core) by extensions ['ignore', 'ignore_ament_install']
[0.791s] Level 1:colcon.colcon_core.package_identification:_identify(src/grid_map/grid_map_core) by extension 'ignore'
[0.792s] Level 1:colcon.colcon_core.package_identification:_identify(src/grid_map/grid_map_core) by extension 'ignore_ament_install'
[0.792s] Level 1:colcon.colcon_core.package_identification:_identify(src/grid_map/grid_map_core) by extensions ['colcon_pkg']
[0.792s] Level 1:colcon.colcon_core.package_identification:_identify(src/grid_map/grid_map_core) by extension 'colcon_pkg'
[0.792s] Level 1:colcon.colcon_core.package_identification:_identify(src/grid_map/grid_map_core) by extensions ['colcon_meta']
[0.792s] Level 1:colcon.colcon_core.package_identification:_identify(src/grid_map/grid_map_core) by extension 'colcon_meta'
[0.792s] Level 1:colcon.colcon_core.package_identification:_identify(src/grid_map/grid_map_core) by extensions ['ros']
[0.792s] Level 1:colcon.colcon_core.package_identification:_identify(src/grid_map/grid_map_core) by extension 'ros'
[0.794s] DEBUG:colcon.colcon_core.package_identification:Package 'src/grid_map/grid_map_core' with type 'ros.ament_cmake' and name 'grid_map_core'
[0.794s] Level 1:colcon.colcon_core.package_identification:_identify(src/grid_map/grid_map_costmap_2d) by extensions ['ignore', 'ignore_ament_install']
[0.794s] Level 1:colcon.colcon_core.package_identification:_identify(src/grid_map/grid_map_costmap_2d) by extension 'ignore'
[0.794s] Level 1:colcon.colcon_core.package_identification:_identify(src/grid_map/grid_map_costmap_2d) by extension 'ignore_ament_install'
[0.794s] Level 1:colcon.colcon_core.package_identification:_identify(src/grid_map/grid_map_costmap_2d) by extensions ['colcon_pkg']
[0.795s] Level 1:colcon.colcon_core.package_identification:_identify(src/grid_map/grid_map_costmap_2d) by extension 'colcon_pkg'
[0.795s] Level 1:colcon.colcon_core.package_identification:_identify(src/grid_map/grid_map_costmap_2d) by extensions ['colcon_meta']
[0.795s] Level 1:colcon.colcon_core.package_identification:_identify(src/grid_map/grid_map_costmap_2d) by extension 'colcon_meta'
[0.795s] Level 1:colcon.colcon_core.package_identification:_identify(src/grid_map/grid_map_costmap_2d) by extensions ['ros']
[0.795s] Level 1:colcon.colcon_core.package_identification:_identify(src/grid_map/grid_map_costmap_2d) by extension 'ros'
[0.797s] DEBUG:colcon.colcon_core.package_identification:Package 'src/grid_map/grid_map_costmap_2d' with type 'ros.ament_cmake' and name 'grid_map_costmap_2d'
[0.797s] Level 1:colcon.colcon_core.package_identification:_identify(src/grid_map/grid_map_cv) by extensions ['ignore', 'ignore_ament_install']
[0.797s] Level 1:colcon.colcon_core.package_identification:_identify(src/grid_map/grid_map_cv) by extension 'ignore'
[0.798s] Level 1:colcon.colcon_core.package_identification:_identify(src/grid_map/grid_map_cv) by extension 'ignore_ament_install'
[0.798s] Level 1:colcon.colcon_core.package_identification:_identify(src/grid_map/grid_map_cv) by extensions ['colcon_pkg']
[0.798s] Level 1:colcon.colcon_core.package_identification:_identify(src/grid_map/grid_map_cv) by extension 'colcon_pkg'
[0.798s] Level 1:colcon.colcon_core.package_identification:_identify(src/grid_map/grid_map_cv) by extensions ['colcon_meta']
[0.798s] Level 1:colcon.colcon_core.package_identification:_identify(src/grid_map/grid_map_cv) by extension 'colcon_meta'
[0.798s] Level 1:colcon.colcon_core.package_identification:_identify(src/grid_map/grid_map_cv) by extensions ['ros']
[0.798s] Level 1:colcon.colcon_core.package_identification:_identify(src/grid_map/grid_map_cv) by extension 'ros'
[0.800s] DEBUG:colcon.colcon_core.package_identification:Package 'src/grid_map/grid_map_cv' with type 'ros.ament_cmake' and name 'grid_map_cv'
[0.801s] Level 1:colcon.colcon_core.package_identification:_identify(src/grid_map/grid_map_demos) by extensions ['ignore', 'ignore_ament_install']
[0.801s] Level 1:colcon.colcon_core.package_identification:_identify(src/grid_map/grid_map_demos) by extension 'ignore'
[0.801s] Level 1:colcon.colcon_core.package_identification:_identify(src/grid_map/grid_map_demos) by extension 'ignore_ament_install'
[0.801s] Level 1:colcon.colcon_core.package_identification:_identify(src/grid_map/grid_map_demos) by extensions ['colcon_pkg']
[0.801s] Level 1:colcon.colcon_core.package_identification:_identify(src/grid_map/grid_map_demos) by extension 'colcon_pkg'
[0.802s] Level 1:colcon.colcon_core.package_identification:_identify(src/grid_map/grid_map_demos) by extensions ['colcon_meta']
[0.802s] Level 1:colcon.colcon_core.package_identification:_identify(src/grid_map/grid_map_demos) by extension 'colcon_meta'
[0.802s] Level 1:colcon.colcon_core.package_identification:_identify(src/grid_map/grid_map_demos) by extensions ['ros']
[0.802s] Level 1:colcon.colcon_core.package_identification:_identify(src/grid_map/grid_map_demos) by extension 'ros'
[0.805s] DEBUG:colcon.colcon_core.package_identification:Package 'src/grid_map/grid_map_demos' with type 'ros.ament_cmake' and name 'grid_map_demos'
[0.806s] Level 1:colcon.colcon_core.package_identification:_identify(src/grid_map/grid_map_filters) by extensions ['ignore', 'ignore_ament_install']
[0.806s] Level 1:colcon.colcon_core.package_identification:_identify(src/grid_map/grid_map_filters) by extension 'ignore'
[0.806s] Level 1:colcon.colcon_core.package_identification:_identify(src/grid_map/grid_map_filters) by extension 'ignore_ament_install'
[0.806s] Level 1:colcon.colcon_core.package_identification:_identify(src/grid_map/grid_map_filters) by extensions ['colcon_pkg']
[0.806s] Level 1:colcon.colcon_core.package_identification:_identify(src/grid_map/grid_map_filters) by extension 'colcon_pkg'
[0.806s] Level 1:colcon.colcon_core.package_identification:_identify(src/grid_map/grid_map_filters) by extensions ['colcon_meta']
[0.806s] Level 1:colcon.colcon_core.package_identification:_identify(src/grid_map/grid_map_filters) by extension 'colcon_meta'
[0.806s] Level 1:colcon.colcon_core.package_identification:_identify(src/grid_map/grid_map_filters) by extensions ['ros']
[0.807s] Level 1:colcon.colcon_core.package_identification:_identify(src/grid_map/grid_map_filters) by extension 'ros'
[0.809s] DEBUG:colcon.colcon_core.package_identification:Package 'src/grid_map/grid_map_filters' with type 'ros.ament_cmake' and name 'grid_map_filters'
[0.809s] Level 1:colcon.colcon_core.package_identification:_identify(src/grid_map/grid_map_loader) by extensions ['ignore', 'ignore_ament_install']
[0.809s] Level 1:colcon.colcon_core.package_identification:_identify(src/grid_map/grid_map_loader) by extension 'ignore'
[0.809s] Level 1:colcon.colcon_core.package_identification:_identify(src/grid_map/grid_map_loader) by extension 'ignore_ament_install'
[0.809s] Level 1:colcon.colcon_core.package_identification:_identify(src/grid_map/grid_map_loader) by extensions ['colcon_pkg']
[0.810s] Level 1:colcon.colcon_core.package_identification:_identify(src/grid_map/grid_map_loader) by extension 'colcon_pkg'
[0.810s] Level 1:colcon.colcon_core.package_identification:_identify(src/grid_map/grid_map_loader) by extensions ['colcon_meta']
[0.810s] Level 1:colcon.colcon_core.package_identification:_identify(src/grid_map/grid_map_loader) by extension 'colcon_meta'
[0.810s] Level 1:colcon.colcon_core.package_identification:_identify(src/grid_map/grid_map_loader) by extensions ['ros']
[0.810s] Level 1:colcon.colcon_core.package_identification:_identify(src/grid_map/grid_map_loader) by extension 'ros'
[0.811s] DEBUG:colcon.colcon_core.package_identification:Package 'src/grid_map/grid_map_loader' with type 'ros.ament_cmake' and name 'grid_map_loader'
[0.812s] Level 1:colcon.colcon_core.package_identification:_identify(src/grid_map/grid_map_msgs) by extensions ['ignore', 'ignore_ament_install']
[0.812s] Level 1:colcon.colcon_core.package_identification:_identify(src/grid_map/grid_map_msgs) by extension 'ignore'
[0.812s] Level 1:colcon.colcon_core.package_identification:_identify(src/grid_map/grid_map_msgs) by extension 'ignore_ament_install'
[0.812s] Level 1:colcon.colcon_core.package_identification:_identify(src/grid_map/grid_map_msgs) by extensions ['colcon_pkg']
[0.812s] Level 1:colcon.colcon_core.package_identification:_identify(src/grid_map/grid_map_msgs) by extension 'colcon_pkg'
[0.812s] Level 1:colcon.colcon_core.package_identification:_identify(src/grid_map/grid_map_msgs) by extensions ['colcon_meta']
[0.812s] Level 1:colcon.colcon_core.package_identification:_identify(src/grid_map/grid_map_msgs) by extension 'colcon_meta'
[0.813s] Level 1:colcon.colcon_core.package_identification:_identify(src/grid_map/grid_map_msgs) by extensions ['ros']
[0.813s] Level 1:colcon.colcon_core.package_identification:_identify(src/grid_map/grid_map_msgs) by extension 'ros'
[0.815s] DEBUG:colcon.colcon_core.package_identification:Package 'src/grid_map/grid_map_msgs' with type 'ros.ament_cmake' and name 'grid_map_msgs'
[0.815s] Level 1:colcon.colcon_core.package_identification:_identify(src/grid_map/grid_map_octomap) by extensions ['ignore', 'ignore_ament_install']
[0.815s] Level 1:colcon.colcon_core.package_identification:_identify(src/grid_map/grid_map_octomap) by extension 'ignore'
[0.815s] Level 1:colcon.colcon_core.package_identification:_identify(src/grid_map/grid_map_octomap) by extension 'ignore_ament_install'
[0.815s] Level 1:colcon.colcon_core.package_identification:_identify(src/grid_map/grid_map_octomap) by extensions ['colcon_pkg']
[0.816s] Level 1:colcon.colcon_core.package_identification:_identify(src/grid_map/grid_map_octomap) by extension 'colcon_pkg'
[0.816s] Level 1:colcon.colcon_core.package_identification:_identify(src/grid_map/grid_map_octomap) by extensions ['colcon_meta']
[0.816s] Level 1:colcon.colcon_core.package_identification:_identify(src/grid_map/grid_map_octomap) by extension 'colcon_meta'
[0.816s] Level 1:colcon.colcon_core.package_identification:_identify(src/grid_map/grid_map_octomap) by extensions ['ros']
[0.816s] Level 1:colcon.colcon_core.package_identification:_identify(src/grid_map/grid_map_octomap) by extension 'ros'
[0.817s] DEBUG:colcon.colcon_core.package_identification:Package 'src/grid_map/grid_map_octomap' with type 'ros.ament_cmake' and name 'grid_map_octomap'
[0.818s] Level 1:colcon.colcon_core.package_identification:_identify(src/grid_map/grid_map_pcl) by extensions ['ignore', 'ignore_ament_install']
[0.818s] Level 1:colcon.colcon_core.package_identification:_identify(src/grid_map/grid_map_pcl) by extension 'ignore'
[0.818s] Level 1:colcon.colcon_core.package_identification:_identify(src/grid_map/grid_map_pcl) by extension 'ignore_ament_install'
[0.818s] Level 1:colcon.colcon_core.package_identification:_identify(src/grid_map/grid_map_pcl) by extensions ['colcon_pkg']
[0.818s] Level 1:colcon.colcon_core.package_identification:_identify(src/grid_map/grid_map_pcl) by extension 'colcon_pkg'
[0.818s] Level 1:colcon.colcon_core.package_identification:_identify(src/grid_map/grid_map_pcl) by extensions ['colcon_meta']
[0.818s] Level 1:colcon.colcon_core.package_identification:_identify(src/grid_map/grid_map_pcl) by extension 'colcon_meta'
[0.819s] Level 1:colcon.colcon_core.package_identification:_identify(src/grid_map/grid_map_pcl) by extensions ['ros']
[0.819s] Level 1:colcon.colcon_core.package_identification:_identify(src/grid_map/grid_map_pcl) by extension 'ros'
[0.821s] DEBUG:colcon.colcon_core.package_identification:Package 'src/grid_map/grid_map_pcl' with type 'ros.ament_cmake' and name 'grid_map_pcl'
[0.821s] Level 1:colcon.colcon_core.package_identification:_identify(src/grid_map/grid_map_ros) by extensions ['ignore', 'ignore_ament_install']
[0.821s] Level 1:colcon.colcon_core.package_identification:_identify(src/grid_map/grid_map_ros) by extension 'ignore'
[0.821s] Level 1:colcon.colcon_core.package_identification:_identify(src/grid_map/grid_map_ros) by extension 'ignore_ament_install'
[0.822s] Level 1:colcon.colcon_core.package_identification:_identify(src/grid_map/grid_map_ros) by extensions ['colcon_pkg']
[0.822s] Level 1:colcon.colcon_core.package_identification:_identify(src/grid_map/grid_map_ros) by extension 'colcon_pkg'
[0.822s] Level 1:colcon.colcon_core.package_identification:_identify(src/grid_map/grid_map_ros) by extensions ['colcon_meta']
[0.822s] Level 1:colcon.colcon_core.package_identification:_identify(src/grid_map/grid_map_ros) by extension 'colcon_meta'
[0.822s] Level 1:colcon.colcon_core.package_identification:_identify(src/grid_map/grid_map_ros) by extensions ['ros']
[0.822s] Level 1:colcon.colcon_core.package_identification:_identify(src/grid_map/grid_map_ros) by extension 'ros'
[0.825s] DEBUG:colcon.colcon_core.package_identification:Package 'src/grid_map/grid_map_ros' with type 'ros.ament_cmake' and name 'grid_map_ros'
[0.826s] Level 1:colcon.colcon_core.package_identification:_identify(src/grid_map/grid_map_rviz_plugin) by extensions ['ignore', 'ignore_ament_install']
[0.826s] Level 1:colcon.colcon_core.package_identification:_identify(src/grid_map/grid_map_rviz_plugin) by extension 'ignore'
[0.826s] Level 1:colcon.colcon_core.package_identification:_identify(src/grid_map/grid_map_rviz_plugin) by extension 'ignore_ament_install'
[0.826s] Level 1:colcon.colcon_core.package_identification:_identify(src/grid_map/grid_map_rviz_plugin) by extensions ['colcon_pkg']
[0.826s] Level 1:colcon.colcon_core.package_identification:_identify(src/grid_map/grid_map_rviz_plugin) by extension 'colcon_pkg'
[0.826s] Level 1:colcon.colcon_core.package_identification:_identify(src/grid_map/grid_map_rviz_plugin) by extensions ['colcon_meta']
[0.826s] Level 1:colcon.colcon_core.package_identification:_identify(src/grid_map/grid_map_rviz_plugin) by extension 'colcon_meta'
[0.827s] Level 1:colcon.colcon_core.package_identification:_identify(src/grid_map/grid_map_rviz_plugin) by extensions ['ros']
[0.827s] Level 1:colcon.colcon_core.package_identification:_identify(src/grid_map/grid_map_rviz_plugin) by extension 'ros'
[0.829s] DEBUG:colcon.colcon_core.package_identification:Package 'src/grid_map/grid_map_rviz_plugin' with type 'ros.ament_cmake' and name 'grid_map_rviz_plugin'
[0.829s] Level 1:colcon.colcon_core.package_identification:_identify(src/grid_map/grid_map_sdf) by extensions ['ignore', 'ignore_ament_install']
[0.829s] Level 1:colcon.colcon_core.package_identification:_identify(src/grid_map/grid_map_sdf) by extension 'ignore'
[0.829s] Level 1:colcon.colcon_core.package_identification:_identify(src/grid_map/grid_map_sdf) by extension 'ignore_ament_install'
[0.830s] Level 1:colcon.colcon_core.package_identification:_identify(src/grid_map/grid_map_sdf) by extensions ['colcon_pkg']
[0.830s] Level 1:colcon.colcon_core.package_identification:_identify(src/grid_map/grid_map_sdf) by extension 'colcon_pkg'
[0.830s] Level 1:colcon.colcon_core.package_identification:_identify(src/grid_map/grid_map_sdf) by extensions ['colcon_meta']
[0.830s] Level 1:colcon.colcon_core.package_identification:_identify(src/grid_map/grid_map_sdf) by extension 'colcon_meta'
[0.830s] Level 1:colcon.colcon_core.package_identification:_identify(src/grid_map/grid_map_sdf) by extensions ['ros']
[0.830s] Level 1:colcon.colcon_core.package_identification:_identify(src/grid_map/grid_map_sdf) by extension 'ros'
[0.832s] DEBUG:colcon.colcon_core.package_identification:Package 'src/grid_map/grid_map_sdf' with type 'ros.ament_cmake' and name 'grid_map_sdf'
[0.832s] Level 1:colcon.colcon_core.package_identification:_identify(src/grid_map/grid_map_visualization) by extensions ['ignore', 'ignore_ament_install']
[0.832s] Level 1:colcon.colcon_core.package_identification:_identify(src/grid_map/grid_map_visualization) by extension 'ignore'
[0.832s] Level 1:colcon.colcon_core.package_identification:_identify(src/grid_map/grid_map_visualization) by extension 'ignore_ament_install'
[0.832s] Level 1:colcon.colcon_core.package_identification:_identify(src/grid_map/grid_map_visualization) by extensions ['colcon_pkg']
[0.832s] Level 1:colcon.colcon_core.package_identification:_identify(src/grid_map/grid_map_visualization) by extension 'colcon_pkg'
[0.833s] Level 1:colcon.colcon_core.package_identification:_identify(src/grid_map/grid_map_visualization) by extensions ['colcon_meta']
[0.833s] Level 1:colcon.colcon_core.package_identification:_identify(src/grid_map/grid_map_visualization) by extension 'colcon_meta'
[0.833s] Level 1:colcon.colcon_core.package_identification:_identify(src/grid_map/grid_map_visualization) by extensions ['ros']
[0.833s] Level 1:colcon.colcon_core.package_identification:_identify(src/grid_map/grid_map_visualization) by extension 'ros'
[0.838s] DEBUG:colcon.colcon_core.package_identification:Package 'src/grid_map/grid_map_visualization' with type 'ros.ament_cmake' and name 'grid_map_visualization'
[0.838s] Level 1:colcon.colcon_core.package_identification:_identify(src/livox_ros2_driver) by extensions ['ignore', 'ignore_ament_install']
[0.839s] Level 1:colcon.colcon_core.package_identification:_identify(src/livox_ros2_driver) by extension 'ignore'
[0.839s] Level 1:colcon.colcon_core.package_identification:_identify(src/livox_ros2_driver) by extension 'ignore_ament_install'
[0.839s] Level 1:colcon.colcon_core.package_identification:_identify(src/livox_ros2_driver) by extensions ['colcon_pkg']
[0.839s] Level 1:colcon.colcon_core.package_identification:_identify(src/livox_ros2_driver) by extension 'colcon_pkg'
[0.839s] Level 1:colcon.colcon_core.package_identification:_identify(src/livox_ros2_driver) by extensions ['colcon_meta']
[0.839s] Level 1:colcon.colcon_core.package_identification:_identify(src/livox_ros2_driver) by extension 'colcon_meta'
[0.839s] Level 1:colcon.colcon_core.package_identification:_identify(src/livox_ros2_driver) by extensions ['ros']
[0.839s] Level 1:colcon.colcon_core.package_identification:_identify(src/livox_ros2_driver) by extension 'ros'
[0.840s] Level 1:colcon.colcon_core.package_identification:_identify(src/livox_ros2_driver) by extensions ['cmake', 'python']
[0.840s] Level 1:colcon.colcon_core.package_identification:_identify(src/livox_ros2_driver) by extension 'cmake'
[0.840s] Level 1:colcon.colcon_core.package_identification:_identify(src/livox_ros2_driver) by extension 'python'
[0.840s] Level 1:colcon.colcon_core.package_identification:_identify(src/livox_ros2_driver) by extensions ['python_setup_py']
[0.840s] Level 1:colcon.colcon_core.package_identification:_identify(src/livox_ros2_driver) by extension 'python_setup_py'
[0.840s] Level 1:colcon.colcon_core.package_identification:_identify(src/livox_ros2_driver/images) by extensions ['ignore', 'ignore_ament_install']
[0.840s] Level 1:colcon.colcon_core.package_identification:_identify(src/livox_ros2_driver/images) by extension 'ignore'
[0.841s] Level 1:colcon.colcon_core.package_identification:_identify(src/livox_ros2_driver/images) by extension 'ignore_ament_install'
[0.841s] Level 1:colcon.colcon_core.package_identification:_identify(src/livox_ros2_driver/images) by extensions ['colcon_pkg']
[0.841s] Level 1:colcon.colcon_core.package_identification:_identify(src/livox_ros2_driver/images) by extension 'colcon_pkg'
[0.841s] Level 1:colcon.colcon_core.package_identification:_identify(src/livox_ros2_driver/images) by extensions ['colcon_meta']
[0.841s] Level 1:colcon.colcon_core.package_identification:_identify(src/livox_ros2_driver/images) by extension 'colcon_meta'
[0.841s] Level 1:colcon.colcon_core.package_identification:_identify(src/livox_ros2_driver/images) by extensions ['ros']
[0.841s] Level 1:colcon.colcon_core.package_identification:_identify(src/livox_ros2_driver/images) by extension 'ros'
[0.841s] Level 1:colcon.colcon_core.package_identification:_identify(src/livox_ros2_driver/images) by extensions ['cmake', 'python']
[0.841s] Level 1:colcon.colcon_core.package_identification:_identify(src/livox_ros2_driver/images) by extension 'cmake'
[0.841s] Level 1:colcon.colcon_core.package_identification:_identify(src/livox_ros2_driver/images) by extension 'python'
[0.842s] Level 1:colcon.colcon_core.package_identification:_identify(src/livox_ros2_driver/images) by extensions ['python_setup_py']
[0.842s] Level 1:colcon.colcon_core.package_identification:_identify(src/livox_ros2_driver/images) by extension 'python_setup_py'
[0.842s] Level 1:colcon.colcon_core.package_identification:_identify(src/livox_ros2_driver/livox_interfaces) by extensions ['ignore', 'ignore_ament_install']
[0.842s] Level 1:colcon.colcon_core.package_identification:_identify(src/livox_ros2_driver/livox_interfaces) by extension 'ignore'
[0.842s] Level 1:colcon.colcon_core.package_identification:_identify(src/livox_ros2_driver/livox_interfaces) by extension 'ignore_ament_install'
[0.842s] Level 1:colcon.colcon_core.package_identification:_identify(src/livox_ros2_driver/livox_interfaces) by extensions ['colcon_pkg']
[0.842s] Level 1:colcon.colcon_core.package_identification:_identify(src/livox_ros2_driver/livox_interfaces) by extension 'colcon_pkg'
[0.843s] Level 1:colcon.colcon_core.package_identification:_identify(src/livox_ros2_driver/livox_interfaces) by extensions ['colcon_meta']
[0.843s] Level 1:colcon.colcon_core.package_identification:_identify(src/livox_ros2_driver/livox_interfaces) by extension 'colcon_meta'
[0.843s] Level 1:colcon.colcon_core.package_identification:_identify(src/livox_ros2_driver/livox_interfaces) by extensions ['ros']
[0.843s] Level 1:colcon.colcon_core.package_identification:_identify(src/livox_ros2_driver/livox_interfaces) by extension 'ros'
[0.844s] DEBUG:colcon.colcon_core.package_identification:Package 'src/livox_ros2_driver/livox_interfaces' with type 'ros.ament_cmake' and name 'livox_interfaces'
[0.845s] Level 1:colcon.colcon_core.package_identification:_identify(src/livox_ros2_driver/livox_ros2_driver) by extensions ['ignore', 'ignore_ament_install']
[0.845s] Level 1:colcon.colcon_core.package_identification:_identify(src/livox_ros2_driver/livox_ros2_driver) by extension 'ignore'
[0.845s] Level 1:colcon.colcon_core.package_identification:_identify(src/livox_ros2_driver/livox_ros2_driver) by extension 'ignore_ament_install'
[0.845s] Level 1:colcon.colcon_core.package_identification:_identify(src/livox_ros2_driver/livox_ros2_driver) by extensions ['colcon_pkg']
[0.845s] Level 1:colcon.colcon_core.package_identification:_identify(src/livox_ros2_driver/livox_ros2_driver) by extension 'colcon_pkg'
[0.845s] Level 1:colcon.colcon_core.package_identification:_identify(src/livox_ros2_driver/livox_ros2_driver) by extensions ['colcon_meta']
[0.845s] Level 1:colcon.colcon_core.package_identification:_identify(src/livox_ros2_driver/livox_ros2_driver) by extension 'colcon_meta'
[0.845s] Level 1:colcon.colcon_core.package_identification:_identify(src/livox_ros2_driver/livox_ros2_driver) by extensions ['ros']
[0.845s] Level 1:colcon.colcon_core.package_identification:_identify(src/livox_ros2_driver/livox_ros2_driver) by extension 'ros'
[0.848s] DEBUG:colcon.colcon_core.package_identification:Package 'src/livox_ros2_driver/livox_ros2_driver' with type 'ros.ament_cmake' and name 'livox_ros2_driver'
[0.849s] Level 1:colcon.colcon_core.package_identification:_identify(src/livox_ros2_driver/livox_sdk_vendor) by extensions ['ignore', 'ignore_ament_install']
[0.849s] Level 1:colcon.colcon_core.package_identification:_identify(src/livox_ros2_driver/livox_sdk_vendor) by extension 'ignore'
[0.849s] Level 1:colcon.colcon_core.package_identification:_identify(src/livox_ros2_driver/livox_sdk_vendor) by extension 'ignore_ament_install'
[0.849s] Level 1:colcon.colcon_core.package_identification:_identify(src/livox_ros2_driver/livox_sdk_vendor) by extensions ['colcon_pkg']
[0.849s] Level 1:colcon.colcon_core.package_identification:_identify(src/livox_ros2_driver/livox_sdk_vendor) by extension 'colcon_pkg'
[0.849s] Level 1:colcon.colcon_core.package_identification:_identify(src/livox_ros2_driver/livox_sdk_vendor) by extensions ['colcon_meta']
[0.849s] Level 1:colcon.colcon_core.package_identification:_identify(src/livox_ros2_driver/livox_sdk_vendor) by extension 'colcon_meta'
[0.849s] Level 1:colcon.colcon_core.package_identification:_identify(src/livox_ros2_driver/livox_sdk_vendor) by extensions ['ros']
[0.849s] Level 1:colcon.colcon_core.package_identification:_identify(src/livox_ros2_driver/livox_sdk_vendor) by extension 'ros'
[0.851s] DEBUG:colcon.colcon_core.package_identification:Package 'src/livox_ros2_driver/livox_sdk_vendor' with type 'ros.ament_cmake' and name 'livox_sdk_vendor'
[0.851s] Level 1:colcon.colcon_core.package_identification:_identify(src/log) by extensions ['ignore', 'ignore_ament_install']
[0.851s] Level 1:colcon.colcon_core.package_identification:_identify(src/log) by extension 'ignore'
[0.851s] Level 1:colcon.colcon_core.package_identification:_identify(src/log) ignored
[0.851s] Level 1:colcon.colcon_core.package_identification:_identify(src/rasd_camera) by extensions ['ignore', 'ignore_ament_install']
[0.852s] Level 1:colcon.colcon_core.package_identification:_identify(src/rasd_camera) by extension 'ignore'
[0.852s] Level 1:colcon.colcon_core.package_identification:_identify(src/rasd_camera) by extension 'ignore_ament_install'
[0.852s] Level 1:colcon.colcon_core.package_identification:_identify(src/rasd_camera) by extensions ['colcon_pkg']
[0.852s] Level 1:colcon.colcon_core.package_identification:_identify(src/rasd_camera) by extension 'colcon_pkg'
[0.852s] Level 1:colcon.colcon_core.package_identification:_identify(src/rasd_camera) by extensions ['colcon_meta']
[0.852s] Level 1:colcon.colcon_core.package_identification:_identify(src/rasd_camera) by extension 'colcon_meta'
[0.852s] Level 1:colcon.colcon_core.package_identification:_identify(src/rasd_camera) by extensions ['ros']
[0.852s] Level 1:colcon.colcon_core.package_identification:_identify(src/rasd_camera) by extension 'ros'
[0.853s] DEBUG:colcon.colcon_core.package_identification:Package 'src/rasd_camera' with type 'ros.ament_python' and name 'rasd_camera'
[0.854s] Level 1:colcon.colcon_core.package_identification:_identify(src/rasd_elev_profile) by extensions ['ignore', 'ignore_ament_install']
[0.854s] Level 1:colcon.colcon_core.package_identification:_identify(src/rasd_elev_profile) by extension 'ignore'
[0.854s] Level 1:colcon.colcon_core.package_identification:_identify(src/rasd_elev_profile) by extension 'ignore_ament_install'
[0.854s] Level 1:colcon.colcon_core.package_identification:_identify(src/rasd_elev_profile) by extensions ['colcon_pkg']
[0.854s] Level 1:colcon.colcon_core.package_identification:_identify(src/rasd_elev_profile) by extension 'colcon_pkg'
[0.854s] Level 1:colcon.colcon_core.package_identification:_identify(src/rasd_elev_profile) by extensions ['colcon_meta']
[0.854s] Level 1:colcon.colcon_core.package_identification:_identify(src/rasd_elev_profile) by extension 'colcon_meta'
[0.854s] Level 1:colcon.colcon_core.package_identification:_identify(src/rasd_elev_profile) by extensions ['ros']
[0.855s] Level 1:colcon.colcon_core.package_identification:_identify(src/rasd_elev_profile) by extension 'ros'
[0.856s] DEBUG:colcon.colcon_core.package_identification:Package 'src/rasd_elev_profile' with type 'ros.ament_cmake' and name 'rasd_elev_profile'
[0.856s] Level 1:colcon.colcon_core.package_identification:_identify(src/rasd_fusion) by extensions ['ignore', 'ignore_ament_install']
[0.857s] Level 1:colcon.colcon_core.package_identification:_identify(src/rasd_fusion) by extension 'ignore'
[0.857s] Level 1:colcon.colcon_core.package_identification:_identify(src/rasd_fusion) by extension 'ignore_ament_install'
[0.857s] Level 1:colcon.colcon_core.package_identification:_identify(src/rasd_fusion) by extensions ['colcon_pkg']
[0.857s] Level 1:colcon.colcon_core.package_identification:_identify(src/rasd_fusion) by extension 'colcon_pkg'
[0.857s] Level 1:colcon.colcon_core.package_identification:_identify(src/rasd_fusion) by extensions ['colcon_meta']
[0.857s] Level 1:colcon.colcon_core.package_identification:_identify(src/rasd_fusion) by extension 'colcon_meta'
[0.857s] Level 1:colcon.colcon_core.package_identification:_identify(src/rasd_fusion) by extensions ['ros']
[0.857s] Level 1:colcon.colcon_core.package_identification:_identify(src/rasd_fusion) by extension 'ros'
[0.909s] DEBUG:colcon.colcon_core.package_identification:Package 'src/rasd_fusion' with type 'ros.ament_python' and name 'rasd_fusion'
[0.909s] Level 1:colcon.colcon_core.package_identification:_identify(src/rasd_gps) by extensions ['ignore', 'ignore_ament_install']
[0.910s] Level 1:colcon.colcon_core.package_identification:_identify(src/rasd_gps) by extension 'ignore'
[0.910s] Level 1:colcon.colcon_core.package_identification:_identify(src/rasd_gps) by extension 'ignore_ament_install'
[0.910s] Level 1:colcon.colcon_core.package_identification:_identify(src/rasd_gps) by extensions ['colcon_pkg']
[0.910s] Level 1:colcon.colcon_core.package_identification:_identify(src/rasd_gps) by extension 'colcon_pkg'
[0.910s] Level 1:colcon.colcon_core.package_identification:_identify(src/rasd_gps) by extensions ['colcon_meta']
[0.910s] Level 1:colcon.colcon_core.package_identification:_identify(src/rasd_gps) by extension 'colcon_meta'
[0.911s] Level 1:colcon.colcon_core.package_identification:_identify(src/rasd_gps) by extensions ['ros']
[0.911s] Level 1:colcon.colcon_core.package_identification:_identify(src/rasd_gps) by extension 'ros'
[0.913s] DEBUG:colcon.colcon_core.package_identification:Package 'src/rasd_gps' with type 'ros.ament_python' and name 'rasd_gps'
[0.913s] Level 1:colcon.colcon_core.package_identification:_identify(src/rasd_gridmap) by extensions ['ignore', 'ignore_ament_install']
[0.913s] Level 1:colcon.colcon_core.package_identification:_identify(src/rasd_gridmap) by extension 'ignore'
[0.913s] Level 1:colcon.colcon_core.package_identification:_identify(src/rasd_gridmap) by extension 'ignore_ament_install'
[0.914s] Level 1:colcon.colcon_core.package_identification:_identify(src/rasd_gridmap) by extensions ['colcon_pkg']
[0.914s] Level 1:colcon.colcon_core.package_identification:_identify(src/rasd_gridmap) by extension 'colcon_pkg'
[0.914s] Level 1:colcon.colcon_core.package_identification:_identify(src/rasd_gridmap) by extensions ['colcon_meta']
[0.914s] Level 1:colcon.colcon_core.package_identification:_identify(src/rasd_gridmap) by extension 'colcon_meta'
[0.914s] Level 1:colcon.colcon_core.package_identification:_identify(src/rasd_gridmap) by extensions ['ros']
[0.914s] Level 1:colcon.colcon_core.package_identification:_identify(src/rasd_gridmap) by extension 'ros'
[0.917s] DEBUG:colcon.colcon_core.package_identification:Package 'src/rasd_gridmap' with type 'ros.ament_cmake' and name 'rasd_gridmap'
[0.917s] Level 1:colcon.colcon_core.package_identification:_identify(src/rasd_led_serial) by extensions ['ignore', 'ignore_ament_install']
[0.917s] Level 1:colcon.colcon_core.package_identification:_identify(src/rasd_led_serial) by extension 'ignore'
[0.917s] Level 1:colcon.colcon_core.package_identification:_identify(src/rasd_led_serial) by extension 'ignore_ament_install'
[0.917s] Level 1:colcon.colcon_core.package_identification:_identify(src/rasd_led_serial) by extensions ['colcon_pkg']
[0.918s] Level 1:colcon.colcon_core.package_identification:_identify(src/rasd_led_serial) by extension 'colcon_pkg'
[0.918s] Level 1:colcon.colcon_core.package_identification:_identify(src/rasd_led_serial) by extensions ['colcon_meta']
[0.918s] Level 1:colcon.colcon_core.package_identification:_identify(src/rasd_led_serial) by extension 'colcon_meta'
[0.918s] Level 1:colcon.colcon_core.package_identification:_identify(src/rasd_led_serial) by extensions ['ros']
[0.918s] Level 1:colcon.colcon_core.package_identification:_identify(src/rasd_led_serial) by extension 'ros'
[0.920s] DEBUG:colcon.colcon_core.package_identification:Package 'src/rasd_led_serial' with type 'ros.ament_python' and name 'rasd_led_serial'
[0.920s] Level 1:colcon.colcon_core.package_identification:_identify(src/rasd_ransac_speedbump) by extensions ['ignore', 'ignore_ament_install']
[0.920s] Level 1:colcon.colcon_core.package_identification:_identify(src/rasd_ransac_speedbump) by extension 'ignore'
[0.920s] Level 1:colcon.colcon_core.package_identification:_identify(src/rasd_ransac_speedbump) by extension 'ignore_ament_install'
[0.921s] Level 1:colcon.colcon_core.package_identification:_identify(src/rasd_ransac_speedbump) by extensions ['colcon_pkg']
[0.921s] Level 1:colcon.colcon_core.package_identification:_identify(src/rasd_ransac_speedbump) by extension 'colcon_pkg'
[0.921s] Level 1:colcon.colcon_core.package_identification:_identify(src/rasd_ransac_speedbump) by extensions ['colcon_meta']
[0.921s] Level 1:colcon.colcon_core.package_identification:_identify(src/rasd_ransac_speedbump) by extension 'colcon_meta'
[0.921s] Level 1:colcon.colcon_core.package_identification:_identify(src/rasd_ransac_speedbump) by extensions ['ros']
[0.921s] Level 1:colcon.colcon_core.package_identification:_identify(src/rasd_ransac_speedbump) by extension 'ros'
[0.923s] DEBUG:colcon.colcon_core.package_identification:Package 'src/rasd_ransac_speedbump' with type 'ros.ament_cmake' and name 'rasd_ransac_speedbump'
[0.923s] Level 1:colcon.colcon_core.package_identification:_identify(src/rasd_roi_filter) by extensions ['ignore', 'ignore_ament_install']
[0.924s] Level 1:colcon.colcon_core.package_identification:_identify(src/rasd_roi_filter) by extension 'ignore'
[0.924s] Level 1:colcon.colcon_core.package_identification:_identify(src/rasd_roi_filter) by extension 'ignore_ament_install'
[0.924s] Level 1:colcon.colcon_core.package_identification:_identify(src/rasd_roi_filter) by extensions ['colcon_pkg']
[0.924s] Level 1:colcon.colcon_core.package_identification:_identify(src/rasd_roi_filter) by extension 'colcon_pkg'
[0.924s] Level 1:colcon.colcon_core.package_identification:_identify(src/rasd_roi_filter) by extensions ['colcon_meta']
[0.924s] Level 1:colcon.colcon_core.package_identification:_identify(src/rasd_roi_filter) by extension 'colcon_meta'
[0.924s] Level 1:colcon.colcon_core.package_identification:_identify(src/rasd_roi_filter) by extensions ['ros']
[0.924s] Level 1:colcon.colcon_core.package_identification:_identify(src/rasd_roi_filter) by extension 'ros'
[0.926s] DEBUG:colcon.colcon_core.package_identification:Package 'src/rasd_roi_filter' with type 'ros.ament_python' and name 'rasd_roi_filter'
[0.927s] Level 1:colcon.colcon_core.package_identification:_identify(src/rasd_tf) by extensions ['ignore', 'ignore_ament_install']
[0.927s] Level 1:colcon.colcon_core.package_identification:_identify(src/rasd_tf) by extension 'ignore'
[0.927s] Level 1:colcon.colcon_core.package_identification:_identify(src/rasd_tf) by extension 'ignore_ament_install'
[0.927s] Level 1:colcon.colcon_core.package_identification:_identify(src/rasd_tf) by extensions ['colcon_pkg']
[0.927s] Level 1:colcon.colcon_core.package_identification:_identify(src/rasd_tf) by extension 'colcon_pkg'
[0.927s] Level 1:colcon.colcon_core.package_identification:_identify(src/rasd_tf) by extensions ['colcon_meta']
[0.927s] Level 1:colcon.colcon_core.package_identification:_identify(src/rasd_tf) by extension 'colcon_meta'
[0.927s] Level 1:colcon.colcon_core.package_identification:_identify(src/rasd_tf) by extensions ['ros']
[0.928s] Level 1:colcon.colcon_core.package_identification:_identify(src/rasd_tf) by extension 'ros'
[0.929s] DEBUG:colcon.colcon_core.package_identification:Package 'src/rasd_tf' with type 'ros.ament_python' and name 'rasd_tf'
[0.929s] Level 1:colcon.colcon_core.package_discovery:discover_packages(recursive) using defaults
[0.930s] Level 1:colcon.colcon_core.package_discovery:discover_packages(ignore) discover
[0.930s] Level 1:colcon.colcon_core.package_discovery:discover_packages(ignore) using defaults
[0.930s] Level 1:colcon.colcon_core.package_discovery:discover_packages(path) discover
[0.930s] Level 1:colcon.colcon_core.package_discovery:discover_packages(path) using defaults
[1.005s] INFO:colcon.colcon_core.package_selection:Skipping not selected package 'grid_map_cmake_helpers' in 'src/grid_map/grid_map_cmake_helpers'
[1.006s] INFO:colcon.colcon_core.package_selection:Skipping not selected package 'livox_interfaces' in 'src/livox_ros2_driver/livox_interfaces'
[1.006s] INFO:colcon.colcon_core.package_selection:Skipping not selected package 'livox_sdk' in 'src/Livox-SDK'
[1.006s] INFO:colcon.colcon_core.package_selection:Skipping not selected package 'livox_sdk_vendor' in 'src/livox_ros2_driver/livox_sdk_vendor'
[1.006s] INFO:colcon.colcon_core.package_selection:Skipping not selected package 'rasd_camera' in 'src/rasd_camera'
[1.006s] INFO:colcon.colcon_core.package_selection:Skipping not selected package 'rasd_elev_profile' in 'src/rasd_elev_profile'
[1.006s] INFO:colcon.colcon_core.package_selection:Skipping not selected package 'rasd_fusion' in 'src/rasd_fusion'
[1.006s] INFO:colcon.colcon_core.package_selection:Skipping not selected package 'rasd_gps' in 'src/rasd_gps'
[1.006s] INFO:colcon.colcon_core.package_selection:Skipping not selected package 'rasd_led_serial' in 'src/rasd_led_serial'
[1.006s] INFO:colcon.colcon_core.package_selection:Skipping not selected package 'rasd_ransac_speedbump' in 'src/rasd_ransac_speedbump'
[1.006s] INFO:colcon.colcon_core.package_selection:Skipping not selected package 'rasd_tf' in 'src/rasd_tf'
[1.006s] INFO:colcon.colcon_core.package_selection:Skipping not selected package 'grid_map_core' in 'src/grid_map/grid_map_core'
[1.006s] INFO:colcon.colcon_core.package_selection:Skipping not selected package 'grid_map_msgs' in 'src/grid_map/grid_map_msgs'
[1.006s] INFO:colcon.colcon_core.package_selection:Skipping not selected package 'livox_ros2_driver' in 'src/livox_ros2_driver/livox_ros2_driver'
[1.006s] INFO:colcon.colcon_core.package_selection:Skipping not selected package 'grid_map_costmap_2d' in 'src/grid_map/grid_map_costmap_2d'
[1.007s] INFO:colcon.colcon_core.package_selection:Skipping not selected package 'grid_map_cv' in 'src/grid_map/grid_map_cv'
[1.007s] INFO:colcon.colcon_core.package_selection:Skipping not selected package 'grid_map_octomap' in 'src/grid_map/grid_map_octomap'
[1.007s] INFO:colcon.colcon_core.package_selection:Skipping not selected package 'grid_map_sdf' in 'src/grid_map/grid_map_sdf'
[1.007s] INFO:colcon.colcon_core.package_selection:Skipping not selected package 'grid_map_ros' in 'src/grid_map/grid_map_ros'
[1.007s] INFO:colcon.colcon_core.package_selection:Skipping not selected package 'grid_map_filters' in 'src/grid_map/grid_map_filters'
[1.007s] INFO:colcon.colcon_core.package_selection:Skipping not selected package 'grid_map_loader' in 'src/grid_map/grid_map_loader'
[1.007s] INFO:colcon.colcon_core.package_selection:Skipping not selected package 'grid_map_pcl' in 'src/grid_map/grid_map_pcl'
[1.007s] INFO:colcon.colcon_core.package_selection:Skipping not selected package 'grid_map_rviz_plugin' in 'src/grid_map/grid_map_rviz_plugin'
[1.007s] INFO:colcon.colcon_core.package_selection:Skipping not selected package 'grid_map_visualization' in 'src/grid_map/grid_map_visualization'
[1.007s] INFO:colcon.colcon_core.package_selection:Skipping not selected package 'rasd_gridmap' in 'src/rasd_gridmap'
[1.007s] INFO:colcon.colcon_core.package_selection:Skipping not selected package 'grid_map_demos' in 'src/grid_map/grid_map_demos'
[1.007s] INFO:colcon.colcon_core.package_selection:Skipping not selected package 'grid_map' in 'src/grid_map/grid_map'
[1.009s] Level 1:colcon.colcon_core.package_discovery:discover_packages(prefix_path) check parameters
[1.009s] Level 1:colcon.colcon_core.package_discovery:discover_packages(prefix_path) discover
[1.015s] DEBUG:colcon.colcon_installed_package_information.package_discovery:Found 11 installed packages in /home/rasd/ros2_ws/install
[1.018s] DEBUG:colcon.colcon_installed_package_information.package_discovery:Found 295 installed packages in /opt/ros/humble
[1.025s] Level 1:colcon.colcon_core.package_discovery:discover_packages(prefix_path) using defaults
[1.121s] Level 5:colcon.colcon_core.verb:set package 'rasd_roi_filter' build argument 'cmake_args' from command line to 'None'
[1.122s] Level 5:colcon.colcon_core.verb:set package 'rasd_roi_filter' build argument 'cmake_target' from command line to 'None'
[1.122s] Level 5:colcon.colcon_core.verb:set package 'rasd_roi_filter' build argument 'cmake_target_skip_unavailable' from command line to 'False'
[1.123s] Level 5:colcon.colcon_core.verb:set package 'rasd_roi_filter' build argument 'cmake_clean_cache' from command line to 'False'
[1.123s] Level 5:colcon.colcon_core.verb:set package 'rasd_roi_filter' build argument 'cmake_clean_first' from command line to 'False'
[1.123s] Level 5:colcon.colcon_core.verb:set package 'rasd_roi_filter' build argument 'cmake_force_configure' from command line to 'False'
[1.123s] Level 5:colcon.colcon_core.verb:set package 'rasd_roi_filter' build argument 'ament_cmake_args' from command line to 'None'
[1.123s] Level 5:colcon.colcon_core.verb:set package 'rasd_roi_filter' build argument 'catkin_cmake_args' from command line to 'None'
[1.123s] Level 5:colcon.colcon_core.verb:set package 'rasd_roi_filter' build argument 'catkin_skip_building_tests' from command line to 'False'
[1.123s] DEBUG:colcon.colcon_core.verb:Building package 'rasd_roi_filter' with the following arguments: {'ament_cmake_args': None, 'build_base': '/home/rasd/ros2_ws/build/rasd_roi_filter', 'catkin_cmake_args': None, 'catkin_skip_building_tests': False, 'cmake_args': None, 'cmake_clean_cache': False, 'cmake_clean_first': False, 'cmake_force_configure': False, 'cmake_target': None, 'cmake_target_skip_unavailable': False, 'install_base': '/home/rasd/ros2_ws/install/rasd_roi_filter', 'merge_install': False, 'path': '/home/rasd/ros2_ws/src/rasd_roi_filter', 'symlink_install': False, 'test_result_base': None}
[1.124s] INFO:colcon.colcon_core.executor:Executing jobs using 'parallel' executor
[1.127s] DEBUG:colcon.colcon_parallel_executor.executor.parallel:run_until_complete
[1.128s] INFO:colcon.colcon_ros.task.ament_python.build:Building ROS package in '/home/rasd/ros2_ws/src/rasd_roi_filter' with build type 'ament_python'
[1.128s] Level 1:colcon.colcon_core.shell:create_environment_hook('rasd_roi_filter', 'ament_prefix_path')
[1.134s] INFO:colcon.colcon_core.plugin_system:Skipping extension 'colcon_core.shell.bat': Not used on non-Windows systems
[1.134s] INFO:colcon.colcon_core.shell:Creating environment hook '/home/rasd/ros2_ws/install/rasd_roi_filter/share/rasd_roi_filter/hook/ament_prefix_path.ps1'
[1.137s] INFO:colcon.colcon_core.shell:Creating environment descriptor '/home/rasd/ros2_ws/install/rasd_roi_filter/share/rasd_roi_filter/hook/ament_prefix_path.dsv'
[1.139s] INFO:colcon.colcon_core.shell:Creating environment hook '/home/rasd/ros2_ws/install/rasd_roi_filter/share/rasd_roi_filter/hook/ament_prefix_path.sh'
[1.140s] INFO:colcon.colcon_core.shell:Skip shell extension 'powershell' for command environment: Not usable outside of PowerShell
[1.141s] DEBUG:colcon.colcon_core.shell:Skip shell extension 'dsv' for command environment
[1.897s] INFO:colcon.colcon_core.task.python.build:Building Python package in '/home/rasd/ros2_ws/src/rasd_roi_filter'
[1.899s] INFO:colcon.colcon_core.shell:Skip shell extension 'powershell' for command environment: Not usable outside of PowerShell
[1.899s] DEBUG:colcon.colcon_core.shell:Skip shell extension 'dsv' for command environment
[3.097s] DEBUG:colcon.colcon_core.event_handler.log_command:Invoking command in '/home/rasd/ros2_ws/src/rasd_roi_filter': PYTHONPATH=/home/rasd/ros2_ws/build/rasd_roi_filter/prefix_override:/usr/lib/python3/dist-packages/colcon_core/task/python/colcon_distutils_commands:/home/rasd/ros2_ws/install/rasd_roi_filter/lib/python3.10/site-packages:${PYTHONPATH} /usr/bin/python3 -W ignore:setup.py install is deprecated -W ignore:easy_install command is deprecated setup.py egg_info --egg-base ../../build/rasd_roi_filter build --build-base /home/rasd/ros2_ws/build/rasd_roi_filter/build install --record /home/rasd/ros2_ws/build/rasd_roi_filter/install.log --single-version-externally-managed install_data
[3.968s] DEBUG:colcon.colcon_core.event_handler.log_command:Invoked command in '/home/rasd/ros2_ws/src/rasd_roi_filter' returned '0': PYTHONPATH=/home/rasd/ros2_ws/build/rasd_roi_filter/prefix_override:/usr/lib/python3/dist-packages/colcon_core/task/python/colcon_distutils_commands:/home/rasd/ros2_ws/install/rasd_roi_filter/lib/python3.10/site-packages:${PYTHONPATH} /usr/bin/python3 -W ignore:setup.py install is deprecated -W ignore:easy_install command is deprecated setup.py egg_info --egg-base ../../build/rasd_roi_filter build --build-base /home/rasd/ros2_ws/build/rasd_roi_filter/build install --record /home/rasd/ros2_ws/build/rasd_roi_filter/install.log --single-version-externally-managed install_data
[3.979s] Level 1:colcon.colcon_core.environment:checking '/home/rasd/ros2_ws/install/rasd_roi_filter' for CMake module files
[3.981s] Level 1:colcon.colcon_core.environment:checking '/home/rasd/ros2_ws/install/rasd_roi_filter' for CMake config files
[3.984s] Level 1:colcon.colcon_core.environment:checking '/home/rasd/ros2_ws/install/rasd_roi_filter/lib'
[3.985s] Level 1:colcon.colcon_core.environment:checking '/home/rasd/ros2_ws/install/rasd_roi_filter/bin'
[3.985s] Level 1:colcon.colcon_core.environment:checking '/home/rasd/ros2_ws/install/rasd_roi_filter/lib/pkgconfig/rasd_roi_filter.pc'
[3.986s] Level 1:colcon.colcon_core.environment:checking '/home/rasd/ros2_ws/install/rasd_roi_filter/lib/python3.10/site-packages'
[3.986s] Level 1:colcon.colcon_core.shell:create_environment_hook('rasd_roi_filter', 'pythonpath')
[3.987s] INFO:colcon.colcon_core.shell:Creating environment hook '/home/rasd/ros2_ws/install/rasd_roi_filter/share/rasd_roi_filter/hook/pythonpath.ps1'
[3.990s] INFO:colcon.colcon_core.shell:Creating environment descriptor '/home/rasd/ros2_ws/install/rasd_roi_filter/share/rasd_roi_filter/hook/pythonpath.dsv'
[3.991s] INFO:colcon.colcon_core.shell:Creating environment hook '/home/rasd/ros2_ws/install/rasd_roi_filter/share/rasd_roi_filter/hook/pythonpath.sh'
[3.994s] Level 1:colcon.colcon_core.environment:checking '/home/rasd/ros2_ws/install/rasd_roi_filter/bin'
[3.995s] Level 1:colcon.colcon_core.environment:create_environment_scripts_only(rasd_roi_filter)
[3.996s] INFO:colcon.colcon_core.shell:Creating package script '/home/rasd/ros2_ws/install/rasd_roi_filter/share/rasd_roi_filter/package.ps1'
[4.000s] INFO:colcon.colcon_core.shell:Creating package descriptor '/home/rasd/ros2_ws/install/rasd_roi_filter/share/rasd_roi_filter/package.dsv'
[4.002s] INFO:colcon.colcon_core.shell:Creating package script '/home/rasd/ros2_ws/install/rasd_roi_filter/share/rasd_roi_filter/package.sh'
[4.005s] INFO:colcon.colcon_core.shell:Creating package script '/home/rasd/ros2_ws/install/rasd_roi_filter/share/rasd_roi_filter/package.bash'
[4.009s] INFO:colcon.colcon_core.shell:Creating package script '/home/rasd/ros2_ws/install/rasd_roi_filter/share/rasd_roi_filter/package.zsh'
[4.011s] Level 1:colcon.colcon_core.environment:create_file_with_runtime_dependencies(/home/rasd/ros2_ws/install/rasd_roi_filter/share/colcon-core/packages/rasd_roi_filter)
[4.013s] DEBUG:colcon.colcon_parallel_executor.executor.parallel:closing loop
[4.015s] DEBUG:colcon.colcon_parallel_executor.executor.parallel:loop closed
[4.015s] DEBUG:colcon.colcon_parallel_executor.executor.parallel:run_until_complete finished with '0'
[4.015s] DEBUG:colcon.colcon_core.event_reactor:joining thread
[4.036s] INFO:colcon.colcon_core.plugin_system:Skipping extension 'colcon_notification.desktop_notification.terminal_notifier': Not used on non-Darwin systems
[4.036s] INFO:colcon.colcon_core.plugin_system:Skipping extension 'colcon_notification.desktop_notification.win32': Not used on non-Windows systems
[4.037s] INFO:colcon.colcon_notification.desktop_notification:Sending desktop notification using 'notify2'
[4.088s] DEBUG:colcon.colcon_core.event_reactor:joined thread
[4.089s] INFO:colcon.colcon_core.shell:Creating prefix script '/home/rasd/ros2_ws/install/local_setup.ps1'
[4.094s] INFO:colcon.colcon_core.shell:Creating prefix util module '/home/rasd/ros2_ws/install/_local_setup_util_ps1.py'
[4.099s] INFO:colcon.colcon_core.shell:Creating prefix chain script '/home/rasd/ros2_ws/install/setup.ps1'
[4.103s] INFO:colcon.colcon_core.shell:Creating prefix script '/home/rasd/ros2_ws/install/local_setup.sh'
[4.105s] INFO:colcon.colcon_core.shell:Creating prefix util module '/home/rasd/ros2_ws/install/_local_setup_util_sh.py'
[4.107s] INFO:colcon.colcon_core.shell:Creating prefix chain script '/home/rasd/ros2_ws/install/setup.sh'
[4.113s] INFO:colcon.colcon_core.shell:Creating prefix script '/home/rasd/ros2_ws/install/local_setup.bash'
[4.115s] INFO:colcon.colcon_core.shell:Creating prefix chain script '/home/rasd/ros2_ws/install/setup.bash'
[4.120s] INFO:colcon.colcon_core.shell:Creating prefix script '/home/rasd/ros2_ws/install/local_setup.zsh'
[4.121s] INFO:colcon.colcon_core.shell:Creating prefix chain script '/home/rasd/ros2_ws/install/setup.zsh'
