[1.769s] Invoking command in '/home/rasd/ros2_ws/src/rasd_led_serial': PYTHONPATH=/home/rasd/ros2_ws/build/rasd_led_serial/prefix_override:/usr/lib/python3/dist-packages/colcon_core/task/python/colcon_distutils_commands:/home/rasd/ros2_ws/install/rasd_led_serial/lib/python3.10/site-packages:${PYTHONPATH} /usr/bin/python3 -W ignore:setup.py install is deprecated -W ignore:easy_install command is deprecated setup.py egg_info --egg-base ../../build/rasd_led_serial build --build-base /home/rasd/ros2_ws/build/rasd_led_serial/build install --record /home/rasd/ros2_ws/build/rasd_led_serial/install.log --single-version-externally-managed install_data
[2.411s] running egg_info
[2.412s] writing ../../build/rasd_led_serial/rasd_led_serial.egg-info/PKG-INFO
[2.415s] writing dependency_links to ../../build/rasd_led_serial/rasd_led_serial.egg-info/dependency_links.txt
[2.415s] writing entry points to ../../build/rasd_led_serial/rasd_led_serial.egg-info/entry_points.txt
[2.416s] writing requirements to ../../build/rasd_led_serial/rasd_led_serial.egg-info/requires.txt
[2.416s] writing top-level names to ../../build/rasd_led_serial/rasd_led_serial.egg-info/top_level.txt
[2.424s] reading manifest file '../../build/rasd_led_serial/rasd_led_serial.egg-info/SOURCES.txt'
[2.426s] writing manifest file '../../build/rasd_led_serial/rasd_led_serial.egg-info/SOURCES.txt'
[2.426s] running build
[2.426s] running build_py
[2.427s] running install
[2.428s] running install_lib
[2.436s] running install_data
[2.437s] running install_egg_info
[2.442s] removing '/home/rasd/ros2_ws/install/rasd_led_serial/lib/python3.10/site-packages/rasd_led_serial-0.0.0-py3.10.egg-info' (and everything under it)
[2.442s] Copying ../../build/rasd_led_serial/rasd_led_serial.egg-info to /home/rasd/ros2_ws/install/rasd_led_serial/lib/python3.10/site-packages/rasd_led_serial-0.0.0-py3.10.egg-info
[2.445s] running install_scripts
[2.501s] Installing led_serial_node script to /home/rasd/ros2_ws/install/rasd_led_serial/lib/rasd_led_serial
[2.502s] writing list of installed files to '/home/rasd/ros2_ws/build/rasd_led_serial/install.log'
[2.616s] Invoked command in '/home/rasd/ros2_ws/src/rasd_led_serial' returned '0': PYTHONPATH=/home/rasd/ros2_ws/build/rasd_led_serial/prefix_override:/usr/lib/python3/dist-packages/colcon_core/task/python/colcon_distutils_commands:/home/rasd/ros2_ws/install/rasd_led_serial/lib/python3.10/site-packages:${PYTHONPATH} /usr/bin/python3 -W ignore:setup.py install is deprecated -W ignore:easy_install command is deprecated setup.py egg_info --egg-base ../../build/rasd_led_serial build --build-base /home/rasd/ros2_ws/build/rasd_led_serial/build install --record /home/rasd/ros2_ws/build/rasd_led_serial/install.log --single-version-externally-managed install_data
