[1.593s] Invoking command in '/home/rasd/ros2_ws/src/rasd_gps': PYTHONPATH=/home/rasd/ros2_ws/build/rasd_gps/prefix_override:/usr/lib/python3/dist-packages/colcon_core/task/python/colcon_distutils_commands:/home/rasd/ros2_ws/install/rasd_gps/lib/python3.10/site-packages:${PYTHONPATH} /usr/bin/python3 -W ignore:setup.py install is deprecated -W ignore:easy_install command is deprecated setup.py egg_info --egg-base ../../build/rasd_gps build --build-base /home/rasd/ros2_ws/build/rasd_gps/build install --record /home/rasd/ros2_ws/build/rasd_gps/install.log --single-version-externally-managed install_data
[2.209s] running egg_info
[2.211s] writing ../../build/rasd_gps/rasd_gps.egg-info/PKG-INFO
[2.211s] writing dependency_links to ../../build/rasd_gps/rasd_gps.egg-info/dependency_links.txt
[2.212s] writing entry points to ../../build/rasd_gps/rasd_gps.egg-info/entry_points.txt
[2.212s] writing requirements to ../../build/rasd_gps/rasd_gps.egg-info/requires.txt
[2.212s] writing top-level names to ../../build/rasd_gps/rasd_gps.egg-info/top_level.txt
[2.217s] reading manifest file '../../build/rasd_gps/rasd_gps.egg-info/SOURCES.txt'
[2.219s] writing manifest file '../../build/rasd_gps/rasd_gps.egg-info/SOURCES.txt'
[2.219s] running build
[2.219s] running build_py
[2.220s] running install
[2.221s] running install_lib
[2.227s] running install_data
[2.227s] running install_egg_info
[2.231s] removing '/home/rasd/ros2_ws/install/rasd_gps/lib/python3.10/site-packages/rasd_gps-0.0.0-py3.10.egg-info' (and everything under it)
[2.232s] Copying ../../build/rasd_gps/rasd_gps.egg-info to /home/rasd/ros2_ws/install/rasd_gps/lib/python3.10/site-packages/rasd_gps-0.0.0-py3.10.egg-info
[2.235s] running install_scripts
[2.284s] Installing rasd_gps_node script to /home/rasd/ros2_ws/install/rasd_gps/lib/rasd_gps
[2.285s] writing list of installed files to '/home/rasd/ros2_ws/build/rasd_gps/install.log'
[2.365s] Invoked command in '/home/rasd/ros2_ws/src/rasd_gps' returned '0': PYTHONPATH=/home/rasd/ros2_ws/build/rasd_gps/prefix_override:/usr/lib/python3/dist-packages/colcon_core/task/python/colcon_distutils_commands:/home/rasd/ros2_ws/install/rasd_gps/lib/python3.10/site-packages:${PYTHONPATH} /usr/bin/python3 -W ignore:setup.py install is deprecated -W ignore:easy_install command is deprecated setup.py egg_info --egg-base ../../build/rasd_gps build --build-base /home/rasd/ros2_ws/build/rasd_gps/build install --record /home/rasd/ros2_ws/build/rasd_gps/install.log --single-version-externally-managed install_data
