[1.848s] Invoking command in '/home/rasd/ros2_ws/src/rasd_fusion': PYTHONPATH=/home/rasd/ros2_ws/build/rasd_fusion/prefix_override:/usr/lib/python3/dist-packages/colcon_core/task/python/colcon_distutils_commands:/home/rasd/ros2_ws/install/rasd_fusion/lib/python3.10/site-packages:${PYTHONPATH} /usr/bin/python3 -W ignore:setup.py install is deprecated -W ignore:easy_install command is deprecated setup.py egg_info --egg-base ../../build/rasd_fusion build --build-base /home/rasd/ros2_ws/build/rasd_fusion/build install --record /home/rasd/ros2_ws/build/rasd_fusion/install.log --single-version-externally-managed install_data
[2.509s] running egg_info
[2.511s] writing ../../build/rasd_fusion/rasd_fusion.egg-info/PKG-INFO
[2.512s] writing dependency_links to ../../build/rasd_fusion/rasd_fusion.egg-info/dependency_links.txt
[2.512s] writing entry points to ../../build/rasd_fusion/rasd_fusion.egg-info/entry_points.txt
[2.513s] writing requirements to ../../build/rasd_fusion/rasd_fusion.egg-info/requires.txt
[2.513s] writing top-level names to ../../build/rasd_fusion/rasd_fusion.egg-info/top_level.txt
[2.518s] reading manifest file '../../build/rasd_fusion/rasd_fusion.egg-info/SOURCES.txt'
[2.520s] writing manifest file '../../build/rasd_fusion/rasd_fusion.egg-info/SOURCES.txt'
[2.520s] running build
[2.521s] running build_py
[2.521s] copying rasd_fusion/fusion_node.py -> /home/rasd/ros2_ws/build/rasd_fusion/build/lib/rasd_fusion
[2.522s] running install
[2.523s] running install_lib
[2.525s] copying /home/rasd/ros2_ws/build/rasd_fusion/build/lib/rasd_fusion/fusion_node.py -> /home/rasd/ros2_ws/install/rasd_fusion/lib/python3.10/site-packages/rasd_fusion
[2.531s] byte-compiling /home/rasd/ros2_ws/install/rasd_fusion/lib/python3.10/site-packages/rasd_fusion/fusion_node.py to fusion_node.cpython-310.pyc
[2.534s] running install_data
[2.535s] running install_egg_info
[2.541s] removing '/home/rasd/ros2_ws/install/rasd_fusion/lib/python3.10/site-packages/rasd_fusion-0.0.0-py3.10.egg-info' (and everything under it)
[2.542s] Copying ../../build/rasd_fusion/rasd_fusion.egg-info to /home/rasd/ros2_ws/install/rasd_fusion/lib/python3.10/site-packages/rasd_fusion-0.0.0-py3.10.egg-info
[2.544s] running install_scripts
[2.604s] Installing fusion_node script to /home/rasd/ros2_ws/install/rasd_fusion/lib/rasd_fusion
[2.605s] writing list of installed files to '/home/rasd/ros2_ws/build/rasd_fusion/install.log'
[2.728s] Invoked command in '/home/rasd/ros2_ws/src/rasd_fusion' returned '0': PYTHONPATH=/home/rasd/ros2_ws/build/rasd_fusion/prefix_override:/usr/lib/python3/dist-packages/colcon_core/task/python/colcon_distutils_commands:/home/rasd/ros2_ws/install/rasd_fusion/lib/python3.10/site-packages:${PYTHONPATH} /usr/bin/python3 -W ignore:setup.py install is deprecated -W ignore:easy_install command is deprecated setup.py egg_info --egg-base ../../build/rasd_fusion build --build-base /home/rasd/ros2_ws/build/rasd_fusion/build install --record /home/rasd/ros2_ws/build/rasd_fusion/install.log --single-version-externally-managed install_data
