-- Found ament_cmake: 1.3.12 (/opt/ros/humble/share/ament_cmake/cmake)
-- Override CMake install command with custom implementation using symlinks instead of copying resources
-- Found rclcpp: 16.0.15 (/opt/ros/humble/share/rclcpp/cmake)
-- Found rosidl_generator_c: 3.1.7 (/opt/ros/humble/share/rosidl_generator_c/cmake)
-- Found rosidl_adapter: 3.1.7 (/opt/ros/humble/share/rosidl_adapter/cmake)
-- Found rosidl_generator_cpp: 3.1.7 (/opt/ros/humble/share/rosidl_generator_cpp/cmake)
-- Using all available rosidl_typesupport_c: rosidl_typesupport_fastrtps_c;rosidl_typesupport_introspection_c
-- Using all available rosidl_typesupport_cpp: rosidl_typesupport_fastrtps_cpp;rosidl_typesupport_introspection_cpp
-- Found rmw_implementation_cmake: 6.1.2 (/opt/ros/humble/share/rmw_implementation_cmake/cmake)
-- Found rmw_fastrtps_cpp: 6.2.9 (/opt/ros/humble/share/rmw_fastrtps_cpp/cmake)
-- Using RMW implementation 'rmw_fastrtps_cpp' as default
-- Found sensor_msgs: 4.9.0 (/opt/ros/humble/share/sensor_msgs/cmake)
-- Found visualization_msgs: 4.9.0 (/opt/ros/humble/share/visualization_msgs/cmake)
-- Eigen found (include: /usr/include/eigen3, version: 3.4.0)
-- OpenNI found (version: 1.5.4.0, include: /usr/include/ni, lib: /usr/lib/libOpenNI.so;libusb::libusb)
-- OpenNI2 found (version: 2.2.0.33, include: /usr/include/openni2, lib: /usr/lib/aarch64-linux-gnu/libOpenNI2.so;libusb::libusb)
-- Eigen found (include: /usr/include/eigen3, version: 3.4.0)
-- FLANN found (include: /usr/include, lib: /usr/lib/aarch64-linux-gnu/libflann_cpp.so)
-- looking for PCL_COMMON
-- looking for PCL_OCTREE
-- looking for PCL_IO
-- looking for PCL_KDTREE
-- looking for PCL_SEARCH
-- looking for PCL_SAMPLE_CONSENSUS
-- looking for PCL_FILTERS
-- looking for PCL_GEOMETRY
-- looking for PCL_2D
-- looking for PCL_FEATURES
-- looking for PCL_ML
-- looking for PCL_SEGMENTATION
-- Found pcl_conversions: 2.4.5 (/opt/ros/humble/share/pcl_conversions/cmake)
-- Configuring done
-- Generating done
-- Build files have been written to: /home/rasd/ros2_ws/build/rasd_ransac_speedbump
[35m[1mConsolidate compiler generated dependencies of target ransac_speedbump_node[0m
[ 50%] [32mBuilding CXX object CMakeFiles/ransac_speedbump_node.dir/src/ransac_speedbump_node.cpp.o[0m
[100%] [32m[1mLinking CXX executable ransac_speedbump_node[0m
[100%] Built target ransac_speedbump_node
-- Install configuration: ""
-- Execute custom install script
-- Up-to-date symlink: /home/rasd/ros2_ws/install/rasd_ransac_speedbump/lib/rasd_ransac_speedbump/ransac_speedbump_node
-- Up-to-date symlink: /home/rasd/ros2_ws/install/rasd_ransac_speedbump/share/ament_index/resource_index/package_run_dependencies/rasd_ransac_speedbump
-- Up-to-date symlink: /home/rasd/ros2_ws/install/rasd_ransac_speedbump/share/ament_index/resource_index/parent_prefix_path/rasd_ransac_speedbump
-- Up-to-date symlink: /home/rasd/ros2_ws/install/rasd_ransac_speedbump/share/rasd_ransac_speedbump/environment/ament_prefix_path.sh
-- Up-to-date symlink: /home/rasd/ros2_ws/install/rasd_ransac_speedbump/share/rasd_ransac_speedbump/environment/ament_prefix_path.dsv
-- Up-to-date symlink: /home/rasd/ros2_ws/install/rasd_ransac_speedbump/share/rasd_ransac_speedbump/environment/path.sh
-- Up-to-date symlink: /home/rasd/ros2_ws/install/rasd_ransac_speedbump/share/rasd_ransac_speedbump/environment/path.dsv
-- Up-to-date symlink: /home/rasd/ros2_ws/install/rasd_ransac_speedbump/share/rasd_ransac_speedbump/local_setup.bash
-- Up-to-date symlink: /home/rasd/ros2_ws/install/rasd_ransac_speedbump/share/rasd_ransac_speedbump/local_setup.sh
-- Up-to-date symlink: /home/rasd/ros2_ws/install/rasd_ransac_speedbump/share/rasd_ransac_speedbump/local_setup.zsh
-- Up-to-date symlink: /home/rasd/ros2_ws/install/rasd_ransac_speedbump/share/rasd_ransac_speedbump/local_setup.dsv
-- Symlinking: /home/rasd/ros2_ws/install/rasd_ransac_speedbump/share/rasd_ransac_speedbump/package.dsv
-- Up-to-date symlink: /home/rasd/ros2_ws/install/rasd_ransac_speedbump/share/ament_index/resource_index/packages/rasd_ransac_speedbump
-- Up-to-date symlink: /home/rasd/ros2_ws/install/rasd_ransac_speedbump/share/rasd_ransac_speedbump/cmake/ament_cmake_export_include_directories-extras.cmake
-- Up-to-date symlink: /home/rasd/ros2_ws/install/rasd_ransac_speedbump/share/rasd_ransac_speedbump/cmake/rasd_ransac_speedbumpConfig.cmake
-- Up-to-date symlink: /home/rasd/ros2_ws/install/rasd_ransac_speedbump/share/rasd_ransac_speedbump/cmake/rasd_ransac_speedbumpConfig-version.cmake
-- Up-to-date symlink: /home/rasd/ros2_ws/install/rasd_ransac_speedbump/share/rasd_ransac_speedbump/package.xml
