[0.288s] DEBUG:colcon:Command line arguments: ['/usr/bin/colcon', 'build', '--packages-select', 'rasd_led_serial']
[0.288s] DEBUG:colcon:Parsed command line arguments: Namespace(log_base=None, log_level=None, verb_name='build', build_base='build', install_base='install', merge_install=False, symlink_install=False, test_result_base=None, continue_on_error=False, executor='parallel', parallel_workers=6, event_handlers=None, ignore_user_meta=False, metas=['./colcon.meta'], base_paths=['.'], packages_ignore=None, packages_ignore_regex=None, paths=None, packages_up_to=None, packages_up_to_regex=None, packages_above=None, packages_above_and_dependencies=None, packages_above_depth=None, packages_select_by_dep=None, packages_skip_by_dep=None, packages_skip_up_to=None, packages_select_build_failed=False, packages_skip_build_finished=False, packages_select_test_failures=False, packages_skip_test_passed=False, packages_select=['rasd_led_serial'], packages_skip=None, packages_select_regex=None, packages_skip_regex=None, packages_start=None, packages_end=None, allow_overriding=[], cmake_args=None, cmake_target=None, cmake_target_skip_unavailable=False, cmake_clean_cache=False, cmake_clean_first=False, cmake_force_configure=False, ament_cmake_args=None, catkin_cmake_args=None, catkin_skip_building_tests=False, verb_parser=<colcon_defaults.argument_parser.defaults.DefaultArgumentsDecorator object at 0xffffa01feb90>, verb_extension=<colcon_core.verb.build.BuildVerb object at 0xffffa01fe5f0>, main=<bound method BuildVerb.main of <colcon_core.verb.build.BuildVerb object at 0xffffa01fe5f0>>)
[0.726s] Level 1:colcon.colcon_core.package_discovery:discover_packages(colcon_meta) check parameters
[0.727s] Level 1:colcon.colcon_core.package_discovery:discover_packages(recursive) check parameters
[0.727s] Level 1:colcon.colcon_core.package_discovery:discover_packages(ignore) check parameters
[0.727s] Level 1:colcon.colcon_core.package_discovery:discover_packages(path) check parameters
[0.727s] Level 1:colcon.colcon_core.package_discovery:discover_packages(colcon_meta) discover
[0.727s] Level 1:colcon.colcon_core.package_discovery:discover_packages(recursive) discover
[0.728s] INFO:colcon.colcon_core.package_discovery:Crawling recursively for packages in '/home/rasd/ros2_ws'
[0.728s] Level 1:colcon.colcon_core.package_identification:_identify(.) by extensions ['ignore', 'ignore_ament_install']
[0.728s] Level 1:colcon.colcon_core.package_identification:_identify(.) by extension 'ignore'
[0.728s] Level 1:colcon.colcon_core.package_identification:_identify(.) by extension 'ignore_ament_install'
[0.729s] Level 1:colcon.colcon_core.package_identification:_identify(.) by extensions ['colcon_pkg']
[0.729s] Level 1:colcon.colcon_core.package_identification:_identify(.) by extension 'colcon_pkg'
[0.729s] Level 1:colcon.colcon_core.package_identification:_identify(.) by extensions ['colcon_meta']
[0.729s] Level 1:colcon.colcon_core.package_identification:_identify(.) by extension 'colcon_meta'
[0.729s] Level 1:colcon.colcon_core.package_identification:_identify(.) by extensions ['ros']
[0.729s] Level 1:colcon.colcon_core.package_identification:_identify(.) by extension 'ros'
[0.758s] Level 1:colcon.colcon_core.package_identification:_identify(.) by extensions ['cmake', 'python']
[0.759s] Level 1:colcon.colcon_core.package_identification:_identify(.) by extension 'cmake'
[0.759s] Level 1:colcon.colcon_core.package_identification:_identify(.) by extension 'python'
[0.759s] Level 1:colcon.colcon_core.package_identification:_identify(.) by extensions ['python_setup_py']
[0.759s] Level 1:colcon.colcon_core.package_identification:_identify(.) by extension 'python_setup_py'
[0.760s] Level 1:colcon.colcon_core.package_identification:_identify(build) by extensions ['ignore', 'ignore_ament_install']
[0.760s] Level 1:colcon.colcon_core.package_identification:_identify(build) by extension 'ignore'
[0.760s] Level 1:colcon.colcon_core.package_identification:_identify(build) ignored
[0.761s] Level 1:colcon.colcon_core.package_identification:_identify(install) by extensions ['ignore', 'ignore_ament_install']
[0.761s] Level 1:colcon.colcon_core.package_identification:_identify(install) by extension 'ignore'
[0.761s] Level 1:colcon.colcon_core.package_identification:_identify(install) ignored
[0.761s] Level 1:colcon.colcon_core.package_identification:_identify(log) by extensions ['ignore', 'ignore_ament_install']
[0.761s] Level 1:colcon.colcon_core.package_identification:_identify(log) by extension 'ignore'
[0.761s] Level 1:colcon.colcon_core.package_identification:_identify(log) ignored
[0.762s] Level 1:colcon.colcon_core.package_identification:_identify(src) by extensions ['ignore', 'ignore_ament_install']
[0.762s] Level 1:colcon.colcon_core.package_identification:_identify(src) by extension 'ignore'
[0.762s] Level 1:colcon.colcon_core.package_identification:_identify(src) by extension 'ignore_ament_install'
[0.762s] Level 1:colcon.colcon_core.package_identification:_identify(src) by extensions ['colcon_pkg']
[0.762s] Level 1:colcon.colcon_core.package_identification:_identify(src) by extension 'colcon_pkg'
[0.762s] Level 1:colcon.colcon_core.package_identification:_identify(src) by extensions ['colcon_meta']
[0.762s] Level 1:colcon.colcon_core.package_identification:_identify(src) by extension 'colcon_meta'
[0.763s] Level 1:colcon.colcon_core.package_identification:_identify(src) by extensions ['ros']
[0.763s] Level 1:colcon.colcon_core.package_identification:_identify(src) by extension 'ros'
[0.763s] Level 1:colcon.colcon_core.package_identification:_identify(src) by extensions ['cmake', 'python']
[0.763s] Level 1:colcon.colcon_core.package_identification:_identify(src) by extension 'cmake'
[0.763s] Level 1:colcon.colcon_core.package_identification:_identify(src) by extension 'python'
[0.763s] Level 1:colcon.colcon_core.package_identification:_identify(src) by extensions ['python_setup_py']
[0.763s] Level 1:colcon.colcon_core.package_identification:_identify(src) by extension 'python_setup_py'
[0.763s] Level 1:colcon.colcon_core.package_identification:_identify(src/Livox-SDK) by extensions ['ignore', 'ignore_ament_install']
[0.764s] Level 1:colcon.colcon_core.package_identification:_identify(src/Livox-SDK) by extension 'ignore'
[0.764s] Level 1:colcon.colcon_core.package_identification:_identify(src/Livox-SDK) by extension 'ignore_ament_install'
[0.764s] Level 1:colcon.colcon_core.package_identification:_identify(src/Livox-SDK) by extensions ['colcon_pkg']
[0.764s] Level 1:colcon.colcon_core.package_identification:_identify(src/Livox-SDK) by extension 'colcon_pkg'
[0.764s] Level 1:colcon.colcon_core.package_identification:_identify(src/Livox-SDK) by extensions ['colcon_meta']
[0.764s] Level 1:colcon.colcon_core.package_identification:_identify(src/Livox-SDK) by extension 'colcon_meta'
[0.764s] Level 1:colcon.colcon_core.package_identification:_identify(src/Livox-SDK) by extensions ['ros']
[0.764s] Level 1:colcon.colcon_core.package_identification:_identify(src/Livox-SDK) by extension 'ros'
[0.765s] Level 1:colcon.colcon_core.package_identification:_identify(src/Livox-SDK) by extensions ['cmake', 'python']
[0.765s] Level 1:colcon.colcon_core.package_identification:_identify(src/Livox-SDK) by extension 'cmake'
[0.788s] Level 1:colcon.colcon_core.package_identification:_identify(src/Livox-SDK) by extension 'python'
[0.788s] DEBUG:colcon.colcon_core.package_identification:Package 'src/Livox-SDK' with type 'cmake' and name 'livox_sdk'
[0.789s] Level 1:colcon.colcon_core.package_identification:_identify(src/grid_map) by extensions ['ignore', 'ignore_ament_install']
[0.789s] Level 1:colcon.colcon_core.package_identification:_identify(src/grid_map) by extension 'ignore'
[0.789s] Level 1:colcon.colcon_core.package_identification:_identify(src/grid_map) by extension 'ignore_ament_install'
[0.789s] Level 1:colcon.colcon_core.package_identification:_identify(src/grid_map) by extensions ['colcon_pkg']
[0.789s] Level 1:colcon.colcon_core.package_identification:_identify(src/grid_map) by extension 'colcon_pkg'
[0.790s] Level 1:colcon.colcon_core.package_identification:_identify(src/grid_map) by extensions ['colcon_meta']
[0.790s] Level 1:colcon.colcon_core.package_identification:_identify(src/grid_map) by extension 'colcon_meta'
[0.790s] Level 1:colcon.colcon_core.package_identification:_identify(src/grid_map) by extensions ['ros']
[0.790s] Level 1:colcon.colcon_core.package_identification:_identify(src/grid_map) by extension 'ros'
[0.790s] Level 1:colcon.colcon_core.package_identification:_identify(src/grid_map) by extensions ['cmake', 'python']
[0.790s] Level 1:colcon.colcon_core.package_identification:_identify(src/grid_map) by extension 'cmake'
[0.790s] Level 1:colcon.colcon_core.package_identification:_identify(src/grid_map) by extension 'python'
[0.790s] Level 1:colcon.colcon_core.package_identification:_identify(src/grid_map) by extensions ['python_setup_py']
[0.791s] Level 1:colcon.colcon_core.package_identification:_identify(src/grid_map) by extension 'python_setup_py'
[0.791s] Level 1:colcon.colcon_core.package_identification:_identify(src/grid_map/grid_map) by extensions ['ignore', 'ignore_ament_install']
[0.791s] Level 1:colcon.colcon_core.package_identification:_identify(src/grid_map/grid_map) by extension 'ignore'
[0.791s] Level 1:colcon.colcon_core.package_identification:_identify(src/grid_map/grid_map) by extension 'ignore_ament_install'
[0.791s] Level 1:colcon.colcon_core.package_identification:_identify(src/grid_map/grid_map) by extensions ['colcon_pkg']
[0.791s] Level 1:colcon.colcon_core.package_identification:_identify(src/grid_map/grid_map) by extension 'colcon_pkg'
[0.791s] Level 1:colcon.colcon_core.package_identification:_identify(src/grid_map/grid_map) by extensions ['colcon_meta']
[0.792s] Level 1:colcon.colcon_core.package_identification:_identify(src/grid_map/grid_map) by extension 'colcon_meta'
[0.792s] Level 1:colcon.colcon_core.package_identification:_identify(src/grid_map/grid_map) by extensions ['ros']
[0.792s] Level 1:colcon.colcon_core.package_identification:_identify(src/grid_map/grid_map) by extension 'ros'
[0.799s] DEBUG:colcon.colcon_core.package_identification:Package 'src/grid_map/grid_map' with type 'ros.ament_cmake' and name 'grid_map'
[0.799s] Level 1:colcon.colcon_core.package_identification:_identify(src/grid_map/grid_map_cmake_helpers) by extensions ['ignore', 'ignore_ament_install']
[0.799s] Level 1:colcon.colcon_core.package_identification:_identify(src/grid_map/grid_map_cmake_helpers) by extension 'ignore'
[0.800s] Level 1:colcon.colcon_core.package_identification:_identify(src/grid_map/grid_map_cmake_helpers) by extension 'ignore_ament_install'
[0.800s] Level 1:colcon.colcon_core.package_identification:_identify(src/grid_map/grid_map_cmake_helpers) by extensions ['colcon_pkg']
[0.800s] Level 1:colcon.colcon_core.package_identification:_identify(src/grid_map/grid_map_cmake_helpers) by extension 'colcon_pkg'
[0.800s] Level 1:colcon.colcon_core.package_identification:_identify(src/grid_map/grid_map_cmake_helpers) by extensions ['colcon_meta']
[0.800s] Level 1:colcon.colcon_core.package_identification:_identify(src/grid_map/grid_map_cmake_helpers) by extension 'colcon_meta'
[0.800s] Level 1:colcon.colcon_core.package_identification:_identify(src/grid_map/grid_map_cmake_helpers) by extensions ['ros']
[0.800s] Level 1:colcon.colcon_core.package_identification:_identify(src/grid_map/grid_map_cmake_helpers) by extension 'ros'
[0.802s] DEBUG:colcon.colcon_core.package_identification:Package 'src/grid_map/grid_map_cmake_helpers' with type 'ros.ament_cmake' and name 'grid_map_cmake_helpers'
[0.802s] Level 1:colcon.colcon_core.package_identification:_identify(src/grid_map/grid_map_core) by extensions ['ignore', 'ignore_ament_install']
[0.802s] Level 1:colcon.colcon_core.package_identification:_identify(src/grid_map/grid_map_core) by extension 'ignore'
[0.802s] Level 1:colcon.colcon_core.package_identification:_identify(src/grid_map/grid_map_core) by extension 'ignore_ament_install'
[0.803s] Level 1:colcon.colcon_core.package_identification:_identify(src/grid_map/grid_map_core) by extensions ['colcon_pkg']
[0.803s] Level 1:colcon.colcon_core.package_identification:_identify(src/grid_map/grid_map_core) by extension 'colcon_pkg'
[0.803s] Level 1:colcon.colcon_core.package_identification:_identify(src/grid_map/grid_map_core) by extensions ['colcon_meta']
[0.803s] Level 1:colcon.colcon_core.package_identification:_identify(src/grid_map/grid_map_core) by extension 'colcon_meta'
[0.803s] Level 1:colcon.colcon_core.package_identification:_identify(src/grid_map/grid_map_core) by extensions ['ros']
[0.803s] Level 1:colcon.colcon_core.package_identification:_identify(src/grid_map/grid_map_core) by extension 'ros'
[0.805s] DEBUG:colcon.colcon_core.package_identification:Package 'src/grid_map/grid_map_core' with type 'ros.ament_cmake' and name 'grid_map_core'
[0.805s] Level 1:colcon.colcon_core.package_identification:_identify(src/grid_map/grid_map_costmap_2d) by extensions ['ignore', 'ignore_ament_install']
[0.805s] Level 1:colcon.colcon_core.package_identification:_identify(src/grid_map/grid_map_costmap_2d) by extension 'ignore'
[0.805s] Level 1:colcon.colcon_core.package_identification:_identify(src/grid_map/grid_map_costmap_2d) by extension 'ignore_ament_install'
[0.805s] Level 1:colcon.colcon_core.package_identification:_identify(src/grid_map/grid_map_costmap_2d) by extensions ['colcon_pkg']
[0.805s] Level 1:colcon.colcon_core.package_identification:_identify(src/grid_map/grid_map_costmap_2d) by extension 'colcon_pkg'
[0.806s] Level 1:colcon.colcon_core.package_identification:_identify(src/grid_map/grid_map_costmap_2d) by extensions ['colcon_meta']
[0.806s] Level 1:colcon.colcon_core.package_identification:_identify(src/grid_map/grid_map_costmap_2d) by extension 'colcon_meta'
[0.806s] Level 1:colcon.colcon_core.package_identification:_identify(src/grid_map/grid_map_costmap_2d) by extensions ['ros']
[0.806s] Level 1:colcon.colcon_core.package_identification:_identify(src/grid_map/grid_map_costmap_2d) by extension 'ros'
[0.808s] DEBUG:colcon.colcon_core.package_identification:Package 'src/grid_map/grid_map_costmap_2d' with type 'ros.ament_cmake' and name 'grid_map_costmap_2d'
[0.808s] Level 1:colcon.colcon_core.package_identification:_identify(src/grid_map/grid_map_cv) by extensions ['ignore', 'ignore_ament_install']
[0.808s] Level 1:colcon.colcon_core.package_identification:_identify(src/grid_map/grid_map_cv) by extension 'ignore'
[0.808s] Level 1:colcon.colcon_core.package_identification:_identify(src/grid_map/grid_map_cv) by extension 'ignore_ament_install'
[0.809s] Level 1:colcon.colcon_core.package_identification:_identify(src/grid_map/grid_map_cv) by extensions ['colcon_pkg']
[0.809s] Level 1:colcon.colcon_core.package_identification:_identify(src/grid_map/grid_map_cv) by extension 'colcon_pkg'
[0.809s] Level 1:colcon.colcon_core.package_identification:_identify(src/grid_map/grid_map_cv) by extensions ['colcon_meta']
[0.809s] Level 1:colcon.colcon_core.package_identification:_identify(src/grid_map/grid_map_cv) by extension 'colcon_meta'
[0.809s] Level 1:colcon.colcon_core.package_identification:_identify(src/grid_map/grid_map_cv) by extensions ['ros']
[0.809s] Level 1:colcon.colcon_core.package_identification:_identify(src/grid_map/grid_map_cv) by extension 'ros'
[0.811s] DEBUG:colcon.colcon_core.package_identification:Package 'src/grid_map/grid_map_cv' with type 'ros.ament_cmake' and name 'grid_map_cv'
[0.811s] Level 1:colcon.colcon_core.package_identification:_identify(src/grid_map/grid_map_demos) by extensions ['ignore', 'ignore_ament_install']
[0.812s] Level 1:colcon.colcon_core.package_identification:_identify(src/grid_map/grid_map_demos) by extension 'ignore'
[0.812s] Level 1:colcon.colcon_core.package_identification:_identify(src/grid_map/grid_map_demos) by extension 'ignore_ament_install'
[0.812s] Level 1:colcon.colcon_core.package_identification:_identify(src/grid_map/grid_map_demos) by extensions ['colcon_pkg']
[0.812s] Level 1:colcon.colcon_core.package_identification:_identify(src/grid_map/grid_map_demos) by extension 'colcon_pkg'
[0.812s] Level 1:colcon.colcon_core.package_identification:_identify(src/grid_map/grid_map_demos) by extensions ['colcon_meta']
[0.812s] Level 1:colcon.colcon_core.package_identification:_identify(src/grid_map/grid_map_demos) by extension 'colcon_meta'
[0.813s] Level 1:colcon.colcon_core.package_identification:_identify(src/grid_map/grid_map_demos) by extensions ['ros']
[0.813s] Level 1:colcon.colcon_core.package_identification:_identify(src/grid_map/grid_map_demos) by extension 'ros'
[0.816s] DEBUG:colcon.colcon_core.package_identification:Package 'src/grid_map/grid_map_demos' with type 'ros.ament_cmake' and name 'grid_map_demos'
[0.816s] Level 1:colcon.colcon_core.package_identification:_identify(src/grid_map/grid_map_filters) by extensions ['ignore', 'ignore_ament_install']
[0.817s] Level 1:colcon.colcon_core.package_identification:_identify(src/grid_map/grid_map_filters) by extension 'ignore'
[0.817s] Level 1:colcon.colcon_core.package_identification:_identify(src/grid_map/grid_map_filters) by extension 'ignore_ament_install'
[0.817s] Level 1:colcon.colcon_core.package_identification:_identify(src/grid_map/grid_map_filters) by extensions ['colcon_pkg']
[0.817s] Level 1:colcon.colcon_core.package_identification:_identify(src/grid_map/grid_map_filters) by extension 'colcon_pkg'
[0.817s] Level 1:colcon.colcon_core.package_identification:_identify(src/grid_map/grid_map_filters) by extensions ['colcon_meta']
[0.817s] Level 1:colcon.colcon_core.package_identification:_identify(src/grid_map/grid_map_filters) by extension 'colcon_meta'
[0.817s] Level 1:colcon.colcon_core.package_identification:_identify(src/grid_map/grid_map_filters) by extensions ['ros']
[0.817s] Level 1:colcon.colcon_core.package_identification:_identify(src/grid_map/grid_map_filters) by extension 'ros'
[0.819s] DEBUG:colcon.colcon_core.package_identification:Package 'src/grid_map/grid_map_filters' with type 'ros.ament_cmake' and name 'grid_map_filters'
[0.820s] Level 1:colcon.colcon_core.package_identification:_identify(src/grid_map/grid_map_loader) by extensions ['ignore', 'ignore_ament_install']
[0.820s] Level 1:colcon.colcon_core.package_identification:_identify(src/grid_map/grid_map_loader) by extension 'ignore'
[0.820s] Level 1:colcon.colcon_core.package_identification:_identify(src/grid_map/grid_map_loader) by extension 'ignore_ament_install'
[0.820s] Level 1:colcon.colcon_core.package_identification:_identify(src/grid_map/grid_map_loader) by extensions ['colcon_pkg']
[0.820s] Level 1:colcon.colcon_core.package_identification:_identify(src/grid_map/grid_map_loader) by extension 'colcon_pkg'
[0.821s] Level 1:colcon.colcon_core.package_identification:_identify(src/grid_map/grid_map_loader) by extensions ['colcon_meta']
[0.821s] Level 1:colcon.colcon_core.package_identification:_identify(src/grid_map/grid_map_loader) by extension 'colcon_meta'
[0.821s] Level 1:colcon.colcon_core.package_identification:_identify(src/grid_map/grid_map_loader) by extensions ['ros']
[0.821s] Level 1:colcon.colcon_core.package_identification:_identify(src/grid_map/grid_map_loader) by extension 'ros'
[0.822s] DEBUG:colcon.colcon_core.package_identification:Package 'src/grid_map/grid_map_loader' with type 'ros.ament_cmake' and name 'grid_map_loader'
[0.823s] Level 1:colcon.colcon_core.package_identification:_identify(src/grid_map/grid_map_msgs) by extensions ['ignore', 'ignore_ament_install']
[0.823s] Level 1:colcon.colcon_core.package_identification:_identify(src/grid_map/grid_map_msgs) by extension 'ignore'
[0.823s] Level 1:colcon.colcon_core.package_identification:_identify(src/grid_map/grid_map_msgs) by extension 'ignore_ament_install'
[0.823s] Level 1:colcon.colcon_core.package_identification:_identify(src/grid_map/grid_map_msgs) by extensions ['colcon_pkg']
[0.823s] Level 1:colcon.colcon_core.package_identification:_identify(src/grid_map/grid_map_msgs) by extension 'colcon_pkg'
[0.823s] Level 1:colcon.colcon_core.package_identification:_identify(src/grid_map/grid_map_msgs) by extensions ['colcon_meta']
[0.823s] Level 1:colcon.colcon_core.package_identification:_identify(src/grid_map/grid_map_msgs) by extension 'colcon_meta'
[0.823s] Level 1:colcon.colcon_core.package_identification:_identify(src/grid_map/grid_map_msgs) by extensions ['ros']
[0.824s] Level 1:colcon.colcon_core.package_identification:_identify(src/grid_map/grid_map_msgs) by extension 'ros'
[0.825s] DEBUG:colcon.colcon_core.package_identification:Package 'src/grid_map/grid_map_msgs' with type 'ros.ament_cmake' and name 'grid_map_msgs'
[0.826s] Level 1:colcon.colcon_core.package_identification:_identify(src/grid_map/grid_map_octomap) by extensions ['ignore', 'ignore_ament_install']
[0.826s] Level 1:colcon.colcon_core.package_identification:_identify(src/grid_map/grid_map_octomap) by extension 'ignore'
[0.826s] Level 1:colcon.colcon_core.package_identification:_identify(src/grid_map/grid_map_octomap) by extension 'ignore_ament_install'
[0.826s] Level 1:colcon.colcon_core.package_identification:_identify(src/grid_map/grid_map_octomap) by extensions ['colcon_pkg']
[0.826s] Level 1:colcon.colcon_core.package_identification:_identify(src/grid_map/grid_map_octomap) by extension 'colcon_pkg'
[0.826s] Level 1:colcon.colcon_core.package_identification:_identify(src/grid_map/grid_map_octomap) by extensions ['colcon_meta']
[0.827s] Level 1:colcon.colcon_core.package_identification:_identify(src/grid_map/grid_map_octomap) by extension 'colcon_meta'
[0.827s] Level 1:colcon.colcon_core.package_identification:_identify(src/grid_map/grid_map_octomap) by extensions ['ros']
[0.827s] Level 1:colcon.colcon_core.package_identification:_identify(src/grid_map/grid_map_octomap) by extension 'ros'
[0.828s] DEBUG:colcon.colcon_core.package_identification:Package 'src/grid_map/grid_map_octomap' with type 'ros.ament_cmake' and name 'grid_map_octomap'
[0.829s] Level 1:colcon.colcon_core.package_identification:_identify(src/grid_map/grid_map_pcl) by extensions ['ignore', 'ignore_ament_install']
[0.829s] Level 1:colcon.colcon_core.package_identification:_identify(src/grid_map/grid_map_pcl) by extension 'ignore'
[0.829s] Level 1:colcon.colcon_core.package_identification:_identify(src/grid_map/grid_map_pcl) by extension 'ignore_ament_install'
[0.829s] Level 1:colcon.colcon_core.package_identification:_identify(src/grid_map/grid_map_pcl) by extensions ['colcon_pkg']
[0.829s] Level 1:colcon.colcon_core.package_identification:_identify(src/grid_map/grid_map_pcl) by extension 'colcon_pkg'
[0.829s] Level 1:colcon.colcon_core.package_identification:_identify(src/grid_map/grid_map_pcl) by extensions ['colcon_meta']
[0.829s] Level 1:colcon.colcon_core.package_identification:_identify(src/grid_map/grid_map_pcl) by extension 'colcon_meta'
[0.829s] Level 1:colcon.colcon_core.package_identification:_identify(src/grid_map/grid_map_pcl) by extensions ['ros']
[0.830s] Level 1:colcon.colcon_core.package_identification:_identify(src/grid_map/grid_map_pcl) by extension 'ros'
[0.832s] DEBUG:colcon.colcon_core.package_identification:Package 'src/grid_map/grid_map_pcl' with type 'ros.ament_cmake' and name 'grid_map_pcl'
[0.832s] Level 1:colcon.colcon_core.package_identification:_identify(src/grid_map/grid_map_ros) by extensions ['ignore', 'ignore_ament_install']
[0.832s] Level 1:colcon.colcon_core.package_identification:_identify(src/grid_map/grid_map_ros) by extension 'ignore'
[0.832s] Level 1:colcon.colcon_core.package_identification:_identify(src/grid_map/grid_map_ros) by extension 'ignore_ament_install'
[0.832s] Level 1:colcon.colcon_core.package_identification:_identify(src/grid_map/grid_map_ros) by extensions ['colcon_pkg']
[0.832s] Level 1:colcon.colcon_core.package_identification:_identify(src/grid_map/grid_map_ros) by extension 'colcon_pkg'
[0.833s] Level 1:colcon.colcon_core.package_identification:_identify(src/grid_map/grid_map_ros) by extensions ['colcon_meta']
[0.833s] Level 1:colcon.colcon_core.package_identification:_identify(src/grid_map/grid_map_ros) by extension 'colcon_meta'
[0.833s] Level 1:colcon.colcon_core.package_identification:_identify(src/grid_map/grid_map_ros) by extensions ['ros']
[0.833s] Level 1:colcon.colcon_core.package_identification:_identify(src/grid_map/grid_map_ros) by extension 'ros'
[0.836s] DEBUG:colcon.colcon_core.package_identification:Package 'src/grid_map/grid_map_ros' with type 'ros.ament_cmake' and name 'grid_map_ros'
[0.837s] Level 1:colcon.colcon_core.package_identification:_identify(src/grid_map/grid_map_rviz_plugin) by extensions ['ignore', 'ignore_ament_install']
[0.837s] Level 1:colcon.colcon_core.package_identification:_identify(src/grid_map/grid_map_rviz_plugin) by extension 'ignore'
[0.837s] Level 1:colcon.colcon_core.package_identification:_identify(src/grid_map/grid_map_rviz_plugin) by extension 'ignore_ament_install'
[0.837s] Level 1:colcon.colcon_core.package_identification:_identify(src/grid_map/grid_map_rviz_plugin) by extensions ['colcon_pkg']
[0.837s] Level 1:colcon.colcon_core.package_identification:_identify(src/grid_map/grid_map_rviz_plugin) by extension 'colcon_pkg'
[0.837s] Level 1:colcon.colcon_core.package_identification:_identify(src/grid_map/grid_map_rviz_plugin) by extensions ['colcon_meta']
[0.837s] Level 1:colcon.colcon_core.package_identification:_identify(src/grid_map/grid_map_rviz_plugin) by extension 'colcon_meta'
[0.838s] Level 1:colcon.colcon_core.package_identification:_identify(src/grid_map/grid_map_rviz_plugin) by extensions ['ros']
[0.838s] Level 1:colcon.colcon_core.package_identification:_identify(src/grid_map/grid_map_rviz_plugin) by extension 'ros'
[0.840s] DEBUG:colcon.colcon_core.package_identification:Package 'src/grid_map/grid_map_rviz_plugin' with type 'ros.ament_cmake' and name 'grid_map_rviz_plugin'
[0.840s] Level 1:colcon.colcon_core.package_identification:_identify(src/grid_map/grid_map_sdf) by extensions ['ignore', 'ignore_ament_install']
[0.840s] Level 1:colcon.colcon_core.package_identification:_identify(src/grid_map/grid_map_sdf) by extension 'ignore'
[0.840s] Level 1:colcon.colcon_core.package_identification:_identify(src/grid_map/grid_map_sdf) by extension 'ignore_ament_install'
[0.840s] Level 1:colcon.colcon_core.package_identification:_identify(src/grid_map/grid_map_sdf) by extensions ['colcon_pkg']
[0.841s] Level 1:colcon.colcon_core.package_identification:_identify(src/grid_map/grid_map_sdf) by extension 'colcon_pkg'
[0.841s] Level 1:colcon.colcon_core.package_identification:_identify(src/grid_map/grid_map_sdf) by extensions ['colcon_meta']
[0.841s] Level 1:colcon.colcon_core.package_identification:_identify(src/grid_map/grid_map_sdf) by extension 'colcon_meta'
[0.841s] Level 1:colcon.colcon_core.package_identification:_identify(src/grid_map/grid_map_sdf) by extensions ['ros']
[0.841s] Level 1:colcon.colcon_core.package_identification:_identify(src/grid_map/grid_map_sdf) by extension 'ros'
[0.842s] DEBUG:colcon.colcon_core.package_identification:Package 'src/grid_map/grid_map_sdf' with type 'ros.ament_cmake' and name 'grid_map_sdf'
[0.843s] Level 1:colcon.colcon_core.package_identification:_identify(src/grid_map/grid_map_visualization) by extensions ['ignore', 'ignore_ament_install']
[0.843s] Level 1:colcon.colcon_core.package_identification:_identify(src/grid_map/grid_map_visualization) by extension 'ignore'
[0.843s] Level 1:colcon.colcon_core.package_identification:_identify(src/grid_map/grid_map_visualization) by extension 'ignore_ament_install'
[0.843s] Level 1:colcon.colcon_core.package_identification:_identify(src/grid_map/grid_map_visualization) by extensions ['colcon_pkg']
[0.843s] Level 1:colcon.colcon_core.package_identification:_identify(src/grid_map/grid_map_visualization) by extension 'colcon_pkg'
[0.843s] Level 1:colcon.colcon_core.package_identification:_identify(src/grid_map/grid_map_visualization) by extensions ['colcon_meta']
[0.843s] Level 1:colcon.colcon_core.package_identification:_identify(src/grid_map/grid_map_visualization) by extension 'colcon_meta'
[0.844s] Level 1:colcon.colcon_core.package_identification:_identify(src/grid_map/grid_map_visualization) by extensions ['ros']
[0.844s] Level 1:colcon.colcon_core.package_identification:_identify(src/grid_map/grid_map_visualization) by extension 'ros'
[0.849s] DEBUG:colcon.colcon_core.package_identification:Package 'src/grid_map/grid_map_visualization' with type 'ros.ament_cmake' and name 'grid_map_visualization'
[0.849s] Level 1:colcon.colcon_core.package_identification:_identify(src/livox_ros2_driver) by extensions ['ignore', 'ignore_ament_install']
[0.850s] Level 1:colcon.colcon_core.package_identification:_identify(src/livox_ros2_driver) by extension 'ignore'
[0.850s] Level 1:colcon.colcon_core.package_identification:_identify(src/livox_ros2_driver) by extension 'ignore_ament_install'
[0.850s] Level 1:colcon.colcon_core.package_identification:_identify(src/livox_ros2_driver) by extensions ['colcon_pkg']
[0.850s] Level 1:colcon.colcon_core.package_identification:_identify(src/livox_ros2_driver) by extension 'colcon_pkg'
[0.850s] Level 1:colcon.colcon_core.package_identification:_identify(src/livox_ros2_driver) by extensions ['colcon_meta']
[0.850s] Level 1:colcon.colcon_core.package_identification:_identify(src/livox_ros2_driver) by extension 'colcon_meta'
[0.850s] Level 1:colcon.colcon_core.package_identification:_identify(src/livox_ros2_driver) by extensions ['ros']
[0.850s] Level 1:colcon.colcon_core.package_identification:_identify(src/livox_ros2_driver) by extension 'ros'
[0.851s] Level 1:colcon.colcon_core.package_identification:_identify(src/livox_ros2_driver) by extensions ['cmake', 'python']
[0.851s] Level 1:colcon.colcon_core.package_identification:_identify(src/livox_ros2_driver) by extension 'cmake'
[0.851s] Level 1:colcon.colcon_core.package_identification:_identify(src/livox_ros2_driver) by extension 'python'
[0.851s] Level 1:colcon.colcon_core.package_identification:_identify(src/livox_ros2_driver) by extensions ['python_setup_py']
[0.851s] Level 1:colcon.colcon_core.package_identification:_identify(src/livox_ros2_driver) by extension 'python_setup_py'
[0.851s] Level 1:colcon.colcon_core.package_identification:_identify(src/livox_ros2_driver/images) by extensions ['ignore', 'ignore_ament_install']
[0.852s] Level 1:colcon.colcon_core.package_identification:_identify(src/livox_ros2_driver/images) by extension 'ignore'
[0.852s] Level 1:colcon.colcon_core.package_identification:_identify(src/livox_ros2_driver/images) by extension 'ignore_ament_install'
[0.852s] Level 1:colcon.colcon_core.package_identification:_identify(src/livox_ros2_driver/images) by extensions ['colcon_pkg']
[0.852s] Level 1:colcon.colcon_core.package_identification:_identify(src/livox_ros2_driver/images) by extension 'colcon_pkg'
[0.852s] Level 1:colcon.colcon_core.package_identification:_identify(src/livox_ros2_driver/images) by extensions ['colcon_meta']
[0.852s] Level 1:colcon.colcon_core.package_identification:_identify(src/livox_ros2_driver/images) by extension 'colcon_meta'
[0.852s] Level 1:colcon.colcon_core.package_identification:_identify(src/livox_ros2_driver/images) by extensions ['ros']
[0.852s] Level 1:colcon.colcon_core.package_identification:_identify(src/livox_ros2_driver/images) by extension 'ros'
[0.852s] Level 1:colcon.colcon_core.package_identification:_identify(src/livox_ros2_driver/images) by extensions ['cmake', 'python']
[0.853s] Level 1:colcon.colcon_core.package_identification:_identify(src/livox_ros2_driver/images) by extension 'cmake'
[0.853s] Level 1:colcon.colcon_core.package_identification:_identify(src/livox_ros2_driver/images) by extension 'python'
[0.853s] Level 1:colcon.colcon_core.package_identification:_identify(src/livox_ros2_driver/images) by extensions ['python_setup_py']
[0.853s] Level 1:colcon.colcon_core.package_identification:_identify(src/livox_ros2_driver/images) by extension 'python_setup_py'
[0.853s] Level 1:colcon.colcon_core.package_identification:_identify(src/livox_ros2_driver/livox_interfaces) by extensions ['ignore', 'ignore_ament_install']
[0.853s] Level 1:colcon.colcon_core.package_identification:_identify(src/livox_ros2_driver/livox_interfaces) by extension 'ignore'
[0.853s] Level 1:colcon.colcon_core.package_identification:_identify(src/livox_ros2_driver/livox_interfaces) by extension 'ignore_ament_install'
[0.853s] Level 1:colcon.colcon_core.package_identification:_identify(src/livox_ros2_driver/livox_interfaces) by extensions ['colcon_pkg']
[0.854s] Level 1:colcon.colcon_core.package_identification:_identify(src/livox_ros2_driver/livox_interfaces) by extension 'colcon_pkg'
[0.854s] Level 1:colcon.colcon_core.package_identification:_identify(src/livox_ros2_driver/livox_interfaces) by extensions ['colcon_meta']
[0.854s] Level 1:colcon.colcon_core.package_identification:_identify(src/livox_ros2_driver/livox_interfaces) by extension 'colcon_meta'
[0.854s] Level 1:colcon.colcon_core.package_identification:_identify(src/livox_ros2_driver/livox_interfaces) by extensions ['ros']
[0.854s] Level 1:colcon.colcon_core.package_identification:_identify(src/livox_ros2_driver/livox_interfaces) by extension 'ros'
[0.855s] DEBUG:colcon.colcon_core.package_identification:Package 'src/livox_ros2_driver/livox_interfaces' with type 'ros.ament_cmake' and name 'livox_interfaces'
[0.856s] Level 1:colcon.colcon_core.package_identification:_identify(src/livox_ros2_driver/livox_ros2_driver) by extensions ['ignore', 'ignore_ament_install']
[0.856s] Level 1:colcon.colcon_core.package_identification:_identify(src/livox_ros2_driver/livox_ros2_driver) by extension 'ignore'
[0.856s] Level 1:colcon.colcon_core.package_identification:_identify(src/livox_ros2_driver/livox_ros2_driver) by extension 'ignore_ament_install'
[0.856s] Level 1:colcon.colcon_core.package_identification:_identify(src/livox_ros2_driver/livox_ros2_driver) by extensions ['colcon_pkg']
[0.856s] Level 1:colcon.colcon_core.package_identification:_identify(src/livox_ros2_driver/livox_ros2_driver) by extension 'colcon_pkg'
[0.856s] Level 1:colcon.colcon_core.package_identification:_identify(src/livox_ros2_driver/livox_ros2_driver) by extensions ['colcon_meta']
[0.856s] Level 1:colcon.colcon_core.package_identification:_identify(src/livox_ros2_driver/livox_ros2_driver) by extension 'colcon_meta'
[0.857s] Level 1:colcon.colcon_core.package_identification:_identify(src/livox_ros2_driver/livox_ros2_driver) by extensions ['ros']
[0.857s] Level 1:colcon.colcon_core.package_identification:_identify(src/livox_ros2_driver/livox_ros2_driver) by extension 'ros'
[0.859s] DEBUG:colcon.colcon_core.package_identification:Package 'src/livox_ros2_driver/livox_ros2_driver' with type 'ros.ament_cmake' and name 'livox_ros2_driver'
[0.860s] Level 1:colcon.colcon_core.package_identification:_identify(src/livox_ros2_driver/livox_sdk_vendor) by extensions ['ignore', 'ignore_ament_install']
[0.860s] Level 1:colcon.colcon_core.package_identification:_identify(src/livox_ros2_driver/livox_sdk_vendor) by extension 'ignore'
[0.860s] Level 1:colcon.colcon_core.package_identification:_identify(src/livox_ros2_driver/livox_sdk_vendor) by extension 'ignore_ament_install'
[0.860s] Level 1:colcon.colcon_core.package_identification:_identify(src/livox_ros2_driver/livox_sdk_vendor) by extensions ['colcon_pkg']
[0.860s] Level 1:colcon.colcon_core.package_identification:_identify(src/livox_ros2_driver/livox_sdk_vendor) by extension 'colcon_pkg'
[0.860s] Level 1:colcon.colcon_core.package_identification:_identify(src/livox_ros2_driver/livox_sdk_vendor) by extensions ['colcon_meta']
[0.860s] Level 1:colcon.colcon_core.package_identification:_identify(src/livox_ros2_driver/livox_sdk_vendor) by extension 'colcon_meta'
[0.861s] Level 1:colcon.colcon_core.package_identification:_identify(src/livox_ros2_driver/livox_sdk_vendor) by extensions ['ros']
[0.861s] Level 1:colcon.colcon_core.package_identification:_identify(src/livox_ros2_driver/livox_sdk_vendor) by extension 'ros'
[0.862s] DEBUG:colcon.colcon_core.package_identification:Package 'src/livox_ros2_driver/livox_sdk_vendor' with type 'ros.ament_cmake' and name 'livox_sdk_vendor'
[0.862s] Level 1:colcon.colcon_core.package_identification:_identify(src/log) by extensions ['ignore', 'ignore_ament_install']
[0.862s] Level 1:colcon.colcon_core.package_identification:_identify(src/log) by extension 'ignore'
[0.862s] Level 1:colcon.colcon_core.package_identification:_identify(src/log) ignored
[0.862s] Level 1:colcon.colcon_core.package_identification:_identify(src/rasd_camera) by extensions ['ignore', 'ignore_ament_install']
[0.863s] Level 1:colcon.colcon_core.package_identification:_identify(src/rasd_camera) by extension 'ignore'
[0.863s] Level 1:colcon.colcon_core.package_identification:_identify(src/rasd_camera) by extension 'ignore_ament_install'
[0.863s] Level 1:colcon.colcon_core.package_identification:_identify(src/rasd_camera) by extensions ['colcon_pkg']
[0.863s] Level 1:colcon.colcon_core.package_identification:_identify(src/rasd_camera) by extension 'colcon_pkg'
[0.863s] Level 1:colcon.colcon_core.package_identification:_identify(src/rasd_camera) by extensions ['colcon_meta']
[0.863s] Level 1:colcon.colcon_core.package_identification:_identify(src/rasd_camera) by extension 'colcon_meta'
[0.863s] Level 1:colcon.colcon_core.package_identification:_identify(src/rasd_camera) by extensions ['ros']
[0.863s] Level 1:colcon.colcon_core.package_identification:_identify(src/rasd_camera) by extension 'ros'
[0.864s] DEBUG:colcon.colcon_core.package_identification:Package 'src/rasd_camera' with type 'ros.ament_python' and name 'rasd_camera'
[0.865s] Level 1:colcon.colcon_core.package_identification:_identify(src/rasd_elev_profile) by extensions ['ignore', 'ignore_ament_install']
[0.865s] Level 1:colcon.colcon_core.package_identification:_identify(src/rasd_elev_profile) by extension 'ignore'
[0.865s] Level 1:colcon.colcon_core.package_identification:_identify(src/rasd_elev_profile) by extension 'ignore_ament_install'
[0.865s] Level 1:colcon.colcon_core.package_identification:_identify(src/rasd_elev_profile) by extensions ['colcon_pkg']
[0.865s] Level 1:colcon.colcon_core.package_identification:_identify(src/rasd_elev_profile) by extension 'colcon_pkg'
[0.865s] Level 1:colcon.colcon_core.package_identification:_identify(src/rasd_elev_profile) by extensions ['colcon_meta']
[0.865s] Level 1:colcon.colcon_core.package_identification:_identify(src/rasd_elev_profile) by extension 'colcon_meta'
[0.865s] Level 1:colcon.colcon_core.package_identification:_identify(src/rasd_elev_profile) by extensions ['ros']
[0.865s] Level 1:colcon.colcon_core.package_identification:_identify(src/rasd_elev_profile) by extension 'ros'
[0.867s] DEBUG:colcon.colcon_core.package_identification:Package 'src/rasd_elev_profile' with type 'ros.ament_cmake' and name 'rasd_elev_profile'
[0.867s] Level 1:colcon.colcon_core.package_identification:_identify(src/rasd_fusion) by extensions ['ignore', 'ignore_ament_install']
[0.867s] Level 1:colcon.colcon_core.package_identification:_identify(src/rasd_fusion) by extension 'ignore'
[0.868s] Level 1:colcon.colcon_core.package_identification:_identify(src/rasd_fusion) by extension 'ignore_ament_install'
[0.868s] Level 1:colcon.colcon_core.package_identification:_identify(src/rasd_fusion) by extensions ['colcon_pkg']
[0.868s] Level 1:colcon.colcon_core.package_identification:_identify(src/rasd_fusion) by extension 'colcon_pkg'
[0.868s] Level 1:colcon.colcon_core.package_identification:_identify(src/rasd_fusion) by extensions ['colcon_meta']
[0.868s] Level 1:colcon.colcon_core.package_identification:_identify(src/rasd_fusion) by extension 'colcon_meta'
[0.868s] Level 1:colcon.colcon_core.package_identification:_identify(src/rasd_fusion) by extensions ['ros']
[0.868s] Level 1:colcon.colcon_core.package_identification:_identify(src/rasd_fusion) by extension 'ros'
[0.920s] DEBUG:colcon.colcon_core.package_identification:Package 'src/rasd_fusion' with type 'ros.ament_python' and name 'rasd_fusion'
[0.921s] Level 1:colcon.colcon_core.package_identification:_identify(src/rasd_gps) by extensions ['ignore', 'ignore_ament_install']
[0.921s] Level 1:colcon.colcon_core.package_identification:_identify(src/rasd_gps) by extension 'ignore'
[0.921s] Level 1:colcon.colcon_core.package_identification:_identify(src/rasd_gps) by extension 'ignore_ament_install'
[0.921s] Level 1:colcon.colcon_core.package_identification:_identify(src/rasd_gps) by extensions ['colcon_pkg']
[0.921s] Level 1:colcon.colcon_core.package_identification:_identify(src/rasd_gps) by extension 'colcon_pkg'
[0.922s] Level 1:colcon.colcon_core.package_identification:_identify(src/rasd_gps) by extensions ['colcon_meta']
[0.922s] Level 1:colcon.colcon_core.package_identification:_identify(src/rasd_gps) by extension 'colcon_meta'
[0.922s] Level 1:colcon.colcon_core.package_identification:_identify(src/rasd_gps) by extensions ['ros']
[0.922s] Level 1:colcon.colcon_core.package_identification:_identify(src/rasd_gps) by extension 'ros'
[0.924s] DEBUG:colcon.colcon_core.package_identification:Package 'src/rasd_gps' with type 'ros.ament_python' and name 'rasd_gps'
[0.924s] Level 1:colcon.colcon_core.package_identification:_identify(src/rasd_gridmap) by extensions ['ignore', 'ignore_ament_install']
[0.924s] Level 1:colcon.colcon_core.package_identification:_identify(src/rasd_gridmap) by extension 'ignore'
[0.924s] Level 1:colcon.colcon_core.package_identification:_identify(src/rasd_gridmap) by extension 'ignore_ament_install'
[0.925s] Level 1:colcon.colcon_core.package_identification:_identify(src/rasd_gridmap) by extensions ['colcon_pkg']
[0.925s] Level 1:colcon.colcon_core.package_identification:_identify(src/rasd_gridmap) by extension 'colcon_pkg'
[0.925s] Level 1:colcon.colcon_core.package_identification:_identify(src/rasd_gridmap) by extensions ['colcon_meta']
[0.925s] Level 1:colcon.colcon_core.package_identification:_identify(src/rasd_gridmap) by extension 'colcon_meta'
[0.925s] Level 1:colcon.colcon_core.package_identification:_identify(src/rasd_gridmap) by extensions ['ros']
[0.925s] Level 1:colcon.colcon_core.package_identification:_identify(src/rasd_gridmap) by extension 'ros'
[0.927s] DEBUG:colcon.colcon_core.package_identification:Package 'src/rasd_gridmap' with type 'ros.ament_cmake' and name 'rasd_gridmap'
[0.927s] Level 1:colcon.colcon_core.package_identification:_identify(src/rasd_led_serial) by extensions ['ignore', 'ignore_ament_install']
[0.927s] Level 1:colcon.colcon_core.package_identification:_identify(src/rasd_led_serial) by extension 'ignore'
[0.928s] Level 1:colcon.colcon_core.package_identification:_identify(src/rasd_led_serial) by extension 'ignore_ament_install'
[0.928s] Level 1:colcon.colcon_core.package_identification:_identify(src/rasd_led_serial) by extensions ['colcon_pkg']
[0.928s] Level 1:colcon.colcon_core.package_identification:_identify(src/rasd_led_serial) by extension 'colcon_pkg'
[0.928s] Level 1:colcon.colcon_core.package_identification:_identify(src/rasd_led_serial) by extensions ['colcon_meta']
[0.928s] Level 1:colcon.colcon_core.package_identification:_identify(src/rasd_led_serial) by extension 'colcon_meta'
[0.928s] Level 1:colcon.colcon_core.package_identification:_identify(src/rasd_led_serial) by extensions ['ros']
[0.928s] Level 1:colcon.colcon_core.package_identification:_identify(src/rasd_led_serial) by extension 'ros'
[0.930s] DEBUG:colcon.colcon_core.package_identification:Package 'src/rasd_led_serial' with type 'ros.ament_python' and name 'rasd_led_serial'
[0.930s] Level 1:colcon.colcon_core.package_identification:_identify(src/rasd_ransac_speedbump) by extensions ['ignore', 'ignore_ament_install']
[0.930s] Level 1:colcon.colcon_core.package_identification:_identify(src/rasd_ransac_speedbump) by extension 'ignore'
[0.930s] Level 1:colcon.colcon_core.package_identification:_identify(src/rasd_ransac_speedbump) by extension 'ignore_ament_install'
[0.931s] Level 1:colcon.colcon_core.package_identification:_identify(src/rasd_ransac_speedbump) by extensions ['colcon_pkg']
[0.931s] Level 1:colcon.colcon_core.package_identification:_identify(src/rasd_ransac_speedbump) by extension 'colcon_pkg'
[0.931s] Level 1:colcon.colcon_core.package_identification:_identify(src/rasd_ransac_speedbump) by extensions ['colcon_meta']
[0.931s] Level 1:colcon.colcon_core.package_identification:_identify(src/rasd_ransac_speedbump) by extension 'colcon_meta'
[0.931s] Level 1:colcon.colcon_core.package_identification:_identify(src/rasd_ransac_speedbump) by extensions ['ros']
[0.931s] Level 1:colcon.colcon_core.package_identification:_identify(src/rasd_ransac_speedbump) by extension 'ros'
[0.933s] DEBUG:colcon.colcon_core.package_identification:Package 'src/rasd_ransac_speedbump' with type 'ros.ament_cmake' and name 'rasd_ransac_speedbump'
[0.933s] Level 1:colcon.colcon_core.package_identification:_identify(src/rasd_roi_filter) by extensions ['ignore', 'ignore_ament_install']
[0.933s] Level 1:colcon.colcon_core.package_identification:_identify(src/rasd_roi_filter) by extension 'ignore'
[0.933s] Level 1:colcon.colcon_core.package_identification:_identify(src/rasd_roi_filter) by extension 'ignore_ament_install'
[0.934s] Level 1:colcon.colcon_core.package_identification:_identify(src/rasd_roi_filter) by extensions ['colcon_pkg']
[0.934s] Level 1:colcon.colcon_core.package_identification:_identify(src/rasd_roi_filter) by extension 'colcon_pkg'
[0.934s] Level 1:colcon.colcon_core.package_identification:_identify(src/rasd_roi_filter) by extensions ['colcon_meta']
[0.934s] Level 1:colcon.colcon_core.package_identification:_identify(src/rasd_roi_filter) by extension 'colcon_meta'
[0.934s] Level 1:colcon.colcon_core.package_identification:_identify(src/rasd_roi_filter) by extensions ['ros']
[0.934s] Level 1:colcon.colcon_core.package_identification:_identify(src/rasd_roi_filter) by extension 'ros'
[0.936s] DEBUG:colcon.colcon_core.package_identification:Package 'src/rasd_roi_filter' with type 'ros.ament_python' and name 'rasd_roi_filter'
[0.936s] Level 1:colcon.colcon_core.package_identification:_identify(src/rasd_tf) by extensions ['ignore', 'ignore_ament_install']
[0.936s] Level 1:colcon.colcon_core.package_identification:_identify(src/rasd_tf) by extension 'ignore'
[0.936s] Level 1:colcon.colcon_core.package_identification:_identify(src/rasd_tf) by extension 'ignore_ament_install'
[0.936s] Level 1:colcon.colcon_core.package_identification:_identify(src/rasd_tf) by extensions ['colcon_pkg']
[0.936s] Level 1:colcon.colcon_core.package_identification:_identify(src/rasd_tf) by extension 'colcon_pkg'
[0.937s] Level 1:colcon.colcon_core.package_identification:_identify(src/rasd_tf) by extensions ['colcon_meta']
[0.937s] Level 1:colcon.colcon_core.package_identification:_identify(src/rasd_tf) by extension 'colcon_meta'
[0.937s] Level 1:colcon.colcon_core.package_identification:_identify(src/rasd_tf) by extensions ['ros']
[0.937s] Level 1:colcon.colcon_core.package_identification:_identify(src/rasd_tf) by extension 'ros'
[0.938s] DEBUG:colcon.colcon_core.package_identification:Package 'src/rasd_tf' with type 'ros.ament_python' and name 'rasd_tf'
[0.938s] Level 1:colcon.colcon_core.package_discovery:discover_packages(recursive) using defaults
[0.939s] Level 1:colcon.colcon_core.package_discovery:discover_packages(ignore) discover
[0.939s] Level 1:colcon.colcon_core.package_discovery:discover_packages(ignore) using defaults
[0.939s] Level 1:colcon.colcon_core.package_discovery:discover_packages(path) discover
[0.939s] Level 1:colcon.colcon_core.package_discovery:discover_packages(path) using defaults
[1.009s] INFO:colcon.colcon_core.package_selection:Skipping not selected package 'grid_map_cmake_helpers' in 'src/grid_map/grid_map_cmake_helpers'
[1.010s] INFO:colcon.colcon_core.package_selection:Skipping not selected package 'livox_interfaces' in 'src/livox_ros2_driver/livox_interfaces'
[1.010s] INFO:colcon.colcon_core.package_selection:Skipping not selected package 'livox_sdk' in 'src/Livox-SDK'
[1.010s] INFO:colcon.colcon_core.package_selection:Skipping not selected package 'livox_sdk_vendor' in 'src/livox_ros2_driver/livox_sdk_vendor'
[1.010s] INFO:colcon.colcon_core.package_selection:Skipping not selected package 'rasd_camera' in 'src/rasd_camera'
[1.010s] INFO:colcon.colcon_core.package_selection:Skipping not selected package 'rasd_elev_profile' in 'src/rasd_elev_profile'
[1.010s] INFO:colcon.colcon_core.package_selection:Skipping not selected package 'rasd_fusion' in 'src/rasd_fusion'
[1.010s] INFO:colcon.colcon_core.package_selection:Skipping not selected package 'rasd_gps' in 'src/rasd_gps'
[1.010s] INFO:colcon.colcon_core.package_selection:Skipping not selected package 'rasd_ransac_speedbump' in 'src/rasd_ransac_speedbump'
[1.010s] INFO:colcon.colcon_core.package_selection:Skipping not selected package 'rasd_roi_filter' in 'src/rasd_roi_filter'
[1.010s] INFO:colcon.colcon_core.package_selection:Skipping not selected package 'rasd_tf' in 'src/rasd_tf'
[1.010s] INFO:colcon.colcon_core.package_selection:Skipping not selected package 'grid_map_core' in 'src/grid_map/grid_map_core'
[1.010s] INFO:colcon.colcon_core.package_selection:Skipping not selected package 'grid_map_msgs' in 'src/grid_map/grid_map_msgs'
[1.011s] INFO:colcon.colcon_core.package_selection:Skipping not selected package 'livox_ros2_driver' in 'src/livox_ros2_driver/livox_ros2_driver'
[1.011s] INFO:colcon.colcon_core.package_selection:Skipping not selected package 'grid_map_costmap_2d' in 'src/grid_map/grid_map_costmap_2d'
[1.011s] INFO:colcon.colcon_core.package_selection:Skipping not selected package 'grid_map_cv' in 'src/grid_map/grid_map_cv'
[1.011s] INFO:colcon.colcon_core.package_selection:Skipping not selected package 'grid_map_octomap' in 'src/grid_map/grid_map_octomap'
[1.011s] INFO:colcon.colcon_core.package_selection:Skipping not selected package 'grid_map_sdf' in 'src/grid_map/grid_map_sdf'
[1.011s] INFO:colcon.colcon_core.package_selection:Skipping not selected package 'grid_map_ros' in 'src/grid_map/grid_map_ros'
[1.011s] INFO:colcon.colcon_core.package_selection:Skipping not selected package 'grid_map_filters' in 'src/grid_map/grid_map_filters'
[1.011s] INFO:colcon.colcon_core.package_selection:Skipping not selected package 'grid_map_loader' in 'src/grid_map/grid_map_loader'
[1.011s] INFO:colcon.colcon_core.package_selection:Skipping not selected package 'grid_map_pcl' in 'src/grid_map/grid_map_pcl'
[1.011s] INFO:colcon.colcon_core.package_selection:Skipping not selected package 'grid_map_rviz_plugin' in 'src/grid_map/grid_map_rviz_plugin'
[1.011s] INFO:colcon.colcon_core.package_selection:Skipping not selected package 'grid_map_visualization' in 'src/grid_map/grid_map_visualization'
[1.011s] INFO:colcon.colcon_core.package_selection:Skipping not selected package 'rasd_gridmap' in 'src/rasd_gridmap'
[1.011s] INFO:colcon.colcon_core.package_selection:Skipping not selected package 'grid_map_demos' in 'src/grid_map/grid_map_demos'
[1.011s] INFO:colcon.colcon_core.package_selection:Skipping not selected package 'grid_map' in 'src/grid_map/grid_map'
[1.013s] Level 1:colcon.colcon_core.package_discovery:discover_packages(prefix_path) check parameters
[1.013s] Level 1:colcon.colcon_core.package_discovery:discover_packages(prefix_path) discover
[1.020s] DEBUG:colcon.colcon_installed_package_information.package_discovery:Found 13 installed packages in /home/rasd/ros2_ws/install
[1.021s] DEBUG:colcon.colcon_installed_package_information.package_discovery:Found 4 installed packages in /home/rasd/install
[1.025s] DEBUG:colcon.colcon_installed_package_information.package_discovery:Found 295 installed packages in /opt/ros/humble
[1.030s] Level 1:colcon.colcon_core.package_discovery:discover_packages(prefix_path) using defaults
[1.127s] Level 5:colcon.colcon_core.verb:set package 'rasd_led_serial' build argument 'cmake_args' from command line to 'None'
[1.127s] Level 5:colcon.colcon_core.verb:set package 'rasd_led_serial' build argument 'cmake_target' from command line to 'None'
[1.128s] Level 5:colcon.colcon_core.verb:set package 'rasd_led_serial' build argument 'cmake_target_skip_unavailable' from command line to 'False'
[1.128s] Level 5:colcon.colcon_core.verb:set package 'rasd_led_serial' build argument 'cmake_clean_cache' from command line to 'False'
[1.128s] Level 5:colcon.colcon_core.verb:set package 'rasd_led_serial' build argument 'cmake_clean_first' from command line to 'False'
[1.128s] Level 5:colcon.colcon_core.verb:set package 'rasd_led_serial' build argument 'cmake_force_configure' from command line to 'False'
[1.128s] Level 5:colcon.colcon_core.verb:set package 'rasd_led_serial' build argument 'ament_cmake_args' from command line to 'None'
[1.128s] Level 5:colcon.colcon_core.verb:set package 'rasd_led_serial' build argument 'catkin_cmake_args' from command line to 'None'
[1.128s] Level 5:colcon.colcon_core.verb:set package 'rasd_led_serial' build argument 'catkin_skip_building_tests' from command line to 'False'
[1.128s] DEBUG:colcon.colcon_core.verb:Building package 'rasd_led_serial' with the following arguments: {'ament_cmake_args': None, 'build_base': '/home/rasd/ros2_ws/build/rasd_led_serial', 'catkin_cmake_args': None, 'catkin_skip_building_tests': False, 'cmake_args': None, 'cmake_clean_cache': False, 'cmake_clean_first': False, 'cmake_force_configure': False, 'cmake_target': None, 'cmake_target_skip_unavailable': False, 'install_base': '/home/rasd/ros2_ws/install/rasd_led_serial', 'merge_install': False, 'path': '/home/rasd/ros2_ws/src/rasd_led_serial', 'symlink_install': False, 'test_result_base': None}
[1.129s] INFO:colcon.colcon_core.executor:Executing jobs using 'parallel' executor
[1.132s] DEBUG:colcon.colcon_parallel_executor.executor.parallel:run_until_complete
[1.133s] INFO:colcon.colcon_ros.task.ament_python.build:Building ROS package in '/home/rasd/ros2_ws/src/rasd_led_serial' with build type 'ament_python'
[1.134s] Level 1:colcon.colcon_core.shell:create_environment_hook('rasd_led_serial', 'ament_prefix_path')
[1.141s] INFO:colcon.colcon_core.plugin_system:Skipping extension 'colcon_core.shell.bat': Not used on non-Windows systems
[1.142s] INFO:colcon.colcon_core.shell:Creating environment hook '/home/rasd/ros2_ws/install/rasd_led_serial/share/rasd_led_serial/hook/ament_prefix_path.ps1'
[1.144s] INFO:colcon.colcon_core.shell:Creating environment descriptor '/home/rasd/ros2_ws/install/rasd_led_serial/share/rasd_led_serial/hook/ament_prefix_path.dsv'
[1.145s] INFO:colcon.colcon_core.shell:Creating environment hook '/home/rasd/ros2_ws/install/rasd_led_serial/share/rasd_led_serial/hook/ament_prefix_path.sh'
[1.147s] INFO:colcon.colcon_core.shell:Skip shell extension 'powershell' for command environment: Not usable outside of PowerShell
[1.147s] DEBUG:colcon.colcon_core.shell:Skip shell extension 'dsv' for command environment
[1.893s] INFO:colcon.colcon_core.task.python.build:Building Python package in '/home/rasd/ros2_ws/src/rasd_led_serial'
[1.894s] INFO:colcon.colcon_core.shell:Skip shell extension 'powershell' for command environment: Not usable outside of PowerShell
[1.894s] DEBUG:colcon.colcon_core.shell:Skip shell extension 'dsv' for command environment
[2.906s] DEBUG:colcon.colcon_core.event_handler.log_command:Invoking command in '/home/rasd/ros2_ws/src/rasd_led_serial': PYTHONPATH=/home/rasd/ros2_ws/build/rasd_led_serial/prefix_override:/usr/lib/python3/dist-packages/colcon_core/task/python/colcon_distutils_commands:/home/rasd/ros2_ws/install/rasd_led_serial/lib/python3.10/site-packages:${PYTHONPATH} /usr/bin/python3 -W ignore:setup.py install is deprecated -W ignore:easy_install command is deprecated setup.py egg_info --egg-base ../../build/rasd_led_serial build --build-base /home/rasd/ros2_ws/build/rasd_led_serial/build install --record /home/rasd/ros2_ws/build/rasd_led_serial/install.log --single-version-externally-managed install_data
[3.753s] DEBUG:colcon.colcon_core.event_handler.log_command:Invoked command in '/home/rasd/ros2_ws/src/rasd_led_serial' returned '0': PYTHONPATH=/home/rasd/ros2_ws/build/rasd_led_serial/prefix_override:/usr/lib/python3/dist-packages/colcon_core/task/python/colcon_distutils_commands:/home/rasd/ros2_ws/install/rasd_led_serial/lib/python3.10/site-packages:${PYTHONPATH} /usr/bin/python3 -W ignore:setup.py install is deprecated -W ignore:easy_install command is deprecated setup.py egg_info --egg-base ../../build/rasd_led_serial build --build-base /home/rasd/ros2_ws/build/rasd_led_serial/build install --record /home/rasd/ros2_ws/build/rasd_led_serial/install.log --single-version-externally-managed install_data
[3.759s] Level 1:colcon.colcon_core.environment:checking '/home/rasd/ros2_ws/install/rasd_led_serial' for CMake module files
[3.761s] Level 1:colcon.colcon_core.environment:checking '/home/rasd/ros2_ws/install/rasd_led_serial' for CMake config files
[3.763s] Level 1:colcon.colcon_core.environment:checking '/home/rasd/ros2_ws/install/rasd_led_serial/lib'
[3.763s] Level 1:colcon.colcon_core.environment:checking '/home/rasd/ros2_ws/install/rasd_led_serial/bin'
[3.763s] Level 1:colcon.colcon_core.environment:checking '/home/rasd/ros2_ws/install/rasd_led_serial/lib/pkgconfig/rasd_led_serial.pc'
[3.764s] Level 1:colcon.colcon_core.environment:checking '/home/rasd/ros2_ws/install/rasd_led_serial/lib/python3.10/site-packages'
[3.764s] Level 1:colcon.colcon_core.shell:create_environment_hook('rasd_led_serial', 'pythonpath')
[3.765s] INFO:colcon.colcon_core.shell:Creating environment hook '/home/rasd/ros2_ws/install/rasd_led_serial/share/rasd_led_serial/hook/pythonpath.ps1'
[3.767s] INFO:colcon.colcon_core.shell:Creating environment descriptor '/home/rasd/ros2_ws/install/rasd_led_serial/share/rasd_led_serial/hook/pythonpath.dsv'
[3.768s] INFO:colcon.colcon_core.shell:Creating environment hook '/home/rasd/ros2_ws/install/rasd_led_serial/share/rasd_led_serial/hook/pythonpath.sh'
[3.770s] Level 1:colcon.colcon_core.environment:checking '/home/rasd/ros2_ws/install/rasd_led_serial/bin'
[3.770s] Level 1:colcon.colcon_core.environment:create_environment_scripts_only(rasd_led_serial)
[3.771s] INFO:colcon.colcon_core.shell:Creating package script '/home/rasd/ros2_ws/install/rasd_led_serial/share/rasd_led_serial/package.ps1'
[3.773s] INFO:colcon.colcon_core.shell:Creating package descriptor '/home/rasd/ros2_ws/install/rasd_led_serial/share/rasd_led_serial/package.dsv'
[3.774s] INFO:colcon.colcon_core.shell:Creating package script '/home/rasd/ros2_ws/install/rasd_led_serial/share/rasd_led_serial/package.sh'
[3.776s] INFO:colcon.colcon_core.shell:Creating package script '/home/rasd/ros2_ws/install/rasd_led_serial/share/rasd_led_serial/package.bash'
[3.778s] INFO:colcon.colcon_core.shell:Creating package script '/home/rasd/ros2_ws/install/rasd_led_serial/share/rasd_led_serial/package.zsh'
[3.779s] Level 1:colcon.colcon_core.environment:create_file_with_runtime_dependencies(/home/rasd/ros2_ws/install/rasd_led_serial/share/colcon-core/packages/rasd_led_serial)
[3.780s] DEBUG:colcon.colcon_parallel_executor.executor.parallel:closing loop
[3.781s] DEBUG:colcon.colcon_parallel_executor.executor.parallel:loop closed
[3.781s] DEBUG:colcon.colcon_parallel_executor.executor.parallel:run_until_complete finished with '0'
[3.782s] DEBUG:colcon.colcon_core.event_reactor:joining thread
[3.797s] INFO:colcon.colcon_core.plugin_system:Skipping extension 'colcon_notification.desktop_notification.terminal_notifier': Not used on non-Darwin systems
[3.797s] INFO:colcon.colcon_core.plugin_system:Skipping extension 'colcon_notification.desktop_notification.win32': Not used on non-Windows systems
[3.798s] INFO:colcon.colcon_notification.desktop_notification:Sending desktop notification using 'notify2'
[3.828s] DEBUG:colcon.colcon_core.event_reactor:joined thread
[3.829s] INFO:colcon.colcon_core.shell:Creating prefix script '/home/rasd/ros2_ws/install/local_setup.ps1'
[3.832s] INFO:colcon.colcon_core.shell:Creating prefix util module '/home/rasd/ros2_ws/install/_local_setup_util_ps1.py'
[3.837s] INFO:colcon.colcon_core.shell:Creating prefix chain script '/home/rasd/ros2_ws/install/setup.ps1'
[3.843s] INFO:colcon.colcon_core.shell:Creating prefix script '/home/rasd/ros2_ws/install/local_setup.sh'
[3.845s] INFO:colcon.colcon_core.shell:Creating prefix util module '/home/rasd/ros2_ws/install/_local_setup_util_sh.py'
[3.847s] INFO:colcon.colcon_core.shell:Creating prefix chain script '/home/rasd/ros2_ws/install/setup.sh'
[3.852s] INFO:colcon.colcon_core.shell:Creating prefix script '/home/rasd/ros2_ws/install/local_setup.bash'
[3.853s] INFO:colcon.colcon_core.shell:Creating prefix chain script '/home/rasd/ros2_ws/install/setup.bash'
[3.858s] INFO:colcon.colcon_core.shell:Creating prefix script '/home/rasd/ros2_ws/install/local_setup.zsh'
[3.859s] INFO:colcon.colcon_core.shell:Creating prefix chain script '/home/rasd/ros2_ws/install/setup.zsh'
