[1.622s] Invoking command in '/home/rasd/ros2_ws/src/rasd_fusion': PYTHONPATH=/home/rasd/ros2_ws/build/rasd_fusion/prefix_override:/usr/lib/python3/dist-packages/colcon_core/task/python/colcon_distutils_commands:/home/rasd/ros2_ws/install/rasd_fusion/lib/python3.10/site-packages:${PYTHONPATH} /usr/bin/python3 -W ignore:setup.py install is deprecated -W ignore:easy_install command is deprecated setup.py egg_info --egg-base ../../build/rasd_fusion build --build-base /home/rasd/ros2_ws/build/rasd_fusion/build install --record /home/rasd/ros2_ws/build/rasd_fusion/install.log --single-version-externally-managed install_data
[2.235s] running egg_info
[2.236s] writing ../../build/rasd_fusion/rasd_fusion.egg-info/PKG-INFO
[2.237s] writing dependency_links to ../../build/rasd_fusion/rasd_fusion.egg-info/dependency_links.txt
[2.237s] writing entry points to ../../build/rasd_fusion/rasd_fusion.egg-info/entry_points.txt
[2.237s] writing requirements to ../../build/rasd_fusion/rasd_fusion.egg-info/requires.txt
[2.238s] writing top-level names to ../../build/rasd_fusion/rasd_fusion.egg-info/top_level.txt
[2.242s] reading manifest file '../../build/rasd_fusion/rasd_fusion.egg-info/SOURCES.txt'
[2.245s] writing manifest file '../../build/rasd_fusion/rasd_fusion.egg-info/SOURCES.txt'
[2.246s] running build
[2.246s] running build_py
[2.246s] copying rasd_fusion/fusion_node.py -> /home/rasd/ros2_ws/build/rasd_fusion/build/lib/rasd_fusion
[2.247s] running install
[2.248s] running install_lib
[2.249s] copying /home/rasd/ros2_ws/build/rasd_fusion/build/lib/rasd_fusion/fusion_node.py -> /home/rasd/ros2_ws/install/rasd_fusion/lib/python3.10/site-packages/rasd_fusion
[2.254s] byte-compiling /home/rasd/ros2_ws/install/rasd_fusion/lib/python3.10/site-packages/rasd_fusion/fusion_node.py to fusion_node.cpython-310.pyc
[2.257s] running install_data
[2.257s] running install_egg_info
[2.262s] removing '/home/rasd/ros2_ws/install/rasd_fusion/lib/python3.10/site-packages/rasd_fusion-0.0.0-py3.10.egg-info' (and everything under it)
[2.262s] Copying ../../build/rasd_fusion/rasd_fusion.egg-info to /home/rasd/ros2_ws/install/rasd_fusion/lib/python3.10/site-packages/rasd_fusion-0.0.0-py3.10.egg-info
[2.265s] running install_scripts
[2.316s] Installing fusion_node script to /home/rasd/ros2_ws/install/rasd_fusion/lib/rasd_fusion
[2.317s] writing list of installed files to '/home/rasd/ros2_ws/build/rasd_fusion/install.log'
[2.392s] Invoked command in '/home/rasd/ros2_ws/src/rasd_fusion' returned '0': PYTHONPATH=/home/rasd/ros2_ws/build/rasd_fusion/prefix_override:/usr/lib/python3/dist-packages/colcon_core/task/python/colcon_distutils_commands:/home/rasd/ros2_ws/install/rasd_fusion/lib/python3.10/site-packages:${PYTHONPATH} /usr/bin/python3 -W ignore:setup.py install is deprecated -W ignore:easy_install command is deprecated setup.py egg_info --egg-base ../../build/rasd_fusion build --build-base /home/rasd/ros2_ws/build/rasd_fusion/build install --record /home/rasd/ros2_ws/build/rasd_fusion/install.log --single-version-externally-managed install_data
